{"/Users/salah/projects/task-manager/src/i18n.ts": {"path":"/Users/salah/projects/task-manager/src/i18n.ts","statementMap":{"0":{"start":{"line":4,"column":18},"end":{"line":133,"column":null}},"1":{"start":{"line":135,"column":0},"end":{"line":144,"column":null}}},"fnMap":{},"branchMap":{},"s":{"0":7,"1":7},"f":{},"b":{},"meta":{"lastBranch":0,"lastFunction":0,"lastStatement":2,"seen":{"s:4:18:133:Infinity":0,"s:135:0:144:Infinity":1}}}
,"/Users/salah/projects/task-manager/src/components/Board.tsx": {"path":"/Users/salah/projects/task-manager/src/components/Board.tsx","statementMap":{"0":{"start":{"line":27,"column":50},"end":{"line":48,"column":null}},"1":{"start":{"line":35,"column":2},"end":{"line":35,"column":null}},"2":{"start":{"line":37,"column":16},"end":{"line":41,"column":null}},"3":{"start":{"line":43,"column":2},"end":{"line":46,"column":null}},"4":{"start":{"line":50,"column":31},"end":{"line":298,"column":null}},"5":{"start":{"line":51,"column":12},"end":{"line":51,"column":null}},"6":{"start":{"line":52,"column":75},"end":{"line":52,"column":null}},"7":{"start":{"line":53,"column":23},"end":{"line":53,"column":null}},"8":{"start":{"line":53,"column":42},"end":{"line":53,"column":65}},"9":{"start":{"line":55,"column":2},"end":{"line":61,"column":null}},"10":{"start":{"line":56,"column":4},"end":{"line":59,"column":null}},"11":{"start":{"line":63,"column":38},"end":{"line":63,"column":null}},"12":{"start":{"line":64,"column":38},"end":{"line":64,"column":null}},"13":{"start":{"line":65,"column":30},"end":{"line":65,"column":null}},"14":{"start":{"line":66,"column":38},"end":{"line":66,"column":null}},"15":{"start":{"line":67,"column":52},"end":{"line":67,"column":null}},"16":{"start":{"line":68,"column":34},"end":{"line":68,"column":null}},"17":{"start":{"line":70,"column":8},"end":{"line":76,"column":null}},"18":{"start":{"line":78,"column":31},"end":{"line":83,"column":null}},"19":{"start":{"line":79,"column":4},"end":{"line":81,"column":null}},"20":{"start":{"line":80,"column":6},"end":{"line":80,"column":null}},"21":{"start":{"line":82,"column":4},"end":{"line":82,"column":null}},"22":{"start":{"line":85,"column":24},"end":{"line":92,"column":null}},"23":{"start":{"line":86,"column":4},"end":{"line":91,"column":null}},"24":{"start":{"line":87,"column":6},"end":{"line":87,"column":null}},"25":{"start":{"line":88,"column":4},"end":{"line":91,"column":null}},"26":{"start":{"line":89,"column":6},"end":{"line":89,"column":null}},"27":{"start":{"line":90,"column":6},"end":{"line":90,"column":null}},"28":{"start":{"line":94,"column":24},"end":{"line":100,"column":null}},"29":{"start":{"line":95,"column":4},"end":{"line":99,"column":null}},"30":{"start":{"line":96,"column":6},"end":{"line":96,"column":null}},"31":{"start":{"line":97,"column":6},"end":{"line":97,"column":null}},"32":{"start":{"line":98,"column":6},"end":{"line":98,"column":null}},"33":{"start":{"line":102,"column":26},"end":{"line":108,"column":null}},"34":{"start":{"line":103,"column":4},"end":{"line":103,"column":null}},"35":{"start":{"line":104,"column":19},"end":{"line":104,"column":null}},"36":{"start":{"line":104,"column":51},"end":{"line":104,"column":78}},"37":{"start":{"line":105,"column":4},"end":{"line":107,"column":null}},"38":{"start":{"line":106,"column":6},"end":{"line":106,"column":null}},"39":{"start":{"line":110,"column":25},"end":{"line":144,"column":null}},"40":{"start":{"line":111,"column":29},"end":{"line":111,"column":null}},"41":{"start":{"line":113,"column":4},"end":{"line":113,"column":null}},"42":{"start":{"line":113,"column":15},"end":{"line":113,"column":null}},"43":{"start":{"line":115,"column":21},"end":{"line":115,"column":null}},"44":{"start":{"line":116,"column":19},"end":{"line":116,"column":null}},"45":{"start":{"line":119,"column":21},"end":{"line":121,"column":null}},"46":{"start":{"line":120,"column":6},"end":{"line":120,"column":null}},"47":{"start":{"line":120,"column":32},"end":{"line":120,"column":52}},"48":{"start":{"line":123,"column":19},"end":{"line":125,"column":null}},"49":{"start":{"line":124,"column":6},"end":{"line":124,"column":null}},"50":{"start":{"line":124,"column":32},"end":{"line":124,"column":50}},"51":{"start":{"line":128,"column":4},"end":{"line":130,"column":null}},"52":{"start":{"line":129,"column":6},"end":{"line":129,"column":null}},"53":{"start":{"line":129,"column":51},"end":{"line":129,"column":69}},"54":{"start":{"line":132,"column":4},"end":{"line":132,"column":null}},"55":{"start":{"line":132,"column":34},"end":{"line":132,"column":null}},"56":{"start":{"line":135,"column":4},"end":{"line":143,"column":null}},"57":{"start":{"line":136,"column":25},"end":{"line":136,"column":null}},"58":{"start":{"line":136,"column":57},"end":{"line":136,"column":77}},"59":{"start":{"line":137,"column":6},"end":{"line":137,"column":null}},"60":{"start":{"line":137,"column":23},"end":{"line":137,"column":null}},"61":{"start":{"line":139,"column":28},"end":{"line":139,"column":null}},"62":{"start":{"line":139,"column":63},"end":{"line":139,"column":81}},"63":{"start":{"line":140,"column":23},"end":{"line":140,"column":null}},"64":{"start":{"line":142,"column":6},"end":{"line":142,"column":null}},"65":{"start":{"line":146,"column":24},"end":{"line":189,"column":null}},"66":{"start":{"line":147,"column":29},"end":{"line":147,"column":null}},"67":{"start":{"line":148,"column":4},"end":{"line":148,"column":null}},"68":{"start":{"line":149,"column":4},"end":{"line":149,"column":null}},"69":{"start":{"line":151,"column":4},"end":{"line":151,"column":null}},"70":{"start":{"line":151,"column":15},"end":{"line":151,"column":null}},"71":{"start":{"line":153,"column":21},"end":{"line":153,"column":null}},"72":{"start":{"line":154,"column":19},"end":{"line":154,"column":null}},"73":{"start":{"line":156,"column":4},"end":{"line":156,"column":null}},"74":{"start":{"line":156,"column":29},"end":{"line":156,"column":null}},"75":{"start":{"line":159,"column":23},"end":{"line":159,"column":null}},"76":{"start":{"line":159,"column":55},"end":{"line":159,"column":75}},"77":{"start":{"line":160,"column":4},"end":{"line":170,"column":null}},"78":{"start":{"line":161,"column":23},"end":{"line":161,"column":null}},"79":{"start":{"line":161,"column":55},"end":{"line":161,"column":73}},"80":{"start":{"line":162,"column":6},"end":{"line":168,"column":null}},"81":{"start":{"line":163,"column":26},"end":{"line":163,"column":null}},"82":{"start":{"line":164,"column":24},"end":{"line":164,"column":null}},"83":{"start":{"line":165,"column":8},"end":{"line":167,"column":null}},"84":{"start":{"line":166,"column":10},"end":{"line":166,"column":null}},"85":{"start":{"line":169,"column":6},"end":{"line":169,"column":null}},"86":{"start":{"line":173,"column":30},"end":{"line":175,"column":null}},"87":{"start":{"line":174,"column":6},"end":{"line":174,"column":null}},"88":{"start":{"line":174,"column":32},"end":{"line":174,"column":52}},"89":{"start":{"line":177,"column":28},"end":{"line":179,"column":null}},"90":{"start":{"line":178,"column":6},"end":{"line":178,"column":null}},"91":{"start":{"line":178,"column":32},"end":{"line":178,"column":50}},"92":{"start":{"line":181,"column":4},"end":{"line":188,"column":null}},"93":{"start":{"line":182,"column":23},"end":{"line":182,"column":null}},"94":{"start":{"line":182,"column":67},"end":{"line":182,"column":87}},"95":{"start":{"line":183,"column":23},"end":{"line":183,"column":null}},"96":{"start":{"line":183,"column":67},"end":{"line":183,"column":85}},"97":{"start":{"line":185,"column":6},"end":{"line":187,"column":null}},"98":{"start":{"line":186,"column":8},"end":{"line":186,"column":null}},"99":{"start":{"line":191,"column":21},"end":{"line":193,"column":null}},"100":{"start":{"line":192,"column":23},"end":{"line":192,"column":33}},"101":{"start":{"line":193,"column":20},"end":{"line":193,"column":40}},"102":{"start":{"line":195,"column":21},"end":{"line":195,"column":null}},"103":{"start":{"line":195,"column":55},"end":{"line":195,"column":79}},"104":{"start":{"line":198,"column":2},"end":{"line":296,"column":null}},"105":{"start":{"line":212,"column":31},"end":{"line":212,"column":null}},"106":{"start":{"line":221,"column":29},"end":{"line":221,"column":null}},"107":{"start":{"line":230,"column":52},"end":{"line":230,"column":59}},"108":{"start":{"line":234,"column":14},"end":{"line":236,"column":null}},"109":{"start":{"line":247,"column":35},"end":{"line":247,"column":null}},"110":{"start":{"line":248,"column":36},"end":{"line":248,"column":null}},"111":{"start":{"line":259,"column":22},"end":{"line":259,"column":null}},"112":{"start":{"line":260,"column":22},"end":{"line":260,"column":null}},"113":{"start":{"line":271,"column":31},"end":{"line":271,"column":null}}},"fnMap":{"0":{"name":"(anonymous_0)","decl":{"start":{"line":27,"column":50},"end":{"line":27,"column":51}},"loc":{"start":{"line":27,"column":73},"end":{"line":48,"column":null}},"line":27},"1":{"name":"(anonymous_1)","decl":{"start":{"line":50,"column":31},"end":{"line":50,"column":37}},"loc":{"start":{"line":50,"column":37},"end":{"line":298,"column":null}},"line":50},"2":{"name":"(anonymous_2)","decl":{"start":{"line":53,"column":35},"end":{"line":53,"column":36}},"loc":{"start":{"line":53,"column":42},"end":{"line":53,"column":65}},"line":53},"3":{"name":"(anonymous_3)","decl":{"start":{"line":78,"column":31},"end":{"line":78,"column":37}},"loc":{"start":{"line":78,"column":37},"end":{"line":83,"column":null}},"line":78},"4":{"name":"(anonymous_4)","decl":{"start":{"line":85,"column":24},"end":{"line":85,"column":25}},"loc":{"start":{"line":85,"column":52},"end":{"line":92,"column":null}},"line":85},"5":{"name":"(anonymous_5)","decl":{"start":{"line":94,"column":24},"end":{"line":94,"column":30}},"loc":{"start":{"line":94,"column":30},"end":{"line":100,"column":null}},"line":94},"6":{"name":"(anonymous_6)","decl":{"start":{"line":102,"column":26},"end":{"line":102,"column":27}},"loc":{"start":{"line":102,"column":53},"end":{"line":108,"column":null}},"line":102},"7":{"name":"(anonymous_7)","decl":{"start":{"line":104,"column":43},"end":{"line":104,"column":51}},"loc":{"start":{"line":104,"column":51},"end":{"line":104,"column":78}},"line":104},"8":{"name":"(anonymous_8)","decl":{"start":{"line":110,"column":25},"end":{"line":110,"column":26}},"loc":{"start":{"line":110,"column":51},"end":{"line":144,"column":null}},"line":110},"9":{"name":"(anonymous_9)","decl":{"start":{"line":119,"column":45},"end":{"line":119,"column":46}},"loc":{"start":{"line":120,"column":6},"end":{"line":120,"column":null}},"line":120},"10":{"name":"(anonymous_10)","decl":{"start":{"line":120,"column":22},"end":{"line":120,"column":23}},"loc":{"start":{"line":120,"column":32},"end":{"line":120,"column":52}},"line":120},"11":{"name":"(anonymous_11)","decl":{"start":{"line":123,"column":43},"end":{"line":123,"column":44}},"loc":{"start":{"line":124,"column":6},"end":{"line":124,"column":null}},"line":124},"12":{"name":"(anonymous_12)","decl":{"start":{"line":124,"column":22},"end":{"line":124,"column":23}},"loc":{"start":{"line":124,"column":32},"end":{"line":124,"column":50}},"line":124},"13":{"name":"(anonymous_13)","decl":{"start":{"line":129,"column":41},"end":{"line":129,"column":42}},"loc":{"start":{"line":129,"column":51},"end":{"line":129,"column":69}},"line":129},"14":{"name":"(anonymous_14)","decl":{"start":{"line":136,"column":47},"end":{"line":136,"column":48}},"loc":{"start":{"line":136,"column":57},"end":{"line":136,"column":77}},"line":136},"15":{"name":"(anonymous_15)","decl":{"start":{"line":139,"column":53},"end":{"line":139,"column":54}},"loc":{"start":{"line":139,"column":63},"end":{"line":139,"column":81}},"line":139},"16":{"name":"(anonymous_16)","decl":{"start":{"line":146,"column":24},"end":{"line":146,"column":25}},"loc":{"start":{"line":146,"column":49},"end":{"line":189,"column":null}},"line":146},"17":{"name":"(anonymous_17)","decl":{"start":{"line":159,"column":47},"end":{"line":159,"column":55}},"loc":{"start":{"line":159,"column":55},"end":{"line":159,"column":75}},"line":159},"18":{"name":"(anonymous_18)","decl":{"start":{"line":161,"column":47},"end":{"line":161,"column":55}},"loc":{"start":{"line":161,"column":55},"end":{"line":161,"column":73}},"line":161},"19":{"name":"(anonymous_19)","decl":{"start":{"line":173,"column":54},"end":{"line":173,"column":55}},"loc":{"start":{"line":174,"column":6},"end":{"line":174,"column":null}},"line":174},"20":{"name":"(anonymous_20)","decl":{"start":{"line":174,"column":22},"end":{"line":174,"column":23}},"loc":{"start":{"line":174,"column":32},"end":{"line":174,"column":52}},"line":174},"21":{"name":"(anonymous_21)","decl":{"start":{"line":177,"column":52},"end":{"line":177,"column":53}},"loc":{"start":{"line":178,"column":6},"end":{"line":178,"column":null}},"line":178},"22":{"name":"(anonymous_22)","decl":{"start":{"line":178,"column":22},"end":{"line":178,"column":23}},"loc":{"start":{"line":178,"column":32},"end":{"line":178,"column":50}},"line":178},"23":{"name":"(anonymous_23)","decl":{"start":{"line":182,"column":57},"end":{"line":182,"column":58}},"loc":{"start":{"line":182,"column":67},"end":{"line":182,"column":87}},"line":182},"24":{"name":"(anonymous_24)","decl":{"start":{"line":183,"column":57},"end":{"line":183,"column":58}},"loc":{"start":{"line":183,"column":67},"end":{"line":183,"column":85}},"line":183},"25":{"name":"(anonymous_25)","decl":{"start":{"line":192,"column":13},"end":{"line":192,"column":14}},"loc":{"start":{"line":192,"column":23},"end":{"line":192,"column":33}},"line":192},"26":{"name":"(anonymous_26)","decl":{"start":{"line":193,"column":10},"end":{"line":193,"column":11}},"loc":{"start":{"line":193,"column":20},"end":{"line":193,"column":40}},"line":193},"27":{"name":"(anonymous_27)","decl":{"start":{"line":195,"column":45},"end":{"line":195,"column":46}},"loc":{"start":{"line":195,"column":55},"end":{"line":195,"column":79}},"line":195},"28":{"name":"(anonymous_28)","decl":{"start":{"line":212,"column":24},"end":{"line":212,"column":25}},"loc":{"start":{"line":212,"column":31},"end":{"line":212,"column":null}},"line":212},"29":{"name":"(anonymous_29)","decl":{"start":{"line":221,"column":23},"end":{"line":221,"column":29}},"loc":{"start":{"line":221,"column":29},"end":{"line":221,"column":null}},"line":221},"30":{"name":"(anonymous_30)","decl":{"start":{"line":230,"column":42},"end":{"line":230,"column":43}},"loc":{"start":{"line":230,"column":52},"end":{"line":230,"column":59}},"line":230},"31":{"name":"(anonymous_31)","decl":{"start":{"line":233,"column":36},"end":{"line":233,"column":37}},"loc":{"start":{"line":234,"column":14},"end":{"line":236,"column":null}},"line":234},"32":{"name":"(anonymous_32)","decl":{"start":{"line":247,"column":28},"end":{"line":247,"column":29}},"loc":{"start":{"line":247,"column":35},"end":{"line":247,"column":null}},"line":247},"33":{"name":"(anonymous_33)","decl":{"start":{"line":248,"column":29},"end":{"line":248,"column":30}},"loc":{"start":{"line":248,"column":36},"end":{"line":248,"column":null}},"line":248},"34":{"name":"(anonymous_34)","decl":{"start":{"line":258,"column":29},"end":{"line":258,"column":35}},"loc":{"start":{"line":258,"column":35},"end":{"line":261,"column":null}},"line":258},"35":{"name":"(anonymous_35)","decl":{"start":{"line":271,"column":25},"end":{"line":271,"column":31}},"loc":{"start":{"line":271,"column":31},"end":{"line":271,"column":null}},"line":271}},"branchMap":{"0":{"loc":{"start":{"line":40,"column":13},"end":{"line":40,"column":null}},"type":"cond-expr","locations":[{"start":{"line":40,"column":26},"end":{"line":40,"column":32}},{"start":{"line":40,"column":32},"end":{"line":40,"column":null}}],"line":40},"1":{"loc":{"start":{"line":53,"column":23},"end":{"line":53,"column":null}},"type":"binary-expr","locations":[{"start":{"line":53,"column":23},"end":{"line":53,"column":70}},{"start":{"line":53,"column":70},"end":{"line":53,"column":null}}],"line":53},"2":{"loc":{"start":{"line":55,"column":2},"end":{"line":61,"column":null}},"type":"if","locations":[{"start":{"line":55,"column":2},"end":{"line":61,"column":null}},{"start":{},"end":{}}],"line":55},"3":{"loc":{"start":{"line":68,"column":47},"end":{"line":68,"column":72}},"type":"binary-expr","locations":[{"start":{"line":68,"column":47},"end":{"line":68,"column":70}},{"start":{"line":68,"column":70},"end":{"line":68,"column":72}}],"line":68},"4":{"loc":{"start":{"line":79,"column":4},"end":{"line":81,"column":null}},"type":"if","locations":[{"start":{"line":79,"column":4},"end":{"line":81,"column":null}},{"start":{},"end":{}}],"line":79},"5":{"loc":{"start":{"line":86,"column":4},"end":{"line":91,"column":null}},"type":"if","locations":[{"start":{"line":86,"column":4},"end":{"line":91,"column":null}},{"start":{"line":88,"column":4},"end":{"line":91,"column":null}}],"line":86},"6":{"loc":{"start":{"line":88,"column":4},"end":{"line":91,"column":null}},"type":"if","locations":[{"start":{"line":88,"column":4},"end":{"line":91,"column":null}},{"start":{},"end":{}}],"line":88},"7":{"loc":{"start":{"line":95,"column":4},"end":{"line":99,"column":null}},"type":"if","locations":[{"start":{"line":95,"column":4},"end":{"line":99,"column":null}},{"start":{},"end":{}}],"line":95},"8":{"loc":{"start":{"line":95,"column":8},"end":{"line":95,"column":45}},"type":"binary-expr","locations":[{"start":{"line":95,"column":8},"end":{"line":95,"column":31}},{"start":{"line":95,"column":31},"end":{"line":95,"column":45}}],"line":95},"9":{"loc":{"start":{"line":105,"column":4},"end":{"line":107,"column":null}},"type":"if","locations":[{"start":{"line":105,"column":4},"end":{"line":107,"column":null}},{"start":{},"end":{}}],"line":105},"10":{"loc":{"start":{"line":113,"column":4},"end":{"line":113,"column":null}},"type":"if","locations":[{"start":{"line":113,"column":4},"end":{"line":113,"column":null}},{"start":{},"end":{}}],"line":113},"11":{"loc":{"start":{"line":128,"column":4},"end":{"line":130,"column":null}},"type":"if","locations":[{"start":{"line":128,"column":4},"end":{"line":130,"column":null}},{"start":{},"end":{}}],"line":128},"12":{"loc":{"start":{"line":132,"column":4},"end":{"line":132,"column":null}},"type":"if","locations":[{"start":{"line":132,"column":4},"end":{"line":132,"column":null}},{"start":{},"end":{}}],"line":132},"13":{"loc":{"start":{"line":132,"column":8},"end":{"line":132,"column":34}},"type":"binary-expr","locations":[{"start":{"line":132,"column":8},"end":{"line":132,"column":23}},{"start":{"line":132,"column":23},"end":{"line":132,"column":34}}],"line":132},"14":{"loc":{"start":{"line":135,"column":4},"end":{"line":143,"column":null}},"type":"if","locations":[{"start":{"line":135,"column":4},"end":{"line":143,"column":null}},{"start":{},"end":{}}],"line":135},"15":{"loc":{"start":{"line":137,"column":6},"end":{"line":137,"column":null}},"type":"if","locations":[{"start":{"line":137,"column":6},"end":{"line":137,"column":null}},{"start":{},"end":{}}],"line":137},"16":{"loc":{"start":{"line":140,"column":23},"end":{"line":140,"column":null}},"type":"cond-expr","locations":[{"start":{"line":140,"column":44},"end":{"line":140,"column":60}},{"start":{"line":140,"column":60},"end":{"line":140,"column":null}}],"line":140},"17":{"loc":{"start":{"line":151,"column":4},"end":{"line":151,"column":null}},"type":"if","locations":[{"start":{"line":151,"column":4},"end":{"line":151,"column":null}},{"start":{},"end":{}}],"line":151},"18":{"loc":{"start":{"line":156,"column":4},"end":{"line":156,"column":null}},"type":"if","locations":[{"start":{"line":156,"column":4},"end":{"line":156,"column":null}},{"start":{},"end":{}}],"line":156},"19":{"loc":{"start":{"line":160,"column":4},"end":{"line":170,"column":null}},"type":"if","locations":[{"start":{"line":160,"column":4},"end":{"line":170,"column":null}},{"start":{},"end":{}}],"line":160},"20":{"loc":{"start":{"line":162,"column":6},"end":{"line":168,"column":null}},"type":"if","locations":[{"start":{"line":162,"column":6},"end":{"line":168,"column":null}},{"start":{},"end":{}}],"line":162},"21":{"loc":{"start":{"line":165,"column":8},"end":{"line":167,"column":null}},"type":"if","locations":[{"start":{"line":165,"column":8},"end":{"line":167,"column":null}},{"start":{},"end":{}}],"line":165},"22":{"loc":{"start":{"line":181,"column":4},"end":{"line":188,"column":null}},"type":"if","locations":[{"start":{"line":181,"column":4},"end":{"line":188,"column":null}},{"start":{},"end":{}}],"line":181},"23":{"loc":{"start":{"line":181,"column":8},"end":{"line":181,"column":93}},"type":"binary-expr","locations":[{"start":{"line":181,"column":8},"end":{"line":181,"column":29}},{"start":{"line":181,"column":29},"end":{"line":181,"column":48}},{"start":{"line":181,"column":48},"end":{"line":181,"column":93}}],"line":181},"24":{"loc":{"start":{"line":185,"column":6},"end":{"line":187,"column":null}},"type":"if","locations":[{"start":{"line":185,"column":6},"end":{"line":187,"column":null}},{"start":{},"end":{}}],"line":185},"25":{"loc":{"start":{"line":208,"column":11},"end":{"line":224,"column":null}},"type":"cond-expr","locations":[{"start":{"line":209,"column":12},"end":{"line":217,"column":null}},{"start":{"line":219,"column":12},"end":{"line":224,"column":null}}],"line":208},"26":{"loc":{"start":{"line":242,"column":13},"end":{"line":278,"column":null}},"type":"cond-expr","locations":[{"start":{"line":243,"column":14},"end":{"line":268,"column":null}},{"start":{"line":270,"column":14},"end":{"line":278,"column":null}}],"line":242},"27":{"loc":{"start":{"line":248,"column":36},"end":{"line":248,"column":null}},"type":"binary-expr","locations":[{"start":{"line":248,"column":36},"end":{"line":248,"column":57}},{"start":{"line":248,"column":57},"end":{"line":248,"column":null}}],"line":248},"28":{"loc":{"start":{"line":285,"column":9},"end":{"line":288,"column":null}},"type":"binary-expr","locations":[{"start":{"line":285,"column":9},"end":{"line":285,"column":null}},{"start":{"line":286,"column":10},"end":{"line":288,"column":null}}],"line":285},"29":{"loc":{"start":{"line":290,"column":9},"end":{"line":293,"column":null}},"type":"binary-expr","locations":[{"start":{"line":290,"column":9},"end":{"line":290,"column":null}},{"start":{"line":291,"column":10},"end":{"line":293,"column":null}}],"line":290}},"s":{"0":1,"1":196,"2":196,"3":196,"4":1,"5":100,"6":100,"7":100,"8":99,"9":100,"10":1,"11":99,"12":99,"13":99,"14":99,"15":99,"16":99,"17":100,"18":100,"19":3,"20":3,"21":3,"22":100,"23":59,"24":2,"25":57,"26":1,"27":1,"28":100,"29":2,"30":1,"31":1,"32":1,"33":100,"34":1,"35":1,"36":2,"37":1,"38":0,"39":100,"40":2,"41":2,"42":0,"43":2,"44":2,"45":2,"46":2,"47":2,"48":2,"49":3,"50":5,"51":2,"52":1,"53":2,"54":2,"55":0,"56":2,"57":1,"58":1,"59":1,"60":0,"61":1,"62":1,"63":1,"64":1,"65":100,"66":2,"67":2,"68":2,"69":2,"70":0,"71":2,"72":2,"73":2,"74":0,"75":2,"76":3,"77":2,"78":1,"79":2,"80":1,"81":1,"82":1,"83":1,"84":1,"85":1,"86":1,"87":1,"88":1,"89":1,"90":1,"91":2,"92":1,"93":1,"94":1,"95":1,"96":2,"97":1,"98":1,"99":100,"100":196,"101":294,"102":100,"103":196,"104":100,"105":60,"106":4,"107":196,"108":196,"109":8,"110":10,"111":1,"112":1,"113":4},"f":{"0":196,"1":100,"2":99,"3":3,"4":59,"5":2,"6":1,"7":2,"8":2,"9":2,"10":2,"11":3,"12":5,"13":2,"14":1,"15":1,"16":2,"17":3,"18":2,"19":1,"20":1,"21":1,"22":2,"23":1,"24":2,"25":196,"26":294,"27":196,"28":60,"29":4,"30":196,"31":196,"32":8,"33":10,"34":1,"35":4},"b":{"0":[0,196],"1":[100,1],"2":[1,99],"3":[99,0],"4":[3,0],"5":[2,57],"6":[1,56],"7":[1,1],"8":[2,1],"9":[0,1],"10":[0,2],"11":[1,1],"12":[0,2],"13":[2,2],"14":[1,1],"15":[0,1],"16":[0,1],"17":[0,2],"18":[0,2],"19":[1,1],"20":[1,0],"21":[1,0],"22":[1,0],"23":[1,1,1],"24":[1,0],"25":[64,35],"26":[12,87],"27":[10,2],"28":[100,0],"29":[100,0]},"meta":{"lastBranch":30,"lastFunction":36,"lastStatement":114,"seen":{"s:27:50:48:Infinity":0,"f:27:50:27:51":0,"s:35:2:35:Infinity":1,"s:37:16:41:Infinity":2,"b:40:26:40:32:40:32:40:Infinity":0,"s:43:2:46:Infinity":3,"s:50:31:298:Infinity":4,"f:50:31:50:37":1,"s:51:12:51:Infinity":5,"s:52:75:52:Infinity":6,"s:53:23:53:Infinity":7,"b:53:23:53:70:53:70:53:Infinity":1,"f:53:35:53:36":2,"s:53:42:53:65":8,"b:55:2:61:Infinity:undefined:undefined:undefined:undefined":2,"s:55:2:61:Infinity":9,"s:56:4:59:Infinity":10,"s:63:38:63:Infinity":11,"s:64:38:64:Infinity":12,"s:65:30:65:Infinity":13,"s:66:38:66:Infinity":14,"s:67:52:67:Infinity":15,"s:68:34:68:Infinity":16,"b:68:47:68:70:68:70:68:72":3,"s:70:8:76:Infinity":17,"s:78:31:83:Infinity":18,"f:78:31:78:37":3,"b:79:4:81:Infinity:undefined:undefined:undefined:undefined":4,"s:79:4:81:Infinity":19,"s:80:6:80:Infinity":20,"s:82:4:82:Infinity":21,"s:85:24:92:Infinity":22,"f:85:24:85:25":4,"b:86:4:91:Infinity:88:4:91:Infinity":5,"s:86:4:91:Infinity":23,"s:87:6:87:Infinity":24,"b:88:4:91:Infinity:undefined:undefined:undefined:undefined":6,"s:88:4:91:Infinity":25,"s:89:6:89:Infinity":26,"s:90:6:90:Infinity":27,"s:94:24:100:Infinity":28,"f:94:24:94:30":5,"b:95:4:99:Infinity:undefined:undefined:undefined:undefined":7,"s:95:4:99:Infinity":29,"b:95:8:95:31:95:31:95:45":8,"s:96:6:96:Infinity":30,"s:97:6:97:Infinity":31,"s:98:6:98:Infinity":32,"s:102:26:108:Infinity":33,"f:102:26:102:27":6,"s:103:4:103:Infinity":34,"s:104:19:104:Infinity":35,"f:104:43:104:51":7,"s:104:51:104:78":36,"b:105:4:107:Infinity:undefined:undefined:undefined:undefined":9,"s:105:4:107:Infinity":37,"s:106:6:106:Infinity":38,"s:110:25:144:Infinity":39,"f:110:25:110:26":8,"s:111:29:111:Infinity":40,"b:113:4:113:Infinity:undefined:undefined:undefined:undefined":10,"s:113:4:113:Infinity":41,"s:113:15:113:Infinity":42,"s:115:21:115:Infinity":43,"s:116:19:116:Infinity":44,"s:119:21:121:Infinity":45,"f:119:45:119:46":9,"s:120:6:120:Infinity":46,"f:120:22:120:23":10,"s:120:32:120:52":47,"s:123:19:125:Infinity":48,"f:123:43:123:44":11,"s:124:6:124:Infinity":49,"f:124:22:124:23":12,"s:124:32:124:50":50,"b:128:4:130:Infinity:undefined:undefined:undefined:undefined":11,"s:128:4:130:Infinity":51,"s:129:6:129:Infinity":52,"f:129:41:129:42":13,"s:129:51:129:69":53,"b:132:4:132:Infinity:undefined:undefined:undefined:undefined":12,"s:132:4:132:Infinity":54,"b:132:8:132:23:132:23:132:34":13,"s:132:34:132:Infinity":55,"b:135:4:143:Infinity:undefined:undefined:undefined:undefined":14,"s:135:4:143:Infinity":56,"s:136:25:136:Infinity":57,"f:136:47:136:48":14,"s:136:57:136:77":58,"b:137:6:137:Infinity:undefined:undefined:undefined:undefined":15,"s:137:6:137:Infinity":59,"s:137:23:137:Infinity":60,"s:139:28:139:Infinity":61,"f:139:53:139:54":15,"s:139:63:139:81":62,"s:140:23:140:Infinity":63,"b:140:44:140:60:140:60:140:Infinity":16,"s:142:6:142:Infinity":64,"s:146:24:189:Infinity":65,"f:146:24:146:25":16,"s:147:29:147:Infinity":66,"s:148:4:148:Infinity":67,"s:149:4:149:Infinity":68,"b:151:4:151:Infinity:undefined:undefined:undefined:undefined":17,"s:151:4:151:Infinity":69,"s:151:15:151:Infinity":70,"s:153:21:153:Infinity":71,"s:154:19:154:Infinity":72,"b:156:4:156:Infinity:undefined:undefined:undefined:undefined":18,"s:156:4:156:Infinity":73,"s:156:29:156:Infinity":74,"s:159:23:159:Infinity":75,"f:159:47:159:55":17,"s:159:55:159:75":76,"b:160:4:170:Infinity:undefined:undefined:undefined:undefined":19,"s:160:4:170:Infinity":77,"s:161:23:161:Infinity":78,"f:161:47:161:55":18,"s:161:55:161:73":79,"b:162:6:168:Infinity:undefined:undefined:undefined:undefined":20,"s:162:6:168:Infinity":80,"s:163:26:163:Infinity":81,"s:164:24:164:Infinity":82,"b:165:8:167:Infinity:undefined:undefined:undefined:undefined":21,"s:165:8:167:Infinity":83,"s:166:10:166:Infinity":84,"s:169:6:169:Infinity":85,"s:173:30:175:Infinity":86,"f:173:54:173:55":19,"s:174:6:174:Infinity":87,"f:174:22:174:23":20,"s:174:32:174:52":88,"s:177:28:179:Infinity":89,"f:177:52:177:53":21,"s:178:6:178:Infinity":90,"f:178:22:178:23":22,"s:178:32:178:50":91,"b:181:4:188:Infinity:undefined:undefined:undefined:undefined":22,"s:181:4:188:Infinity":92,"b:181:8:181:29:181:29:181:48:181:48:181:93":23,"s:182:23:182:Infinity":93,"f:182:57:182:58":23,"s:182:67:182:87":94,"s:183:23:183:Infinity":95,"f:183:57:183:58":24,"s:183:67:183:85":96,"b:185:6:187:Infinity:undefined:undefined:undefined:undefined":24,"s:185:6:187:Infinity":97,"s:186:8:186:Infinity":98,"s:191:21:193:Infinity":99,"f:192:13:192:14":25,"s:192:23:192:33":100,"f:193:10:193:11":26,"s:193:20:193:40":101,"s:195:21:195:Infinity":102,"f:195:45:195:46":27,"s:195:55:195:79":103,"s:198:2:296:Infinity":104,"b:209:12:217:Infinity:219:12:224:Infinity":25,"f:212:24:212:25":28,"s:212:31:212:Infinity":105,"f:221:23:221:29":29,"s:221:29:221:Infinity":106,"f:230:42:230:43":30,"s:230:52:230:59":107,"f:233:36:233:37":31,"s:234:14:236:Infinity":108,"b:243:14:268:Infinity:270:14:278:Infinity":26,"f:247:28:247:29":32,"s:247:35:247:Infinity":109,"f:248:29:248:30":33,"s:248:36:248:Infinity":110,"b:248:36:248:57:248:57:248:Infinity":27,"f:258:29:258:35":34,"s:259:22:259:Infinity":111,"s:260:22:260:Infinity":112,"f:271:25:271:31":35,"s:271:31:271:Infinity":113,"b:285:9:285:Infinity:286:10:288:Infinity":28,"b:290:9:290:Infinity:291:10:293:Infinity":29}}}
,"/Users/salah/projects/task-manager/src/components/BoardSelector.tsx": {"path":"/Users/salah/projects/task-manager/src/components/BoardSelector.tsx","statementMap":{"0":{"start":{"line":6,"column":39},"end":{"line":129,"column":null}},"1":{"start":{"line":7,"column":12},"end":{"line":7,"column":null}},"2":{"start":{"line":8,"column":69},"end":{"line":8,"column":null}},"3":{"start":{"line":9,"column":26},"end":{"line":9,"column":null}},"4":{"start":{"line":10,"column":40},"end":{"line":10,"column":null}},"5":{"start":{"line":11,"column":40},"end":{"line":11,"column":null}},"6":{"start":{"line":12,"column":8},"end":{"line":12,"column":null}},"7":{"start":{"line":14,"column":23},"end":{"line":14,"column":null}},"8":{"start":{"line":14,"column":40},"end":{"line":14,"column":63}},"9":{"start":{"line":16,"column":2},"end":{"line":30,"column":null}},"10":{"start":{"line":17,"column":31},"end":{"line":21,"column":null}},"11":{"start":{"line":18,"column":6},"end":{"line":20,"column":null}},"12":{"start":{"line":19,"column":8},"end":{"line":19,"column":null}},"13":{"start":{"line":23,"column":4},"end":{"line":25,"column":null}},"14":{"start":{"line":24,"column":6},"end":{"line":24,"column":null}},"15":{"start":{"line":27,"column":4},"end":{"line":29,"column":null}},"16":{"start":{"line":28,"column":6},"end":{"line":28,"column":null}},"17":{"start":{"line":32,"column":25},"end":{"line":38,"column":null}},"18":{"start":{"line":33,"column":4},"end":{"line":37,"column":null}},"19":{"start":{"line":34,"column":6},"end":{"line":34,"column":null}},"20":{"start":{"line":35,"column":6},"end":{"line":35,"column":null}},"21":{"start":{"line":36,"column":6},"end":{"line":36,"column":null}},"22":{"start":{"line":40,"column":28},"end":{"line":45,"column":null}},"23":{"start":{"line":41,"column":4},"end":{"line":41,"column":null}},"24":{"start":{"line":42,"column":4},"end":{"line":44,"column":null}},"25":{"start":{"line":43,"column":6},"end":{"line":43,"column":null}},"26":{"start":{"line":47,"column":2},"end":{"line":127,"column":null}},"27":{"start":{"line":50,"column":23},"end":{"line":50,"column":null}},"28":{"start":{"line":63,"column":14},"end":{"line":85,"column":null}},"29":{"start":{"line":69,"column":18},"end":{"line":69,"column":null}},"30":{"start":{"line":70,"column":18},"end":{"line":70,"column":null}},"31":{"start":{"line":78,"column":36},"end":{"line":78,"column":null}},"32":{"start":{"line":94,"column":37},"end":{"line":94,"column":null}},"33":{"start":{"line":96,"column":22},"end":{"line":96,"column":null}},"34":{"start":{"line":96,"column":45},"end":{"line":96,"column":null}},"35":{"start":{"line":97,"column":22},"end":{"line":100,"column":null}},"36":{"start":{"line":98,"column":24},"end":{"line":98,"column":null}},"37":{"start":{"line":99,"column":24},"end":{"line":99,"column":null}},"38":{"start":{"line":116,"column":33},"end":{"line":116,"column":null}}},"fnMap":{"0":{"name":"(anonymous_0)","decl":{"start":{"line":6,"column":39},"end":{"line":6,"column":45}},"loc":{"start":{"line":6,"column":45},"end":{"line":129,"column":null}},"line":6},"1":{"name":"(anonymous_1)","decl":{"start":{"line":14,"column":35},"end":{"line":14,"column":40}},"loc":{"start":{"line":14,"column":40},"end":{"line":14,"column":63}},"line":14},"2":{"name":"(anonymous_2)","decl":{"start":{"line":16,"column":12},"end":{"line":16,"column":18}},"loc":{"start":{"line":16,"column":18},"end":{"line":30,"column":5}},"line":16},"3":{"name":"(anonymous_3)","decl":{"start":{"line":17,"column":31},"end":{"line":17,"column":32}},"loc":{"start":{"line":17,"column":54},"end":{"line":21,"column":null}},"line":17},"4":{"name":"(anonymous_4)","decl":{"start":{"line":27,"column":11},"end":{"line":27,"column":17}},"loc":{"start":{"line":27,"column":17},"end":{"line":29,"column":null}},"line":27},"5":{"name":"(anonymous_5)","decl":{"start":{"line":32,"column":25},"end":{"line":32,"column":31}},"loc":{"start":{"line":32,"column":31},"end":{"line":38,"column":null}},"line":32},"6":{"name":"(anonymous_6)","decl":{"start":{"line":40,"column":28},"end":{"line":40,"column":29}},"loc":{"start":{"line":40,"column":70},"end":{"line":45,"column":null}},"line":40},"7":{"name":"(anonymous_7)","decl":{"start":{"line":50,"column":17},"end":{"line":50,"column":23}},"loc":{"start":{"line":50,"column":23},"end":{"line":50,"column":null}},"line":50},"8":{"name":"(anonymous_8)","decl":{"start":{"line":62,"column":24},"end":{"line":62,"column":25}},"loc":{"start":{"line":63,"column":14},"end":{"line":85,"column":null}},"line":63},"9":{"name":"(anonymous_9)","decl":{"start":{"line":68,"column":25},"end":{"line":68,"column":31}},"loc":{"start":{"line":68,"column":31},"end":{"line":71,"column":null}},"line":68},"10":{"name":"(anonymous_10)","decl":{"start":{"line":78,"column":29},"end":{"line":78,"column":30}},"loc":{"start":{"line":78,"column":36},"end":{"line":78,"column":null}},"line":78},"11":{"name":"(anonymous_11)","decl":{"start":{"line":94,"column":30},"end":{"line":94,"column":31}},"loc":{"start":{"line":94,"column":37},"end":{"line":94,"column":null}},"line":94},"12":{"name":"(anonymous_12)","decl":{"start":{"line":95,"column":31},"end":{"line":95,"column":32}},"loc":{"start":{"line":95,"column":38},"end":{"line":101,"column":null}},"line":95},"13":{"name":"(anonymous_13)","decl":{"start":{"line":116,"column":27},"end":{"line":116,"column":33}},"loc":{"start":{"line":116,"column":33},"end":{"line":116,"column":null}},"line":116}},"branchMap":{"0":{"loc":{"start":{"line":18,"column":6},"end":{"line":20,"column":null}},"type":"if","locations":[{"start":{"line":18,"column":6},"end":{"line":20,"column":null}},{"start":{},"end":{}}],"line":18},"1":{"loc":{"start":{"line":18,"column":10},"end":{"line":18,"column":86}},"type":"binary-expr","locations":[{"start":{"line":18,"column":10},"end":{"line":18,"column":33}},{"start":{"line":18,"column":33},"end":{"line":18,"column":86}}],"line":18},"2":{"loc":{"start":{"line":23,"column":4},"end":{"line":25,"column":null}},"type":"if","locations":[{"start":{"line":23,"column":4},"end":{"line":25,"column":null}},{"start":{},"end":{}}],"line":23},"3":{"loc":{"start":{"line":33,"column":4},"end":{"line":37,"column":null}},"type":"if","locations":[{"start":{"line":33,"column":4},"end":{"line":37,"column":null}},{"start":{},"end":{}}],"line":33},"4":{"loc":{"start":{"line":42,"column":4},"end":{"line":44,"column":null}},"type":"if","locations":[{"start":{"line":42,"column":4},"end":{"line":44,"column":null}},{"start":{},"end":{}}],"line":42},"5":{"loc":{"start":{"line":54,"column":11},"end":{"line":54,"column":null}},"type":"binary-expr","locations":[{"start":{"line":54,"column":11},"end":{"line":54,"column":34}},{"start":{"line":54,"column":34},"end":{"line":54,"column":null}}],"line":54},"6":{"loc":{"start":{"line":59,"column":7},"end":{"line":125,"column":null}},"type":"binary-expr","locations":[{"start":{"line":59,"column":7},"end":{"line":59,"column":null}},{"start":{"line":60,"column":8},"end":{"line":125,"column":null}}],"line":59},"7":{"loc":{"start":{"line":66,"column":18},"end":{"line":66,"column":null}},"type":"cond-expr","locations":[{"start":{"line":66,"column":48},"end":{"line":66,"column":89}},{"start":{"line":66,"column":89},"end":{"line":66,"column":null}}],"line":66},"8":{"loc":{"start":{"line":76,"column":17},"end":{"line":83,"column":null}},"type":"binary-expr","locations":[{"start":{"line":76,"column":17},"end":{"line":76,"column":null}},{"start":{"line":77,"column":18},"end":{"line":83,"column":null}}],"line":76},"9":{"loc":{"start":{"line":89,"column":15},"end":{"line":121,"column":null}},"type":"cond-expr","locations":[{"start":{"line":90,"column":16},"end":{"line":113,"column":null}},{"start":{"line":115,"column":16},"end":{"line":121,"column":null}}],"line":89},"10":{"loc":{"start":{"line":96,"column":22},"end":{"line":96,"column":null}},"type":"if","locations":[{"start":{"line":96,"column":22},"end":{"line":96,"column":null}},{"start":{},"end":{}}],"line":96},"11":{"loc":{"start":{"line":97,"column":22},"end":{"line":100,"column":null}},"type":"if","locations":[{"start":{"line":97,"column":22},"end":{"line":100,"column":null}},{"start":{},"end":{}}],"line":97}},"s":{"0":1,"1":48,"2":48,"3":48,"4":48,"5":48,"6":48,"7":48,"8":47,"9":48,"10":36,"11":1,"12":1,"13":36,"14":15,"15":36,"16":36,"17":48,"18":3,"19":2,"20":2,"21":2,"22":48,"23":2,"24":2,"25":2,"26":48,"27":16,"28":34,"29":2,"30":2,"31":2,"32":4,"33":2,"34":1,"35":2,"36":1,"37":1,"38":5},"f":{"0":48,"1":47,"2":36,"3":1,"4":36,"5":3,"6":2,"7":16,"8":34,"9":2,"10":2,"11":4,"12":2,"13":5},"b":{"0":[1,0],"1":[1,1],"2":[15,21],"3":[2,1],"4":[2,0],"5":[48,1],"6":[48,27],"7":[27,7],"8":[34,14],"9":[9,18],"10":[1,1],"11":[1,1]},"meta":{"lastBranch":12,"lastFunction":14,"lastStatement":39,"seen":{"s:6:39:129:Infinity":0,"f:6:39:6:45":0,"s:7:12:7:Infinity":1,"s:8:69:8:Infinity":2,"s:9:26:9:Infinity":3,"s:10:40:10:Infinity":4,"s:11:40:11:Infinity":5,"s:12:8:12:Infinity":6,"s:14:23:14:Infinity":7,"f:14:35:14:40":1,"s:14:40:14:63":8,"s:16:2:30:Infinity":9,"f:16:12:16:18":2,"s:17:31:21:Infinity":10,"f:17:31:17:32":3,"b:18:6:20:Infinity:undefined:undefined:undefined:undefined":0,"s:18:6:20:Infinity":11,"b:18:10:18:33:18:33:18:86":1,"s:19:8:19:Infinity":12,"b:23:4:25:Infinity:undefined:undefined:undefined:undefined":2,"s:23:4:25:Infinity":13,"s:24:6:24:Infinity":14,"s:27:4:29:Infinity":15,"f:27:11:27:17":4,"s:28:6:28:Infinity":16,"s:32:25:38:Infinity":17,"f:32:25:32:31":5,"b:33:4:37:Infinity:undefined:undefined:undefined:undefined":3,"s:33:4:37:Infinity":18,"s:34:6:34:Infinity":19,"s:35:6:35:Infinity":20,"s:36:6:36:Infinity":21,"s:40:28:45:Infinity":22,"f:40:28:40:29":6,"s:41:4:41:Infinity":23,"b:42:4:44:Infinity:undefined:undefined:undefined:undefined":4,"s:42:4:44:Infinity":24,"s:43:6:43:Infinity":25,"s:47:2:127:Infinity":26,"f:50:17:50:23":7,"s:50:23:50:Infinity":27,"b:54:11:54:34:54:34:54:Infinity":5,"b:59:7:59:Infinity:60:8:125:Infinity":6,"f:62:24:62:25":8,"s:63:14:85:Infinity":28,"b:66:48:66:89:66:89:66:Infinity":7,"f:68:25:68:31":9,"s:69:18:69:Infinity":29,"s:70:18:70:Infinity":30,"b:76:17:76:Infinity:77:18:83:Infinity":8,"f:78:29:78:30":10,"s:78:36:78:Infinity":31,"b:90:16:113:Infinity:115:16:121:Infinity":9,"f:94:30:94:31":11,"s:94:37:94:Infinity":32,"f:95:31:95:32":12,"b:96:22:96:Infinity:undefined:undefined:undefined:undefined":10,"s:96:22:96:Infinity":33,"s:96:45:96:Infinity":34,"b:97:22:100:Infinity:undefined:undefined:undefined:undefined":11,"s:97:22:100:Infinity":35,"s:98:24:98:Infinity":36,"s:99:24:99:Infinity":37,"f:116:27:116:33":13,"s:116:33:116:Infinity":38}}}
,"/Users/salah/projects/task-manager/src/components/FileUpload.tsx": {"path":"/Users/salah/projects/task-manager/src/components/FileUpload.tsx","statementMap":{"0":{"start":{"line":12,"column":53},"end":{"line":82,"column":null}},"1":{"start":{"line":13,"column":12},"end":{"line":13,"column":null}},"2":{"start":{"line":14,"column":24},"end":{"line":14,"column":null}},"3":{"start":{"line":16,"column":8},"end":{"line":33,"column":null}},"4":{"start":{"line":18,"column":6},"end":{"line":29,"column":null}},"5":{"start":{"line":21,"column":20},"end":{"line":21,"column":null}},"6":{"start":{"line":23,"column":8},"end":{"line":28,"column":null}},"7":{"start":{"line":30,"column":6},"end":{"line":30,"column":null}},"8":{"start":{"line":35,"column":52},"end":{"line":38,"column":null}},"9":{"start":{"line":40,"column":2},"end":{"line":80,"column":null}},"10":{"start":{"line":41,"column":47},"end":{"line":41,"column":null}}},"fnMap":{"0":{"name":"(anonymous_0)","decl":{"start":{"line":12,"column":53},"end":{"line":12,"column":54}},"loc":{"start":{"line":12,"column":78},"end":{"line":82,"column":null}},"line":12},"1":{"name":"(anonymous_1)","decl":{"start":{"line":17,"column":4},"end":{"line":17,"column":5}},"loc":{"start":{"line":17,"column":31},"end":{"line":31,"column":null}},"line":17},"2":{"name":"(anonymous_2)","decl":{"start":{"line":18,"column":28},"end":{"line":18,"column":29}},"loc":{"start":{"line":18,"column":38},"end":{"line":29,"column":7}},"line":18},"3":{"name":"(anonymous_3)","decl":{"start":{"line":41,"column":40},"end":{"line":41,"column":41}},"loc":{"start":{"line":41,"column":47},"end":{"line":41,"column":null}},"line":41}},"branchMap":{"0":{"loc":{"start":{"line":58,"column":10},"end":{"line":60,"column":null}},"type":"cond-expr","locations":[{"start":{"line":59,"column":14},"end":{"line":59,"column":null}},{"start":{"line":60,"column":14},"end":{"line":60,"column":null}}],"line":58},"1":{"loc":{"start":{"line":65,"column":9},"end":{"line":77,"column":null}},"type":"cond-expr","locations":[{"start":{"line":66,"column":10},"end":{"line":68,"column":null}},{"start":{"line":70,"column":10},"end":{"line":77,"column":null}}],"line":65}},"s":{"0":1,"1":6,"2":6,"3":6,"4":2,"5":3,"6":3,"7":2,"8":6,"9":6,"10":1},"f":{"0":6,"1":2,"2":3,"3":1},"b":{"0":[1,5],"1":[1,5]},"meta":{"lastBranch":2,"lastFunction":4,"lastStatement":11,"seen":{"s:12:53:82:Infinity":0,"f:12:53:12:54":0,"s:13:12:13:Infinity":1,"s:14:24:14:Infinity":2,"s:16:8:33:Infinity":3,"f:17:4:17:5":1,"s:18:6:29:Infinity":4,"f:18:28:18:29":2,"s:21:20:21:Infinity":5,"s:23:8:28:Infinity":6,"s:30:6:30:Infinity":7,"s:35:52:38:Infinity":8,"s:40:2:80:Infinity":9,"f:41:40:41:41":3,"s:41:47:41:Infinity":10,"b:59:14:59:Infinity:60:14:60:Infinity":0,"b:66:10:68:Infinity:70:10:77:Infinity":1}}}
,"/Users/salah/projects/task-manager/src/components/Header.tsx": {"path":"/Users/salah/projects/task-manager/src/components/Header.tsx","statementMap":{"0":{"start":{"line":6,"column":22},"end":{"line":68,"column":null}},"1":{"start":{"line":7,"column":18},"end":{"line":7,"column":null}},"2":{"start":{"line":8,"column":29},"end":{"line":8,"column":null}},"3":{"start":{"line":10,"column":25},"end":{"line":15,"column":null}},"4":{"start":{"line":11,"column":20},"end":{"line":11,"column":null}},"5":{"start":{"line":12,"column":4},"end":{"line":12,"column":null}},"6":{"start":{"line":13,"column":4},"end":{"line":13,"column":null}},"7":{"start":{"line":14,"column":4},"end":{"line":14,"column":null}},"8":{"start":{"line":17,"column":2},"end":{"line":66,"column":null}}},"fnMap":{"0":{"name":"(anonymous_0)","decl":{"start":{"line":6,"column":22},"end":{"line":6,"column":28}},"loc":{"start":{"line":6,"column":28},"end":{"line":68,"column":null}},"line":6},"1":{"name":"(anonymous_1)","decl":{"start":{"line":10,"column":25},"end":{"line":10,"column":31}},"loc":{"start":{"line":10,"column":31},"end":{"line":15,"column":null}},"line":10}},"branchMap":{"0":{"loc":{"start":{"line":11,"column":20},"end":{"line":11,"column":null}},"type":"cond-expr","locations":[{"start":{"line":11,"column":45},"end":{"line":11,"column":52}},{"start":{"line":11,"column":52},"end":{"line":11,"column":null}}],"line":11},"1":{"loc":{"start":{"line":13,"column":35},"end":{"line":13,"column":null}},"type":"cond-expr","locations":[{"start":{"line":13,"column":54},"end":{"line":13,"column":62}},{"start":{"line":13,"column":62},"end":{"line":13,"column":null}}],"line":13},"2":{"loc":{"start":{"line":57,"column":15},"end":{"line":60,"column":null}},"type":"cond-expr","locations":[{"start":{"line":58,"column":16},"end":{"line":58,"column":null}},{"start":{"line":60,"column":16},"end":{"line":60,"column":null}}],"line":57}},"s":{"0":1,"1":8,"2":8,"3":8,"4":0,"5":0,"6":0,"7":0,"8":8},"f":{"0":8,"1":0},"b":{"0":[0,0],"1":[0,0],"2":[6,2]},"meta":{"lastBranch":3,"lastFunction":2,"lastStatement":9,"seen":{"s:6:22:68:Infinity":0,"f:6:22:6:28":0,"s:7:18:7:Infinity":1,"s:8:29:8:Infinity":2,"s:10:25:15:Infinity":3,"f:10:25:10:31":1,"s:11:20:11:Infinity":4,"b:11:45:11:52:11:52:11:Infinity":0,"s:12:4:12:Infinity":5,"s:13:4:13:Infinity":6,"b:13:54:13:62:13:62:13:Infinity":1,"s:14:4:14:Infinity":7,"s:17:2:66:Infinity":8,"b:58:16:58:Infinity:60:16:60:Infinity":2}}}
,"/Users/salah/projects/task-manager/src/components/RichTextEditor.tsx": {"path":"/Users/salah/projects/task-manager/src/components/RichTextEditor.tsx","statementMap":{"0":{"start":{"line":13,"column":61},"end":{"line":114,"column":null}},"1":{"start":{"line":18,"column":8},"end":{"line":34,"column":null}},"2":{"start":{"line":27,"column":6},"end":{"line":27,"column":null}},"3":{"start":{"line":36,"column":2},"end":{"line":38,"column":null}},"4":{"start":{"line":37,"column":4},"end":{"line":37,"column":null}},"5":{"start":{"line":40,"column":2},"end":{"line":112,"column":null}},"6":{"start":{"line":45,"column":25},"end":{"line":45,"column":null}},"7":{"start":{"line":58,"column":25},"end":{"line":58,"column":null}},"8":{"start":{"line":73,"column":25},"end":{"line":73,"column":null}},"9":{"start":{"line":86,"column":25},"end":{"line":86,"column":null}},"10":{"start":{"line":99,"column":25},"end":{"line":99,"column":null}}},"fnMap":{"0":{"name":"(anonymous_0)","decl":{"start":{"line":13,"column":61},"end":{"line":13,"column":62}},"loc":{"start":{"line":17,"column":6},"end":{"line":114,"column":null}},"line":17},"1":{"name":"(anonymous_1)","decl":{"start":{"line":26,"column":14},"end":{"line":26,"column":15}},"loc":{"start":{"line":26,"column":30},"end":{"line":28,"column":null}},"line":26},"2":{"name":"(anonymous_2)","decl":{"start":{"line":45,"column":19},"end":{"line":45,"column":25}},"loc":{"start":{"line":45,"column":25},"end":{"line":45,"column":null}},"line":45},"3":{"name":"(anonymous_3)","decl":{"start":{"line":58,"column":19},"end":{"line":58,"column":25}},"loc":{"start":{"line":58,"column":25},"end":{"line":58,"column":null}},"line":58},"4":{"name":"(anonymous_4)","decl":{"start":{"line":73,"column":19},"end":{"line":73,"column":25}},"loc":{"start":{"line":73,"column":25},"end":{"line":73,"column":null}},"line":73},"5":{"name":"(anonymous_5)","decl":{"start":{"line":86,"column":19},"end":{"line":86,"column":25}},"loc":{"start":{"line":86,"column":25},"end":{"line":86,"column":null}},"line":86},"6":{"name":"(anonymous_6)","decl":{"start":{"line":99,"column":19},"end":{"line":99,"column":25}},"loc":{"start":{"line":99,"column":25},"end":{"line":99,"column":null}},"line":99}},"branchMap":{"0":{"loc":{"start":{"line":16,"column":2},"end":{"line":16,"column":null}},"type":"default-arg","locations":[{"start":{"line":16,"column":16},"end":{"line":16,"column":null}}],"line":16},"1":{"loc":{"start":{"line":36,"column":2},"end":{"line":38,"column":null}},"type":"if","locations":[{"start":{"line":36,"column":2},"end":{"line":38,"column":null}},{"start":{},"end":{}}],"line":36},"2":{"loc":{"start":{"line":47,"column":12},"end":{"line":49,"column":null}},"type":"cond-expr","locations":[{"start":{"line":48,"column":16},"end":{"line":48,"column":null}},{"start":{"line":49,"column":16},"end":{"line":49,"column":null}}],"line":47},"3":{"loc":{"start":{"line":60,"column":12},"end":{"line":62,"column":null}},"type":"cond-expr","locations":[{"start":{"line":61,"column":16},"end":{"line":61,"column":null}},{"start":{"line":62,"column":16},"end":{"line":62,"column":null}}],"line":60},"4":{"loc":{"start":{"line":75,"column":12},"end":{"line":77,"column":null}},"type":"cond-expr","locations":[{"start":{"line":76,"column":16},"end":{"line":76,"column":null}},{"start":{"line":77,"column":16},"end":{"line":77,"column":null}}],"line":75},"5":{"loc":{"start":{"line":88,"column":12},"end":{"line":90,"column":null}},"type":"cond-expr","locations":[{"start":{"line":89,"column":16},"end":{"line":89,"column":null}},{"start":{"line":90,"column":16},"end":{"line":90,"column":null}}],"line":88},"6":{"loc":{"start":{"line":101,"column":12},"end":{"line":103,"column":null}},"type":"cond-expr","locations":[{"start":{"line":102,"column":16},"end":{"line":102,"column":null}},{"start":{"line":103,"column":16},"end":{"line":103,"column":null}}],"line":101}},"s":{"0":1,"1":20,"2":0,"3":20,"4":1,"5":19,"6":1,"7":1,"8":1,"9":1,"10":1},"f":{"0":20,"1":0,"2":1,"3":1,"4":1,"5":1,"6":1},"b":{"0":[20],"1":[1,19],"2":[1,18],"3":[1,18],"4":[1,18],"5":[1,18],"6":[1,18]},"meta":{"lastBranch":7,"lastFunction":7,"lastStatement":11,"seen":{"s:13:61:114:Infinity":0,"f:13:61:13:62":0,"b:16:16:16:Infinity":0,"s:18:8:34:Infinity":1,"f:26:14:26:15":1,"s:27:6:27:Infinity":2,"b:36:2:38:Infinity:undefined:undefined:undefined:undefined":1,"s:36:2:38:Infinity":3,"s:37:4:37:Infinity":4,"s:40:2:112:Infinity":5,"f:45:19:45:25":2,"s:45:25:45:Infinity":6,"b:48:16:48:Infinity:49:16:49:Infinity":2,"f:58:19:58:25":3,"s:58:25:58:Infinity":7,"b:61:16:61:Infinity:62:16:62:Infinity":3,"f:73:19:73:25":4,"s:73:25:73:Infinity":8,"b:76:16:76:Infinity:77:16:77:Infinity":4,"f:86:19:86:25":5,"s:86:25:86:Infinity":9,"b:89:16:89:Infinity:90:16:90:Infinity":5,"f:99:19:99:25":6,"s:99:25:99:Infinity":10,"b:102:16:102:Infinity:103:16:103:Infinity":6}}}
,"/Users/salah/projects/task-manager/src/components/TaskCard.tsx": {"path":"/Users/salah/projects/task-manager/src/components/TaskCard.tsx","statementMap":{"0":{"start":{"line":17,"column":49},"end":{"line":252,"column":null}},"1":{"start":{"line":18,"column":12},"end":{"line":18,"column":null}},"2":{"start":{"line":19,"column":36},"end":{"line":19,"column":null}},"3":{"start":{"line":20,"column":26},"end":{"line":20,"column":null}},"4":{"start":{"line":21,"column":42},"end":{"line":21,"column":null}},"5":{"start":{"line":23,"column":51},"end":{"line":23,"column":null}},"6":{"start":{"line":32,"column":2},"end":{"line":32,"column":null}},"7":{"start":{"line":34,"column":16},"end":{"line":38,"column":null}},"8":{"start":{"line":42,"column":23},"end":{"line":47,"column":null}},"9":{"start":{"line":43,"column":4},"end":{"line":46,"column":null}},"10":{"start":{"line":44,"column":6},"end":{"line":44,"column":null}},"11":{"start":{"line":45,"column":6},"end":{"line":45,"column":null}},"12":{"start":{"line":49,"column":26},"end":{"line":51,"column":null}},"13":{"start":{"line":50,"column":4},"end":{"line":50,"column":null}},"14":{"start":{"line":50,"column":58},"end":{"line":50,"column":77}},"15":{"start":{"line":53,"column":23},"end":{"line":57,"column":null}},"16":{"start":{"line":54,"column":4},"end":{"line":56,"column":null}},"17":{"start":{"line":55,"column":6},"end":{"line":55,"column":null}},"18":{"start":{"line":59,"column":22},"end":{"line":68,"column":null}},"19":{"start":{"line":60,"column":19},"end":{"line":66,"column":null}},"20":{"start":{"line":67,"column":4},"end":{"line":67,"column":null}},"21":{"start":{"line":70,"column":26},"end":{"line":76,"column":null}},"22":{"start":{"line":71,"column":4},"end":{"line":71,"column":null}},"23":{"start":{"line":71,"column":23},"end":{"line":71,"column":null}},"24":{"start":{"line":72,"column":4},"end":{"line":72,"column":null}},"25":{"start":{"line":72,"column":56},"end":{"line":72,"column":null}},"26":{"start":{"line":73,"column":4},"end":{"line":73,"column":null}},"27":{"start":{"line":73,"column":31},"end":{"line":73,"column":null}},"28":{"start":{"line":74,"column":4},"end":{"line":74,"column":null}},"29":{"start":{"line":74,"column":34},"end":{"line":74,"column":null}},"30":{"start":{"line":75,"column":4},"end":{"line":75,"column":null}},"31":{"start":{"line":78,"column":2},"end":{"line":250,"column":null}},"32":{"start":{"line":97,"column":31},"end":{"line":97,"column":null}},"33":{"start":{"line":118,"column":29},"end":{"line":118,"column":null}},"34":{"start":{"line":127,"column":18},"end":{"line":135,"column":null}},"35":{"start":{"line":130,"column":35},"end":{"line":130,"column":null}},"36":{"start":{"line":144,"column":33},"end":{"line":144,"column":null}},"37":{"start":{"line":161,"column":18},"end":{"line":179,"column":null}},"38":{"start":{"line":173,"column":37},"end":{"line":173,"column":null}},"39":{"start":{"line":190,"column":31},"end":{"line":190,"column":null}},"40":{"start":{"line":194,"column":31},"end":{"line":194,"column":null}},"41":{"start":{"line":210,"column":18},"end":{"line":217,"column":null}},"42":{"start":{"line":246,"column":25},"end":{"line":246,"column":null}}},"fnMap":{"0":{"name":"(anonymous_0)","decl":{"start":{"line":17,"column":49},"end":{"line":17,"column":50}},"loc":{"start":{"line":17,"column":63},"end":{"line":252,"column":null}},"line":17},"1":{"name":"(anonymous_1)","decl":{"start":{"line":42,"column":23},"end":{"line":42,"column":24}},"loc":{"start":{"line":42,"column":69},"end":{"line":47,"column":null}},"line":42},"2":{"name":"(anonymous_2)","decl":{"start":{"line":49,"column":26},"end":{"line":49,"column":27}},"loc":{"start":{"line":49,"column":51},"end":{"line":51,"column":null}},"line":49},"3":{"name":"(anonymous_3)","decl":{"start":{"line":50,"column":49},"end":{"line":50,"column":50}},"loc":{"start":{"line":50,"column":58},"end":{"line":50,"column":77}},"line":50},"4":{"name":"(anonymous_4)","decl":{"start":{"line":53,"column":23},"end":{"line":53,"column":29}},"loc":{"start":{"line":53,"column":29},"end":{"line":57,"column":null}},"line":53},"5":{"name":"(anonymous_5)","decl":{"start":{"line":59,"column":22},"end":{"line":59,"column":23}},"loc":{"start":{"line":59,"column":41},"end":{"line":68,"column":null}},"line":59},"6":{"name":"(anonymous_6)","decl":{"start":{"line":70,"column":26},"end":{"line":70,"column":32}},"loc":{"start":{"line":70,"column":32},"end":{"line":76,"column":null}},"line":70},"7":{"name":"(anonymous_7)","decl":{"start":{"line":97,"column":25},"end":{"line":97,"column":31}},"loc":{"start":{"line":97,"column":31},"end":{"line":97,"column":null}},"line":97},"8":{"name":"(anonymous_8)","decl":{"start":{"line":118,"column":23},"end":{"line":118,"column":29}},"loc":{"start":{"line":118,"column":29},"end":{"line":118,"column":null}},"line":118},"9":{"name":"(anonymous_9)","decl":{"start":{"line":126,"column":31},"end":{"line":126,"column":32}},"loc":{"start":{"line":127,"column":18},"end":{"line":135,"column":null}},"line":127},"10":{"name":"(anonymous_10)","decl":{"start":{"line":130,"column":29},"end":{"line":130,"column":35}},"loc":{"start":{"line":130,"column":35},"end":{"line":130,"column":null}},"line":130},"11":{"name":"(anonymous_11)","decl":{"start":{"line":144,"column":26},"end":{"line":144,"column":27}},"loc":{"start":{"line":144,"column":33},"end":{"line":144,"column":null}},"line":144},"12":{"name":"(anonymous_12)","decl":{"start":{"line":160,"column":38},"end":{"line":160,"column":39}},"loc":{"start":{"line":161,"column":18},"end":{"line":179,"column":null}},"line":161},"13":{"name":"(anonymous_13)","decl":{"start":{"line":173,"column":31},"end":{"line":173,"column":37}},"loc":{"start":{"line":173,"column":37},"end":{"line":173,"column":null}},"line":173},"14":{"name":"(anonymous_14)","decl":{"start":{"line":190,"column":25},"end":{"line":190,"column":31}},"loc":{"start":{"line":190,"column":31},"end":{"line":190,"column":null}},"line":190},"15":{"name":"(anonymous_15)","decl":{"start":{"line":194,"column":25},"end":{"line":194,"column":31}},"loc":{"start":{"line":194,"column":31},"end":{"line":194,"column":null}},"line":194},"16":{"name":"(anonymous_16)","decl":{"start":{"line":209,"column":35},"end":{"line":209,"column":36}},"loc":{"start":{"line":210,"column":18},"end":{"line":217,"column":null}},"line":210},"17":{"name":"(anonymous_17)","decl":{"start":{"line":246,"column":19},"end":{"line":246,"column":25}},"loc":{"start":{"line":246,"column":25},"end":{"line":246,"column":null}},"line":246}},"branchMap":{"0":{"loc":{"start":{"line":37,"column":13},"end":{"line":37,"column":null}},"type":"cond-expr","locations":[{"start":{"line":37,"column":26},"end":{"line":37,"column":32}},{"start":{"line":37,"column":32},"end":{"line":37,"column":null}}],"line":37},"1":{"loc":{"start":{"line":43,"column":4},"end":{"line":46,"column":null}},"type":"if","locations":[{"start":{"line":43,"column":4},"end":{"line":46,"column":null}},{"start":{},"end":{}}],"line":43},"2":{"loc":{"start":{"line":43,"column":8},"end":{"line":43,"column":44}},"type":"binary-expr","locations":[{"start":{"line":43,"column":8},"end":{"line":43,"column":29}},{"start":{"line":43,"column":29},"end":{"line":43,"column":44}}],"line":43},"3":{"loc":{"start":{"line":54,"column":4},"end":{"line":56,"column":null}},"type":"if","locations":[{"start":{"line":54,"column":4},"end":{"line":56,"column":null}},{"start":{},"end":{}}],"line":54},"4":{"loc":{"start":{"line":71,"column":4},"end":{"line":71,"column":null}},"type":"if","locations":[{"start":{"line":71,"column":4},"end":{"line":71,"column":null}},{"start":{},"end":{}}],"line":71},"5":{"loc":{"start":{"line":72,"column":4},"end":{"line":72,"column":null}},"type":"if","locations":[{"start":{"line":72,"column":4},"end":{"line":72,"column":null}},{"start":{},"end":{}}],"line":72},"6":{"loc":{"start":{"line":72,"column":4},"end":{"line":72,"column":56}},"type":"binary-expr","locations":[{"start":{"line":72,"column":4},"end":{"line":72,"column":32}},{"start":{"line":72,"column":32},"end":{"line":72,"column":56}}],"line":72},"7":{"loc":{"start":{"line":73,"column":4},"end":{"line":73,"column":null}},"type":"if","locations":[{"start":{"line":73,"column":4},"end":{"line":73,"column":null}},{"start":{},"end":{}}],"line":73},"8":{"loc":{"start":{"line":74,"column":4},"end":{"line":74,"column":null}},"type":"if","locations":[{"start":{"line":74,"column":4},"end":{"line":74,"column":null}},{"start":{},"end":{}}],"line":74},"9":{"loc":{"start":{"line":87,"column":10},"end":{"line":87,"column":null}},"type":"cond-expr","locations":[{"start":{"line":87,"column":23},"end":{"line":87,"column":38}},{"start":{"line":87,"column":38},"end":{"line":87,"column":null}}],"line":87},"10":{"loc":{"start":{"line":114,"column":11},"end":{"line":119,"column":null}},"type":"binary-expr","locations":[{"start":{"line":114,"column":11},"end":{"line":114,"column":null}},{"start":{"line":115,"column":12},"end":{"line":119,"column":null}}],"line":114},"11":{"loc":{"start":{"line":124,"column":13},"end":{"line":137,"column":null}},"type":"binary-expr","locations":[{"start":{"line":124,"column":13},"end":{"line":124,"column":null}},{"start":{"line":125,"column":14},"end":{"line":137,"column":null}}],"line":124},"12":{"loc":{"start":{"line":153,"column":11},"end":{"line":182,"column":null}},"type":"binary-expr","locations":[{"start":{"line":153,"column":11},"end":{"line":153,"column":null}},{"start":{"line":154,"column":12},"end":{"line":182,"column":null}}],"line":153},"13":{"loc":{"start":{"line":187,"column":13},"end":{"line":200,"column":null}},"type":"cond-expr","locations":[{"start":{"line":188,"column":14},"end":{"line":191,"column":null}},{"start":{"line":193,"column":14},"end":{"line":200,"column":null}}],"line":187},"14":{"loc":{"start":{"line":205,"column":11},"end":{"line":220,"column":null}},"type":"binary-expr","locations":[{"start":{"line":205,"column":11},"end":{"line":205,"column":null}},{"start":{"line":206,"column":12},"end":{"line":220,"column":null}}],"line":205},"15":{"loc":{"start":{"line":224,"column":11},"end":{"line":231,"column":null}},"type":"binary-expr","locations":[{"start":{"line":224,"column":11},"end":{"line":224,"column":null}},{"start":{"line":225,"column":12},"end":{"line":231,"column":null}}],"line":224}},"s":{"0":1,"1":54,"2":54,"3":54,"4":54,"5":54,"6":54,"7":54,"8":54,"9":2,"10":1,"11":1,"12":54,"13":0,"14":0,"15":54,"16":2,"17":1,"18":54,"19":92,"20":92,"21":54,"22":49,"23":0,"24":49,"25":1,"26":48,"27":1,"28":47,"29":1,"30":46,"31":54,"32":12,"33":0,"34":92,"35":0,"36":2,"37":46,"38":1,"39":0,"40":0,"41":92,"42":3},"f":{"0":54,"1":2,"2":0,"3":0,"4":2,"5":92,"6":49,"7":12,"8":0,"9":92,"10":0,"11":2,"12":46,"13":1,"14":0,"15":0,"16":92,"17":3},"b":{"0":[1,53],"1":[1,1],"2":[2,2],"3":[1,1],"4":[0,49],"5":[1,48],"6":[49,1],"7":[1,47],"8":[1,46],"9":[1,53],"10":[54,53],"11":[54,46],"12":[54,46],"13":[0,54],"14":[54,46],"15":[54,49]},"meta":{"lastBranch":16,"lastFunction":18,"lastStatement":43,"seen":{"s:17:49:252:Infinity":0,"f:17:49:17:50":0,"s:18:12:18:Infinity":1,"s:19:36:19:Infinity":2,"s:20:26:20:Infinity":3,"s:21:42:21:Infinity":4,"s:23:51:23:Infinity":5,"s:32:2:32:Infinity":6,"s:34:16:38:Infinity":7,"b:37:26:37:32:37:32:37:Infinity":0,"s:42:23:47:Infinity":8,"f:42:23:42:24":1,"b:43:4:46:Infinity:undefined:undefined:undefined:undefined":1,"s:43:4:46:Infinity":9,"b:43:8:43:29:43:29:43:44":2,"s:44:6:44:Infinity":10,"s:45:6:45:Infinity":11,"s:49:26:51:Infinity":12,"f:49:26:49:27":2,"s:50:4:50:Infinity":13,"f:50:49:50:50":3,"s:50:58:50:77":14,"s:53:23:57:Infinity":15,"f:53:23:53:29":4,"b:54:4:56:Infinity:undefined:undefined:undefined:undefined":3,"s:54:4:56:Infinity":16,"s:55:6:55:Infinity":17,"s:59:22:68:Infinity":18,"f:59:22:59:23":5,"s:60:19:66:Infinity":19,"s:67:4:67:Infinity":20,"s:70:26:76:Infinity":21,"f:70:26:70:32":6,"b:71:4:71:Infinity:undefined:undefined:undefined:undefined":4,"s:71:4:71:Infinity":22,"s:71:23:71:Infinity":23,"b:72:4:72:Infinity:undefined:undefined:undefined:undefined":5,"s:72:4:72:Infinity":24,"b:72:4:72:32:72:32:72:56":6,"s:72:56:72:Infinity":25,"b:73:4:73:Infinity:undefined:undefined:undefined:undefined":7,"s:73:4:73:Infinity":26,"s:73:31:73:Infinity":27,"b:74:4:74:Infinity:undefined:undefined:undefined:undefined":8,"s:74:4:74:Infinity":28,"s:74:34:74:Infinity":29,"s:75:4:75:Infinity":30,"s:78:2:250:Infinity":31,"b:87:23:87:38:87:38:87:Infinity":9,"f:97:25:97:31":7,"s:97:31:97:Infinity":32,"b:114:11:114:Infinity:115:12:119:Infinity":10,"f:118:23:118:29":8,"s:118:29:118:Infinity":33,"b:124:13:124:Infinity:125:14:137:Infinity":11,"f:126:31:126:32":9,"s:127:18:135:Infinity":34,"f:130:29:130:35":10,"s:130:35:130:Infinity":35,"f:144:26:144:27":11,"s:144:33:144:Infinity":36,"b:153:11:153:Infinity:154:12:182:Infinity":12,"f:160:38:160:39":12,"s:161:18:179:Infinity":37,"f:173:31:173:37":13,"s:173:37:173:Infinity":38,"b:188:14:191:Infinity:193:14:200:Infinity":13,"f:190:25:190:31":14,"s:190:31:190:Infinity":39,"f:194:25:194:31":15,"s:194:31:194:Infinity":40,"b:205:11:205:Infinity:206:12:220:Infinity":14,"f:209:35:209:36":16,"s:210:18:217:Infinity":41,"b:224:11:224:Infinity:225:12:231:Infinity":15,"f:246:19:246:25":17,"s:246:25:246:Infinity":42}}}
,"/Users/salah/projects/task-manager/src/components/TaskEditModal.tsx": {"path":"/Users/salah/projects/task-manager/src/components/TaskEditModal.tsx","statementMap":{"0":{"start":{"line":16,"column":59},"end":{"line":303,"column":null}},"1":{"start":{"line":17,"column":12},"end":{"line":17,"column":null}},"2":{"start":{"line":20,"column":59},"end":{"line":20,"column":null}},"3":{"start":{"line":21,"column":15},"end":{"line":24,"column":null}},"4":{"start":{"line":22,"column":22},"end":{"line":22,"column":33}},"5":{"start":{"line":23,"column":21},"end":{"line":23,"column":31}},"6":{"start":{"line":24,"column":15},"end":{"line":24,"column":30}},"7":{"start":{"line":26,"column":24},"end":{"line":26,"column":null}},"8":{"start":{"line":27,"column":36},"end":{"line":27,"column":null}},"9":{"start":{"line":28,"column":26},"end":{"line":28,"column":null}},"10":{"start":{"line":29,"column":42},"end":{"line":29,"column":null}},"11":{"start":{"line":30,"column":28},"end":{"line":30,"column":null}},"12":{"start":{"line":33,"column":2},"end":{"line":40,"column":null}},"13":{"start":{"line":34,"column":4},"end":{"line":39,"column":null}},"14":{"start":{"line":35,"column":6},"end":{"line":35,"column":null}},"15":{"start":{"line":36,"column":6},"end":{"line":36,"column":null}},"16":{"start":{"line":37,"column":6},"end":{"line":37,"column":null}},"17":{"start":{"line":38,"column":6},"end":{"line":38,"column":null}},"18":{"start":{"line":44,"column":2},"end":{"line":60,"column":null}},"19":{"start":{"line":45,"column":25},"end":{"line":49,"column":null}},"20":{"start":{"line":46,"column":6},"end":{"line":48,"column":null}},"21":{"start":{"line":47,"column":8},"end":{"line":47,"column":null}},"22":{"start":{"line":51,"column":4},"end":{"line":54,"column":null}},"23":{"start":{"line":52,"column":6},"end":{"line":52,"column":null}},"24":{"start":{"line":53,"column":6},"end":{"line":53,"column":null}},"25":{"start":{"line":56,"column":4},"end":{"line":59,"column":null}},"26":{"start":{"line":57,"column":6},"end":{"line":57,"column":null}},"27":{"start":{"line":58,"column":6},"end":{"line":58,"column":null}},"28":{"start":{"line":63,"column":2},"end":{"line":63,"column":null}},"29":{"start":{"line":63,"column":24},"end":{"line":63,"column":null}},"30":{"start":{"line":65,"column":21},"end":{"line":74,"column":null}},"31":{"start":{"line":66,"column":35},"end":{"line":66,"column":null}},"32":{"start":{"line":67,"column":4},"end":{"line":71,"column":null}},"33":{"start":{"line":68,"column":6},"end":{"line":68,"column":null}},"34":{"start":{"line":70,"column":6},"end":{"line":70,"column":null}},"35":{"start":{"line":72,"column":4},"end":{"line":72,"column":null}},"36":{"start":{"line":73,"column":4},"end":{"line":73,"column":null}},"37":{"start":{"line":76,"column":23},"end":{"line":81,"column":null}},"38":{"start":{"line":77,"column":4},"end":{"line":80,"column":null}},"39":{"start":{"line":78,"column":6},"end":{"line":78,"column":null}},"40":{"start":{"line":79,"column":6},"end":{"line":79,"column":null}},"41":{"start":{"line":83,"column":26},"end":{"line":85,"column":null}},"42":{"start":{"line":84,"column":4},"end":{"line":84,"column":null}},"43":{"start":{"line":84,"column":58},"end":{"line":84,"column":77}},"44":{"start":{"line":87,"column":23},"end":{"line":92,"column":null}},"45":{"start":{"line":88,"column":4},"end":{"line":91,"column":null}},"46":{"start":{"line":89,"column":6},"end":{"line":89,"column":null}},"47":{"start":{"line":90,"column":6},"end":{"line":90,"column":null}},"48":{"start":{"line":94,"column":22},"end":{"line":103,"column":null}},"49":{"start":{"line":95,"column":19},"end":{"line":101,"column":null}},"50":{"start":{"line":102,"column":4},"end":{"line":102,"column":null}},"51":{"start":{"line":105,"column":2},"end":{"line":301,"column":null}},"52":{"start":{"line":117,"column":24},"end":{"line":117,"column":null}},"53":{"start":{"line":149,"column":18},"end":{"line":156,"column":null}},"54":{"start":{"line":152,"column":35},"end":{"line":152,"column":null}},"55":{"start":{"line":163,"column":31},"end":{"line":163,"column":null}},"56":{"start":{"line":178,"column":31},"end":{"line":178,"column":null}},"57":{"start":{"line":208,"column":31},"end":{"line":208,"column":null}},"58":{"start":{"line":220,"column":18},"end":{"line":238,"column":null}},"59":{"start":{"line":232,"column":37},"end":{"line":232,"column":null}},"60":{"start":{"line":243,"column":58},"end":{"line":243,"column":84}},"61":{"start":{"line":246,"column":31},"end":{"line":246,"column":null}},"62":{"start":{"line":265,"column":18},"end":{"line":271,"column":null}}},"fnMap":{"0":{"name":"(anonymous_0)","decl":{"start":{"line":16,"column":59},"end":{"line":16,"column":60}},"loc":{"start":{"line":16,"column":92},"end":{"line":303,"column":null}},"line":16},"1":{"name":"(anonymous_1)","decl":{"start":{"line":22,"column":13},"end":{"line":22,"column":22}},"loc":{"start":{"line":22,"column":22},"end":{"line":22,"column":33}},"line":22},"2":{"name":"(anonymous_2)","decl":{"start":{"line":23,"column":13},"end":{"line":23,"column":21}},"loc":{"start":{"line":23,"column":21},"end":{"line":23,"column":31}},"line":23},"3":{"name":"(anonymous_3)","decl":{"start":{"line":24,"column":10},"end":{"line":24,"column":15}},"loc":{"start":{"line":24,"column":15},"end":{"line":24,"column":30}},"line":24},"4":{"name":"(anonymous_4)","decl":{"start":{"line":33,"column":12},"end":{"line":33,"column":18}},"loc":{"start":{"line":33,"column":18},"end":{"line":40,"column":5}},"line":33},"5":{"name":"(anonymous_5)","decl":{"start":{"line":44,"column":12},"end":{"line":44,"column":18}},"loc":{"start":{"line":44,"column":18},"end":{"line":60,"column":5}},"line":44},"6":{"name":"(anonymous_6)","decl":{"start":{"line":45,"column":25},"end":{"line":45,"column":26}},"loc":{"start":{"line":45,"column":47},"end":{"line":49,"column":null}},"line":45},"7":{"name":"(anonymous_7)","decl":{"start":{"line":56,"column":11},"end":{"line":56,"column":17}},"loc":{"start":{"line":56,"column":17},"end":{"line":59,"column":null}},"line":56},"8":{"name":"(anonymous_8)","decl":{"start":{"line":65,"column":21},"end":{"line":65,"column":27}},"loc":{"start":{"line":65,"column":27},"end":{"line":74,"column":null}},"line":65},"9":{"name":"(anonymous_9)","decl":{"start":{"line":76,"column":23},"end":{"line":76,"column":24}},"loc":{"start":{"line":76,"column":69},"end":{"line":81,"column":null}},"line":76},"10":{"name":"(anonymous_10)","decl":{"start":{"line":83,"column":26},"end":{"line":83,"column":27}},"loc":{"start":{"line":83,"column":51},"end":{"line":85,"column":null}},"line":83},"11":{"name":"(anonymous_11)","decl":{"start":{"line":84,"column":49},"end":{"line":84,"column":50}},"loc":{"start":{"line":84,"column":58},"end":{"line":84,"column":77}},"line":84},"12":{"name":"(anonymous_12)","decl":{"start":{"line":87,"column":23},"end":{"line":87,"column":29}},"loc":{"start":{"line":87,"column":29},"end":{"line":92,"column":null}},"line":87},"13":{"name":"(anonymous_13)","decl":{"start":{"line":94,"column":22},"end":{"line":94,"column":23}},"loc":{"start":{"line":94,"column":41},"end":{"line":103,"column":null}},"line":94},"14":{"name":"(anonymous_14)","decl":{"start":{"line":117,"column":17},"end":{"line":117,"column":18}},"loc":{"start":{"line":117,"column":24},"end":{"line":117,"column":null}},"line":117},"15":{"name":"(anonymous_15)","decl":{"start":{"line":148,"column":31},"end":{"line":148,"column":32}},"loc":{"start":{"line":149,"column":18},"end":{"line":156,"column":null}},"line":149},"16":{"name":"(anonymous_16)","decl":{"start":{"line":152,"column":29},"end":{"line":152,"column":35}},"loc":{"start":{"line":152,"column":35},"end":{"line":152,"column":null}},"line":152},"17":{"name":"(anonymous_17)","decl":{"start":{"line":163,"column":24},"end":{"line":163,"column":25}},"loc":{"start":{"line":163,"column":31},"end":{"line":163,"column":null}},"line":163},"18":{"name":"(anonymous_18)","decl":{"start":{"line":178,"column":24},"end":{"line":178,"column":25}},"loc":{"start":{"line":178,"column":31},"end":{"line":178,"column":null}},"line":178},"19":{"name":"(anonymous_19)","decl":{"start":{"line":208,"column":24},"end":{"line":208,"column":25}},"loc":{"start":{"line":208,"column":31},"end":{"line":208,"column":null}},"line":208},"20":{"name":"(anonymous_20)","decl":{"start":{"line":219,"column":38},"end":{"line":219,"column":39}},"loc":{"start":{"line":220,"column":18},"end":{"line":238,"column":null}},"line":220},"21":{"name":"(anonymous_21)","decl":{"start":{"line":232,"column":31},"end":{"line":232,"column":37}},"loc":{"start":{"line":232,"column":37},"end":{"line":232,"column":null}},"line":232},"22":{"name":"(anonymous_22)","decl":{"start":{"line":243,"column":52},"end":{"line":243,"column":58}},"loc":{"start":{"line":243,"column":58},"end":{"line":243,"column":84}},"line":243},"23":{"name":"(anonymous_23)","decl":{"start":{"line":246,"column":25},"end":{"line":246,"column":31}},"loc":{"start":{"line":246,"column":31},"end":{"line":246,"column":null}},"line":246},"24":{"name":"(anonymous_24)","decl":{"start":{"line":264,"column":35},"end":{"line":264,"column":36}},"loc":{"start":{"line":265,"column":18},"end":{"line":271,"column":null}},"line":265}},"branchMap":{"0":{"loc":{"start":{"line":34,"column":4},"end":{"line":39,"column":null}},"type":"if","locations":[{"start":{"line":34,"column":4},"end":{"line":39,"column":null}},{"start":{},"end":{}}],"line":34},"1":{"loc":{"start":{"line":34,"column":8},"end":{"line":34,"column":24}},"type":"binary-expr","locations":[{"start":{"line":34,"column":8},"end":{"line":34,"column":16}},{"start":{"line":34,"column":16},"end":{"line":34,"column":24}}],"line":34},"2":{"loc":{"start":{"line":37,"column":17},"end":{"line":37,"column":71}},"type":"cond-expr","locations":[{"start":{"line":37,"column":22},"end":{"line":37,"column":69}},{"start":{"line":37,"column":69},"end":{"line":37,"column":71}}],"line":37},"3":{"loc":{"start":{"line":46,"column":6},"end":{"line":48,"column":null}},"type":"if","locations":[{"start":{"line":46,"column":6},"end":{"line":48,"column":null}},{"start":{},"end":{}}],"line":46},"4":{"loc":{"start":{"line":46,"column":10},"end":{"line":46,"column":49}},"type":"binary-expr","locations":[{"start":{"line":46,"column":10},"end":{"line":46,"column":32}},{"start":{"line":46,"column":32},"end":{"line":46,"column":49}}],"line":46},"5":{"loc":{"start":{"line":51,"column":4},"end":{"line":54,"column":null}},"type":"if","locations":[{"start":{"line":51,"column":4},"end":{"line":54,"column":null}},{"start":{},"end":{}}],"line":51},"6":{"loc":{"start":{"line":63,"column":2},"end":{"line":63,"column":null}},"type":"if","locations":[{"start":{"line":63,"column":2},"end":{"line":63,"column":null}},{"start":{},"end":{}}],"line":63},"7":{"loc":{"start":{"line":63,"column":6},"end":{"line":63,"column":24}},"type":"binary-expr","locations":[{"start":{"line":63,"column":6},"end":{"line":63,"column":17}},{"start":{"line":63,"column":17},"end":{"line":63,"column":24}}],"line":63},"8":{"loc":{"start":{"line":67,"column":4},"end":{"line":71,"column":null}},"type":"if","locations":[{"start":{"line":67,"column":4},"end":{"line":71,"column":null}},{"start":{"line":69,"column":11},"end":{"line":71,"column":null}}],"line":67},"9":{"loc":{"start":{"line":77,"column":4},"end":{"line":80,"column":null}},"type":"if","locations":[{"start":{"line":77,"column":4},"end":{"line":80,"column":null}},{"start":{},"end":{}}],"line":77},"10":{"loc":{"start":{"line":77,"column":8},"end":{"line":77,"column":44}},"type":"binary-expr","locations":[{"start":{"line":77,"column":8},"end":{"line":77,"column":29}},{"start":{"line":77,"column":29},"end":{"line":77,"column":44}}],"line":77},"11":{"loc":{"start":{"line":88,"column":4},"end":{"line":91,"column":null}},"type":"if","locations":[{"start":{"line":88,"column":4},"end":{"line":91,"column":null}},{"start":{},"end":{}}],"line":88},"12":{"loc":{"start":{"line":146,"column":13},"end":{"line":158,"column":null}},"type":"binary-expr","locations":[{"start":{"line":146,"column":13},"end":{"line":146,"column":null}},{"start":{"line":147,"column":14},"end":{"line":158,"column":null}}],"line":146},"13":{"loc":{"start":{"line":217,"column":13},"end":{"line":240,"column":null}},"type":"binary-expr","locations":[{"start":{"line":217,"column":13},"end":{"line":217,"column":null}},{"start":{"line":218,"column":14},"end":{"line":240,"column":null}}],"line":217},"14":{"loc":{"start":{"line":242,"column":13},"end":{"line":252,"column":null}},"type":"cond-expr","locations":[{"start":{"line":243,"column":14},"end":{"line":243,"column":null}},{"start":{"line":245,"column":14},"end":{"line":252,"column":null}}],"line":242},"15":{"loc":{"start":{"line":257,"column":11},"end":{"line":274,"column":null}},"type":"binary-expr","locations":[{"start":{"line":257,"column":11},"end":{"line":257,"column":null}},{"start":{"line":258,"column":12},"end":{"line":274,"column":null}}],"line":257}},"s":{"0":1,"1":74,"2":74,"3":74,"4":74,"5":74,"6":74,"7":74,"8":74,"9":74,"10":74,"11":74,"12":74,"13":51,"14":12,"15":12,"16":12,"17":12,"18":74,"19":57,"20":3,"21":0,"22":57,"23":18,"24":18,"25":57,"26":57,"27":57,"28":74,"29":39,"30":35,"31":2,"32":2,"33":1,"34":1,"35":2,"36":2,"37":35,"38":1,"39":1,"40":1,"41":35,"42":1,"43":2,"44":35,"45":0,"46":0,"47":0,"48":35,"49":70,"50":70,"51":35,"52":8,"53":70,"54":1,"55":1,"56":1,"57":2,"58":35,"59":1,"60":1,"61":2,"62":70},"f":{"0":74,"1":74,"2":74,"3":74,"4":51,"5":57,"6":3,"7":57,"8":2,"9":1,"10":1,"11":2,"12":0,"13":70,"14":8,"15":70,"16":1,"17":1,"18":1,"19":2,"20":35,"21":1,"22":1,"23":2,"24":70},"b":{"0":[12,39],"1":[51,51],"2":[12,0],"3":[0,3],"4":[3,0],"5":[18,39],"6":[39,35],"7":[74,35],"8":[1,1],"9":[1,0],"10":[1,1],"11":[0,0],"12":[35,35],"13":[74,35],"14":[2,33],"15":[74,35]},"meta":{"lastBranch":16,"lastFunction":25,"lastStatement":63,"seen":{"s:16:59:303:Infinity":0,"f:16:59:16:60":0,"s:17:12:17:Infinity":1,"s:20:59:20:Infinity":2,"s:21:15:24:Infinity":3,"f:22:13:22:22":1,"s:22:22:22:33":4,"f:23:13:23:21":2,"s:23:21:23:31":5,"f:24:10:24:15":3,"s:24:15:24:30":6,"s:26:24:26:Infinity":7,"s:27:36:27:Infinity":8,"s:28:26:28:Infinity":9,"s:29:42:29:Infinity":10,"s:30:28:30:Infinity":11,"s:33:2:40:Infinity":12,"f:33:12:33:18":4,"b:34:4:39:Infinity:undefined:undefined:undefined:undefined":0,"s:34:4:39:Infinity":13,"b:34:8:34:16:34:16:34:24":1,"s:35:6:35:Infinity":14,"s:36:6:36:Infinity":15,"s:37:6:37:Infinity":16,"b:37:22:37:69:37:69:37:71":2,"s:38:6:38:Infinity":17,"s:44:2:60:Infinity":18,"f:44:12:44:18":5,"s:45:25:49:Infinity":19,"f:45:25:45:26":6,"b:46:6:48:Infinity:undefined:undefined:undefined:undefined":3,"s:46:6:48:Infinity":20,"b:46:10:46:32:46:32:46:49":4,"s:47:8:47:Infinity":21,"b:51:4:54:Infinity:undefined:undefined:undefined:undefined":5,"s:51:4:54:Infinity":22,"s:52:6:52:Infinity":23,"s:53:6:53:Infinity":24,"s:56:4:59:Infinity":25,"f:56:11:56:17":7,"s:57:6:57:Infinity":26,"s:58:6:58:Infinity":27,"b:63:2:63:Infinity:undefined:undefined:undefined:undefined":6,"s:63:2:63:Infinity":28,"b:63:6:63:17:63:17:63:24":7,"s:63:24:63:Infinity":29,"s:65:21:74:Infinity":30,"f:65:21:65:27":8,"s:66:35:66:Infinity":31,"b:67:4:71:Infinity:69:11:71:Infinity":8,"s:67:4:71:Infinity":32,"s:68:6:68:Infinity":33,"s:70:6:70:Infinity":34,"s:72:4:72:Infinity":35,"s:73:4:73:Infinity":36,"s:76:23:81:Infinity":37,"f:76:23:76:24":9,"b:77:4:80:Infinity:undefined:undefined:undefined:undefined":9,"s:77:4:80:Infinity":38,"b:77:8:77:29:77:29:77:44":10,"s:78:6:78:Infinity":39,"s:79:6:79:Infinity":40,"s:83:26:85:Infinity":41,"f:83:26:83:27":10,"s:84:4:84:Infinity":42,"f:84:49:84:50":11,"s:84:58:84:77":43,"s:87:23:92:Infinity":44,"f:87:23:87:29":12,"b:88:4:91:Infinity:undefined:undefined:undefined:undefined":11,"s:88:4:91:Infinity":45,"s:89:6:89:Infinity":46,"s:90:6:90:Infinity":47,"s:94:22:103:Infinity":48,"f:94:22:94:23":13,"s:95:19:101:Infinity":49,"s:102:4:102:Infinity":50,"s:105:2:301:Infinity":51,"f:117:17:117:18":14,"s:117:24:117:Infinity":52,"b:146:13:146:Infinity:147:14:158:Infinity":12,"f:148:31:148:32":15,"s:149:18:156:Infinity":53,"f:152:29:152:35":16,"s:152:35:152:Infinity":54,"f:163:24:163:25":17,"s:163:31:163:Infinity":55,"f:178:24:178:25":18,"s:178:31:178:Infinity":56,"f:208:24:208:25":19,"s:208:31:208:Infinity":57,"b:217:13:217:Infinity:218:14:240:Infinity":13,"f:219:38:219:39":20,"s:220:18:238:Infinity":58,"f:232:31:232:37":21,"s:232:37:232:Infinity":59,"b:243:14:243:Infinity:245:14:252:Infinity":14,"f:243:52:243:58":22,"s:243:58:243:84":60,"f:246:25:246:31":23,"s:246:31:246:Infinity":61,"b:257:11:257:Infinity:258:12:274:Infinity":15,"f:264:35:264:36":24,"s:265:18:271:Infinity":62}}}
,"/Users/salah/projects/task-manager/src/components/TaskList.tsx": {"path":"/Users/salah/projects/task-manager/src/components/TaskList.tsx","statementMap":{"0":{"start":{"line":18,"column":49},"end":{"line":133,"column":null}},"1":{"start":{"line":19,"column":12},"end":{"line":19,"column":null}},"2":{"start":{"line":20,"column":38},"end":{"line":20,"column":null}},"3":{"start":{"line":21,"column":38},"end":{"line":21,"column":null}},"4":{"start":{"line":22,"column":30},"end":{"line":22,"column":null}},"5":{"start":{"line":24,"column":30},"end":{"line":24,"column":null}},"6":{"start":{"line":26,"column":21},"end":{"line":26,"column":null}},"7":{"start":{"line":28,"column":24},"end":{"line":34,"column":null}},"8":{"start":{"line":29,"column":4},"end":{"line":33,"column":null}},"9":{"start":{"line":30,"column":6},"end":{"line":30,"column":null}},"10":{"start":{"line":31,"column":6},"end":{"line":31,"column":null}},"11":{"start":{"line":32,"column":6},"end":{"line":32,"column":null}},"12":{"start":{"line":36,"column":27},"end":{"line":41,"column":null}},"13":{"start":{"line":37,"column":4},"end":{"line":39,"column":null}},"14":{"start":{"line":38,"column":6},"end":{"line":38,"column":null}},"15":{"start":{"line":40,"column":4},"end":{"line":40,"column":null}},"16":{"start":{"line":43,"column":2},"end":{"line":131,"column":null}},"17":{"start":{"line":57,"column":29},"end":{"line":57,"column":null}},"18":{"start":{"line":83,"column":44},"end":{"line":83,"column":51}},"19":{"start":{"line":87,"column":14},"end":{"line":89,"column":null}},"20":{"start":{"line":100,"column":31},"end":{"line":100,"column":null}},"21":{"start":{"line":101,"column":32},"end":{"line":101,"column":null}},"22":{"start":{"line":112,"column":18},"end":{"line":112,"column":null}},"23":{"start":{"line":113,"column":18},"end":{"line":113,"column":null}},"24":{"start":{"line":123,"column":27},"end":{"line":123,"column":null}}},"fnMap":{"0":{"name":"(anonymous_0)","decl":{"start":{"line":18,"column":49},"end":{"line":18,"column":50}},"loc":{"start":{"line":18,"column":72},"end":{"line":133,"column":null}},"line":18},"1":{"name":"(anonymous_1)","decl":{"start":{"line":28,"column":24},"end":{"line":28,"column":30}},"loc":{"start":{"line":28,"column":30},"end":{"line":34,"column":null}},"line":28},"2":{"name":"(anonymous_2)","decl":{"start":{"line":36,"column":27},"end":{"line":36,"column":33}},"loc":{"start":{"line":36,"column":33},"end":{"line":41,"column":null}},"line":36},"3":{"name":"(anonymous_3)","decl":{"start":{"line":57,"column":23},"end":{"line":57,"column":29}},"loc":{"start":{"line":57,"column":29},"end":{"line":57,"column":null}},"line":57},"4":{"name":"(anonymous_4)","decl":{"start":{"line":83,"column":34},"end":{"line":83,"column":35}},"loc":{"start":{"line":83,"column":44},"end":{"line":83,"column":51}},"line":83},"5":{"name":"(anonymous_5)","decl":{"start":{"line":86,"column":28},"end":{"line":86,"column":29}},"loc":{"start":{"line":87,"column":14},"end":{"line":89,"column":null}},"line":87},"6":{"name":"(anonymous_6)","decl":{"start":{"line":100,"column":24},"end":{"line":100,"column":25}},"loc":{"start":{"line":100,"column":31},"end":{"line":100,"column":null}},"line":100},"7":{"name":"(anonymous_7)","decl":{"start":{"line":101,"column":25},"end":{"line":101,"column":26}},"loc":{"start":{"line":101,"column":32},"end":{"line":101,"column":null}},"line":101},"8":{"name":"(anonymous_8)","decl":{"start":{"line":111,"column":25},"end":{"line":111,"column":31}},"loc":{"start":{"line":111,"column":31},"end":{"line":114,"column":null}},"line":111},"9":{"name":"(anonymous_9)","decl":{"start":{"line":123,"column":21},"end":{"line":123,"column":27}},"loc":{"start":{"line":123,"column":27},"end":{"line":123,"column":null}},"line":123}},"branchMap":{"0":{"loc":{"start":{"line":29,"column":4},"end":{"line":33,"column":null}},"type":"if","locations":[{"start":{"line":29,"column":4},"end":{"line":33,"column":null}},{"start":{},"end":{}}],"line":29},"1":{"loc":{"start":{"line":37,"column":4},"end":{"line":39,"column":null}},"type":"if","locations":[{"start":{"line":37,"column":4},"end":{"line":39,"column":null}},{"start":{},"end":{}}],"line":37},"2":{"loc":{"start":{"line":63,"column":13},"end":{"line":72,"column":null}},"type":"binary-expr","locations":[{"start":{"line":63,"column":13},"end":{"line":63,"column":null}},{"start":{"line":64,"column":14},"end":{"line":72,"column":null}}],"line":63},"3":{"loc":{"start":{"line":95,"column":9},"end":{"line":128,"column":null}},"type":"cond-expr","locations":[{"start":{"line":96,"column":10},"end":{"line":120,"column":null}},{"start":{"line":122,"column":10},"end":{"line":128,"column":null}}],"line":95},"4":{"loc":{"start":{"line":101,"column":32},"end":{"line":101,"column":null}},"type":"binary-expr","locations":[{"start":{"line":101,"column":32},"end":{"line":101,"column":53}},{"start":{"line":101,"column":53},"end":{"line":101,"column":null}}],"line":101}},"s":{"0":1,"1":43,"2":43,"3":43,"4":43,"5":43,"6":43,"7":43,"8":3,"9":2,"10":2,"11":2,"12":43,"13":3,"14":2,"15":3,"16":43,"17":6,"18":83,"19":83,"20":4,"21":1,"22":2,"23":2,"24":7},"f":{"0":43,"1":3,"2":3,"3":6,"4":83,"5":83,"6":4,"7":1,"8":2,"9":7},"b":{"0":[2,1],"1":[2,1],"2":[43,5],"3":[11,32],"4":[1,1]},"meta":{"lastBranch":5,"lastFunction":10,"lastStatement":25,"seen":{"s:18:49:133:Infinity":0,"f:18:49:18:50":0,"s:19:12:19:Infinity":1,"s:20:38:20:Infinity":2,"s:21:38:21:Infinity":3,"s:22:30:22:Infinity":4,"s:24:30:24:Infinity":5,"s:26:21:26:Infinity":6,"s:28:24:34:Infinity":7,"f:28:24:28:30":1,"b:29:4:33:Infinity:undefined:undefined:undefined:undefined":0,"s:29:4:33:Infinity":8,"s:30:6:30:Infinity":9,"s:31:6:31:Infinity":10,"s:32:6:32:Infinity":11,"s:36:27:41:Infinity":12,"f:36:27:36:33":2,"b:37:4:39:Infinity:undefined:undefined:undefined:undefined":1,"s:37:4:39:Infinity":13,"s:38:6:38:Infinity":14,"s:40:4:40:Infinity":15,"s:43:2:131:Infinity":16,"f:57:23:57:29":3,"s:57:29:57:Infinity":17,"b:63:13:63:Infinity:64:14:72:Infinity":2,"f:83:34:83:35":4,"s:83:44:83:51":18,"f:86:28:86:29":5,"s:87:14:89:Infinity":19,"b:96:10:120:Infinity:122:10:128:Infinity":3,"f:100:24:100:25":6,"s:100:31:100:Infinity":20,"f:101:25:101:26":7,"s:101:32:101:Infinity":21,"b:101:32:101:53:101:53:101:Infinity":4,"f:111:25:111:31":8,"s:112:18:112:Infinity":22,"s:113:18:113:Infinity":23,"f:123:21:123:27":9,"s:123:27:123:Infinity":24}}}
,"/Users/salah/projects/task-manager/src/contexts/ThemeContext.tsx": {"path":"/Users/salah/projects/task-manager/src/contexts/ThemeContext.tsx","statementMap":{"0":{"start":{"line":10,"column":6},"end":{"line":10,"column":null}},"1":{"start":{"line":12,"column":70},"end":{"line":34,"column":null}},"2":{"start":{"line":13,"column":24},"end":{"line":16,"column":null}},"3":{"start":{"line":14,"column":19},"end":{"line":14,"column":null}},"4":{"start":{"line":15,"column":4},"end":{"line":15,"column":null}},"5":{"start":{"line":18,"column":2},"end":{"line":23,"column":null}},"6":{"start":{"line":19,"column":17},"end":{"line":19,"column":null}},"7":{"start":{"line":20,"column":4},"end":{"line":20,"column":null}},"8":{"start":{"line":21,"column":4},"end":{"line":21,"column":null}},"9":{"start":{"line":22,"column":4},"end":{"line":22,"column":null}},"10":{"start":{"line":25,"column":22},"end":{"line":27,"column":null}},"11":{"start":{"line":26,"column":4},"end":{"line":26,"column":null}},"12":{"start":{"line":26,"column":24},"end":{"line":26,"column":60}},"13":{"start":{"line":29,"column":2},"end":{"line":32,"column":null}},"14":{"start":{"line":36,"column":24},"end":{"line":42,"column":null}},"15":{"start":{"line":37,"column":8},"end":{"line":37,"column":null}},"16":{"start":{"line":38,"column":2},"end":{"line":40,"column":null}},"17":{"start":{"line":39,"column":4},"end":{"line":39,"column":null}},"18":{"start":{"line":41,"column":2},"end":{"line":41,"column":null}}},"fnMap":{"0":{"name":"(anonymous_0)","decl":{"start":{"line":12,"column":70},"end":{"line":12,"column":71}},"loc":{"start":{"line":12,"column":88},"end":{"line":34,"column":null}},"line":12},"1":{"name":"(anonymous_1)","decl":{"start":{"line":13,"column":44},"end":{"line":13,"column":50}},"loc":{"start":{"line":13,"column":50},"end":{"line":16,"column":3}},"line":13},"2":{"name":"(anonymous_2)","decl":{"start":{"line":18,"column":12},"end":{"line":18,"column":18}},"loc":{"start":{"line":18,"column":18},"end":{"line":23,"column":5}},"line":18},"3":{"name":"(anonymous_3)","decl":{"start":{"line":25,"column":22},"end":{"line":25,"column":28}},"loc":{"start":{"line":25,"column":28},"end":{"line":27,"column":null}},"line":25},"4":{"name":"(anonymous_4)","decl":{"start":{"line":26,"column":13},"end":{"line":26,"column":14}},"loc":{"start":{"line":26,"column":24},"end":{"line":26,"column":60}},"line":26},"5":{"name":"(anonymous_5)","decl":{"start":{"line":36,"column":24},"end":{"line":36,"column":30}},"loc":{"start":{"line":36,"column":30},"end":{"line":42,"column":null}},"line":36}},"branchMap":{"0":{"loc":{"start":{"line":15,"column":11},"end":{"line":15,"column":null}},"type":"binary-expr","locations":[{"start":{"line":15,"column":11},"end":{"line":15,"column":21}},{"start":{"line":15,"column":21},"end":{"line":15,"column":null}}],"line":15},"1":{"loc":{"start":{"line":26,"column":24},"end":{"line":26,"column":60}},"type":"cond-expr","locations":[{"start":{"line":26,"column":43},"end":{"line":26,"column":52}},{"start":{"line":26,"column":52},"end":{"line":26,"column":60}}],"line":26},"2":{"loc":{"start":{"line":38,"column":2},"end":{"line":40,"column":null}},"type":"if","locations":[{"start":{"line":38,"column":2},"end":{"line":40,"column":null}},{"start":{},"end":{}}],"line":38}},"s":{"0":9,"1":9,"2":139,"3":134,"4":134,"5":139,"6":139,"7":139,"8":139,"9":139,"10":139,"11":5,"12":5,"13":139,"14":9,"15":26,"16":26,"17":4,"18":20},"f":{"0":139,"1":134,"2":139,"3":5,"4":5,"5":26},"b":{"0":[134,15],"1":[4,1],"2":[4,22]},"meta":{"lastBranch":3,"lastFunction":6,"lastStatement":19,"seen":{"s:10:6:10:Infinity":0,"s:12:70:34:Infinity":1,"f:12:70:12:71":0,"s:13:24:16:Infinity":2,"f:13:44:13:50":1,"s:14:19:14:Infinity":3,"s:15:4:15:Infinity":4,"b:15:11:15:21:15:21:15:Infinity":0,"s:18:2:23:Infinity":5,"f:18:12:18:18":2,"s:19:17:19:Infinity":6,"s:20:4:20:Infinity":7,"s:21:4:21:Infinity":8,"s:22:4:22:Infinity":9,"s:25:22:27:Infinity":10,"f:25:22:25:28":3,"s:26:4:26:Infinity":11,"f:26:13:26:14":4,"s:26:24:26:60":12,"b:26:43:26:52:26:52:26:60":1,"s:29:2:32:Infinity":13,"s:36:24:42:Infinity":14,"f:36:24:36:30":5,"s:37:8:37:Infinity":15,"b:38:2:40:Infinity:undefined:undefined:undefined:undefined":2,"s:38:2:40:Infinity":16,"s:39:4:39:Infinity":17,"s:41:2:41:Infinity":18}}}
}
