{"/Users/salah/projects/task-manager/src/i18n.ts": {"path":"/Users/salah/projects/task-manager/src/i18n.ts","statementMap":{"0":{"start":{"line":4,"column":18},"end":{"line":135,"column":null}},"1":{"start":{"line":137,"column":0},"end":{"line":146,"column":null}}},"fnMap":{},"branchMap":{},"s":{"0":7,"1":7},"f":{},"b":{},"meta":{"lastBranch":0,"lastFunction":0,"lastStatement":2,"seen":{"s:4:18:135:Infinity":0,"s:137:0:146:Infinity":1}}}
,"/Users/salah/projects/task-manager/src/components/Board.tsx": {"path":"/Users/salah/projects/task-manager/src/components/Board.tsx","statementMap":{"0":{"start":{"line":27,"column":50},"end":{"line":48,"column":null}},"1":{"start":{"line":35,"column":2},"end":{"line":35,"column":null}},"2":{"start":{"line":37,"column":16},"end":{"line":41,"column":null}},"3":{"start":{"line":43,"column":2},"end":{"line":46,"column":null}},"4":{"start":{"line":50,"column":31},"end":{"line":302,"column":null}},"5":{"start":{"line":51,"column":12},"end":{"line":51,"column":null}},"6":{"start":{"line":52,"column":75},"end":{"line":52,"column":null}},"7":{"start":{"line":53,"column":23},"end":{"line":53,"column":null}},"8":{"start":{"line":53,"column":42},"end":{"line":53,"column":65}},"9":{"start":{"line":57,"column":38},"end":{"line":57,"column":null}},"10":{"start":{"line":58,"column":38},"end":{"line":58,"column":null}},"11":{"start":{"line":59,"column":30},"end":{"line":59,"column":null}},"12":{"start":{"line":60,"column":38},"end":{"line":60,"column":null}},"13":{"start":{"line":61,"column":52},"end":{"line":61,"column":null}},"14":{"start":{"line":62,"column":34},"end":{"line":62,"column":null}},"15":{"start":{"line":64,"column":8},"end":{"line":70,"column":null}},"16":{"start":{"line":72,"column":31},"end":{"line":77,"column":null}},"17":{"start":{"line":73,"column":4},"end":{"line":75,"column":null}},"18":{"start":{"line":74,"column":6},"end":{"line":74,"column":null}},"19":{"start":{"line":76,"column":4},"end":{"line":76,"column":null}},"20":{"start":{"line":79,"column":24},"end":{"line":86,"column":null}},"21":{"start":{"line":80,"column":4},"end":{"line":85,"column":null}},"22":{"start":{"line":81,"column":6},"end":{"line":81,"column":null}},"23":{"start":{"line":82,"column":4},"end":{"line":85,"column":null}},"24":{"start":{"line":83,"column":6},"end":{"line":83,"column":null}},"25":{"start":{"line":84,"column":6},"end":{"line":84,"column":null}},"26":{"start":{"line":88,"column":24},"end":{"line":94,"column":null}},"27":{"start":{"line":89,"column":4},"end":{"line":93,"column":null}},"28":{"start":{"line":90,"column":6},"end":{"line":90,"column":null}},"29":{"start":{"line":91,"column":6},"end":{"line":91,"column":null}},"30":{"start":{"line":92,"column":6},"end":{"line":92,"column":null}},"31":{"start":{"line":96,"column":26},"end":{"line":102,"column":null}},"32":{"start":{"line":97,"column":4},"end":{"line":97,"column":null}},"33":{"start":{"line":98,"column":19},"end":{"line":98,"column":null}},"34":{"start":{"line":98,"column":51},"end":{"line":98,"column":78}},"35":{"start":{"line":99,"column":4},"end":{"line":101,"column":null}},"36":{"start":{"line":100,"column":6},"end":{"line":100,"column":null}},"37":{"start":{"line":104,"column":25},"end":{"line":138,"column":null}},"38":{"start":{"line":105,"column":29},"end":{"line":105,"column":null}},"39":{"start":{"line":107,"column":4},"end":{"line":107,"column":null}},"40":{"start":{"line":107,"column":15},"end":{"line":107,"column":null}},"41":{"start":{"line":109,"column":21},"end":{"line":109,"column":null}},"42":{"start":{"line":110,"column":19},"end":{"line":110,"column":null}},"43":{"start":{"line":113,"column":23},"end":{"line":115,"column":null}},"44":{"start":{"line":114,"column":6},"end":{"line":114,"column":null}},"45":{"start":{"line":114,"column":32},"end":{"line":114,"column":52}},"46":{"start":{"line":117,"column":19},"end":{"line":119,"column":null}},"47":{"start":{"line":118,"column":6},"end":{"line":118,"column":null}},"48":{"start":{"line":118,"column":32},"end":{"line":118,"column":50}},"49":{"start":{"line":122,"column":4},"end":{"line":124,"column":null}},"50":{"start":{"line":123,"column":6},"end":{"line":123,"column":null}},"51":{"start":{"line":123,"column":51},"end":{"line":123,"column":69}},"52":{"start":{"line":126,"column":4},"end":{"line":126,"column":null}},"53":{"start":{"line":126,"column":34},"end":{"line":126,"column":null}},"54":{"start":{"line":129,"column":4},"end":{"line":137,"column":null}},"55":{"start":{"line":130,"column":25},"end":{"line":130,"column":null}},"56":{"start":{"line":130,"column":57},"end":{"line":130,"column":77}},"57":{"start":{"line":131,"column":6},"end":{"line":131,"column":null}},"58":{"start":{"line":131,"column":23},"end":{"line":131,"column":null}},"59":{"start":{"line":133,"column":28},"end":{"line":133,"column":null}},"60":{"start":{"line":133,"column":63},"end":{"line":133,"column":81}},"61":{"start":{"line":134,"column":23},"end":{"line":134,"column":null}},"62":{"start":{"line":136,"column":6},"end":{"line":136,"column":null}},"63":{"start":{"line":140,"column":24},"end":{"line":183,"column":null}},"64":{"start":{"line":141,"column":29},"end":{"line":141,"column":null}},"65":{"start":{"line":142,"column":4},"end":{"line":142,"column":null}},"66":{"start":{"line":143,"column":4},"end":{"line":143,"column":null}},"67":{"start":{"line":145,"column":4},"end":{"line":145,"column":null}},"68":{"start":{"line":145,"column":15},"end":{"line":145,"column":null}},"69":{"start":{"line":147,"column":21},"end":{"line":147,"column":null}},"70":{"start":{"line":148,"column":19},"end":{"line":148,"column":null}},"71":{"start":{"line":150,"column":4},"end":{"line":150,"column":null}},"72":{"start":{"line":150,"column":29},"end":{"line":150,"column":null}},"73":{"start":{"line":153,"column":23},"end":{"line":153,"column":null}},"74":{"start":{"line":153,"column":55},"end":{"line":153,"column":75}},"75":{"start":{"line":154,"column":4},"end":{"line":164,"column":null}},"76":{"start":{"line":155,"column":23},"end":{"line":155,"column":null}},"77":{"start":{"line":155,"column":55},"end":{"line":155,"column":73}},"78":{"start":{"line":156,"column":6},"end":{"line":162,"column":null}},"79":{"start":{"line":157,"column":26},"end":{"line":157,"column":null}},"80":{"start":{"line":158,"column":24},"end":{"line":158,"column":null}},"81":{"start":{"line":159,"column":8},"end":{"line":161,"column":null}},"82":{"start":{"line":160,"column":10},"end":{"line":160,"column":null}},"83":{"start":{"line":163,"column":6},"end":{"line":163,"column":null}},"84":{"start":{"line":167,"column":30},"end":{"line":169,"column":null}},"85":{"start":{"line":168,"column":6},"end":{"line":168,"column":null}},"86":{"start":{"line":168,"column":32},"end":{"line":168,"column":52}},"87":{"start":{"line":171,"column":28},"end":{"line":173,"column":null}},"88":{"start":{"line":172,"column":6},"end":{"line":172,"column":null}},"89":{"start":{"line":172,"column":32},"end":{"line":172,"column":50}},"90":{"start":{"line":175,"column":4},"end":{"line":182,"column":null}},"91":{"start":{"line":176,"column":23},"end":{"line":176,"column":null}},"92":{"start":{"line":176,"column":67},"end":{"line":176,"column":87}},"93":{"start":{"line":177,"column":23},"end":{"line":177,"column":null}},"94":{"start":{"line":177,"column":67},"end":{"line":177,"column":85}},"95":{"start":{"line":179,"column":6},"end":{"line":181,"column":null}},"96":{"start":{"line":180,"column":8},"end":{"line":180,"column":null}},"97":{"start":{"line":188,"column":2},"end":{"line":194,"column":null}},"98":{"start":{"line":189,"column":4},"end":{"line":192,"column":null}},"99":{"start":{"line":196,"column":21},"end":{"line":198,"column":null}},"100":{"start":{"line":197,"column":23},"end":{"line":197,"column":33}},"101":{"start":{"line":198,"column":20},"end":{"line":198,"column":40}},"102":{"start":{"line":200,"column":21},"end":{"line":200,"column":null}},"103":{"start":{"line":200,"column":55},"end":{"line":200,"column":79}},"104":{"start":{"line":202,"column":2},"end":{"line":300,"column":null}},"105":{"start":{"line":216,"column":31},"end":{"line":216,"column":null}},"106":{"start":{"line":225,"column":29},"end":{"line":225,"column":null}},"107":{"start":{"line":234,"column":52},"end":{"line":234,"column":59}},"108":{"start":{"line":238,"column":14},"end":{"line":240,"column":null}},"109":{"start":{"line":251,"column":35},"end":{"line":251,"column":null}},"110":{"start":{"line":252,"column":36},"end":{"line":252,"column":null}},"111":{"start":{"line":263,"column":22},"end":{"line":263,"column":null}},"112":{"start":{"line":264,"column":22},"end":{"line":264,"column":null}},"113":{"start":{"line":275,"column":31},"end":{"line":275,"column":null}}},"fnMap":{"0":{"name":"(anonymous_0)","decl":{"start":{"line":27,"column":50},"end":{"line":27,"column":51}},"loc":{"start":{"line":27,"column":73},"end":{"line":48,"column":null}},"line":27},"1":{"name":"(anonymous_1)","decl":{"start":{"line":50,"column":31},"end":{"line":50,"column":37}},"loc":{"start":{"line":50,"column":37},"end":{"line":302,"column":null}},"line":50},"2":{"name":"(anonymous_2)","decl":{"start":{"line":53,"column":35},"end":{"line":53,"column":36}},"loc":{"start":{"line":53,"column":42},"end":{"line":53,"column":65}},"line":53},"3":{"name":"(anonymous_3)","decl":{"start":{"line":72,"column":31},"end":{"line":72,"column":37}},"loc":{"start":{"line":72,"column":37},"end":{"line":77,"column":null}},"line":72},"4":{"name":"(anonymous_4)","decl":{"start":{"line":79,"column":24},"end":{"line":79,"column":25}},"loc":{"start":{"line":79,"column":52},"end":{"line":86,"column":null}},"line":79},"5":{"name":"(anonymous_5)","decl":{"start":{"line":88,"column":24},"end":{"line":88,"column":30}},"loc":{"start":{"line":88,"column":30},"end":{"line":94,"column":null}},"line":88},"6":{"name":"(anonymous_6)","decl":{"start":{"line":96,"column":26},"end":{"line":96,"column":27}},"loc":{"start":{"line":96,"column":53},"end":{"line":102,"column":null}},"line":96},"7":{"name":"(anonymous_7)","decl":{"start":{"line":98,"column":43},"end":{"line":98,"column":51}},"loc":{"start":{"line":98,"column":51},"end":{"line":98,"column":78}},"line":98},"8":{"name":"(anonymous_8)","decl":{"start":{"line":104,"column":25},"end":{"line":104,"column":26}},"loc":{"start":{"line":104,"column":51},"end":{"line":138,"column":null}},"line":104},"9":{"name":"(anonymous_9)","decl":{"start":{"line":113,"column":47},"end":{"line":113,"column":48}},"loc":{"start":{"line":114,"column":6},"end":{"line":114,"column":null}},"line":114},"10":{"name":"(anonymous_10)","decl":{"start":{"line":114,"column":22},"end":{"line":114,"column":23}},"loc":{"start":{"line":114,"column":32},"end":{"line":114,"column":52}},"line":114},"11":{"name":"(anonymous_11)","decl":{"start":{"line":117,"column":43},"end":{"line":117,"column":44}},"loc":{"start":{"line":118,"column":6},"end":{"line":118,"column":null}},"line":118},"12":{"name":"(anonymous_12)","decl":{"start":{"line":118,"column":22},"end":{"line":118,"column":23}},"loc":{"start":{"line":118,"column":32},"end":{"line":118,"column":50}},"line":118},"13":{"name":"(anonymous_13)","decl":{"start":{"line":123,"column":41},"end":{"line":123,"column":42}},"loc":{"start":{"line":123,"column":51},"end":{"line":123,"column":69}},"line":123},"14":{"name":"(anonymous_14)","decl":{"start":{"line":130,"column":47},"end":{"line":130,"column":48}},"loc":{"start":{"line":130,"column":57},"end":{"line":130,"column":77}},"line":130},"15":{"name":"(anonymous_15)","decl":{"start":{"line":133,"column":53},"end":{"line":133,"column":54}},"loc":{"start":{"line":133,"column":63},"end":{"line":133,"column":81}},"line":133},"16":{"name":"(anonymous_16)","decl":{"start":{"line":140,"column":24},"end":{"line":140,"column":25}},"loc":{"start":{"line":140,"column":49},"end":{"line":183,"column":null}},"line":140},"17":{"name":"(anonymous_17)","decl":{"start":{"line":153,"column":47},"end":{"line":153,"column":55}},"loc":{"start":{"line":153,"column":55},"end":{"line":153,"column":75}},"line":153},"18":{"name":"(anonymous_18)","decl":{"start":{"line":155,"column":47},"end":{"line":155,"column":55}},"loc":{"start":{"line":155,"column":55},"end":{"line":155,"column":73}},"line":155},"19":{"name":"(anonymous_19)","decl":{"start":{"line":167,"column":54},"end":{"line":167,"column":55}},"loc":{"start":{"line":168,"column":6},"end":{"line":168,"column":null}},"line":168},"20":{"name":"(anonymous_20)","decl":{"start":{"line":168,"column":22},"end":{"line":168,"column":23}},"loc":{"start":{"line":168,"column":32},"end":{"line":168,"column":52}},"line":168},"21":{"name":"(anonymous_21)","decl":{"start":{"line":171,"column":52},"end":{"line":171,"column":53}},"loc":{"start":{"line":172,"column":6},"end":{"line":172,"column":null}},"line":172},"22":{"name":"(anonymous_22)","decl":{"start":{"line":172,"column":22},"end":{"line":172,"column":23}},"loc":{"start":{"line":172,"column":32},"end":{"line":172,"column":50}},"line":172},"23":{"name":"(anonymous_23)","decl":{"start":{"line":176,"column":57},"end":{"line":176,"column":58}},"loc":{"start":{"line":176,"column":67},"end":{"line":176,"column":87}},"line":176},"24":{"name":"(anonymous_24)","decl":{"start":{"line":177,"column":57},"end":{"line":177,"column":58}},"loc":{"start":{"line":177,"column":67},"end":{"line":177,"column":85}},"line":177},"25":{"name":"(anonymous_25)","decl":{"start":{"line":197,"column":13},"end":{"line":197,"column":14}},"loc":{"start":{"line":197,"column":23},"end":{"line":197,"column":33}},"line":197},"26":{"name":"(anonymous_26)","decl":{"start":{"line":198,"column":10},"end":{"line":198,"column":11}},"loc":{"start":{"line":198,"column":20},"end":{"line":198,"column":40}},"line":198},"27":{"name":"(anonymous_27)","decl":{"start":{"line":200,"column":45},"end":{"line":200,"column":46}},"loc":{"start":{"line":200,"column":55},"end":{"line":200,"column":79}},"line":200},"28":{"name":"(anonymous_28)","decl":{"start":{"line":216,"column":24},"end":{"line":216,"column":25}},"loc":{"start":{"line":216,"column":31},"end":{"line":216,"column":null}},"line":216},"29":{"name":"(anonymous_29)","decl":{"start":{"line":225,"column":23},"end":{"line":225,"column":29}},"loc":{"start":{"line":225,"column":29},"end":{"line":225,"column":null}},"line":225},"30":{"name":"(anonymous_30)","decl":{"start":{"line":234,"column":42},"end":{"line":234,"column":43}},"loc":{"start":{"line":234,"column":52},"end":{"line":234,"column":59}},"line":234},"31":{"name":"(anonymous_31)","decl":{"start":{"line":237,"column":36},"end":{"line":237,"column":37}},"loc":{"start":{"line":238,"column":14},"end":{"line":240,"column":null}},"line":238},"32":{"name":"(anonymous_32)","decl":{"start":{"line":251,"column":28},"end":{"line":251,"column":29}},"loc":{"start":{"line":251,"column":35},"end":{"line":251,"column":null}},"line":251},"33":{"name":"(anonymous_33)","decl":{"start":{"line":252,"column":29},"end":{"line":252,"column":30}},"loc":{"start":{"line":252,"column":36},"end":{"line":252,"column":null}},"line":252},"34":{"name":"(anonymous_34)","decl":{"start":{"line":262,"column":29},"end":{"line":262,"column":35}},"loc":{"start":{"line":262,"column":35},"end":{"line":265,"column":null}},"line":262},"35":{"name":"(anonymous_35)","decl":{"start":{"line":275,"column":25},"end":{"line":275,"column":31}},"loc":{"start":{"line":275,"column":31},"end":{"line":275,"column":null}},"line":275}},"branchMap":{"0":{"loc":{"start":{"line":40,"column":13},"end":{"line":40,"column":null}},"type":"cond-expr","locations":[{"start":{"line":40,"column":26},"end":{"line":40,"column":32}},{"start":{"line":40,"column":32},"end":{"line":40,"column":null}}],"line":40},"1":{"loc":{"start":{"line":53,"column":23},"end":{"line":53,"column":null}},"type":"binary-expr","locations":[{"start":{"line":53,"column":23},"end":{"line":53,"column":70}},{"start":{"line":53,"column":70},"end":{"line":53,"column":null}}],"line":53},"2":{"loc":{"start":{"line":62,"column":47},"end":{"line":62,"column":72}},"type":"binary-expr","locations":[{"start":{"line":62,"column":47},"end":{"line":62,"column":70}},{"start":{"line":62,"column":70},"end":{"line":62,"column":72}}],"line":62},"3":{"loc":{"start":{"line":73,"column":4},"end":{"line":75,"column":null}},"type":"if","locations":[{"start":{"line":73,"column":4},"end":{"line":75,"column":null}},{"start":{},"end":{}}],"line":73},"4":{"loc":{"start":{"line":80,"column":4},"end":{"line":85,"column":null}},"type":"if","locations":[{"start":{"line":80,"column":4},"end":{"line":85,"column":null}},{"start":{"line":82,"column":4},"end":{"line":85,"column":null}}],"line":80},"5":{"loc":{"start":{"line":82,"column":4},"end":{"line":85,"column":null}},"type":"if","locations":[{"start":{"line":82,"column":4},"end":{"line":85,"column":null}},{"start":{},"end":{}}],"line":82},"6":{"loc":{"start":{"line":89,"column":4},"end":{"line":93,"column":null}},"type":"if","locations":[{"start":{"line":89,"column":4},"end":{"line":93,"column":null}},{"start":{},"end":{}}],"line":89},"7":{"loc":{"start":{"line":89,"column":8},"end":{"line":89,"column":45}},"type":"binary-expr","locations":[{"start":{"line":89,"column":8},"end":{"line":89,"column":31}},{"start":{"line":89,"column":31},"end":{"line":89,"column":45}}],"line":89},"8":{"loc":{"start":{"line":99,"column":4},"end":{"line":101,"column":null}},"type":"if","locations":[{"start":{"line":99,"column":4},"end":{"line":101,"column":null}},{"start":{},"end":{}}],"line":99},"9":{"loc":{"start":{"line":107,"column":4},"end":{"line":107,"column":null}},"type":"if","locations":[{"start":{"line":107,"column":4},"end":{"line":107,"column":null}},{"start":{},"end":{}}],"line":107},"10":{"loc":{"start":{"line":122,"column":4},"end":{"line":124,"column":null}},"type":"if","locations":[{"start":{"line":122,"column":4},"end":{"line":124,"column":null}},{"start":{},"end":{}}],"line":122},"11":{"loc":{"start":{"line":126,"column":4},"end":{"line":126,"column":null}},"type":"if","locations":[{"start":{"line":126,"column":4},"end":{"line":126,"column":null}},{"start":{},"end":{}}],"line":126},"12":{"loc":{"start":{"line":126,"column":8},"end":{"line":126,"column":34}},"type":"binary-expr","locations":[{"start":{"line":126,"column":8},"end":{"line":126,"column":23}},{"start":{"line":126,"column":23},"end":{"line":126,"column":34}}],"line":126},"13":{"loc":{"start":{"line":129,"column":4},"end":{"line":137,"column":null}},"type":"if","locations":[{"start":{"line":129,"column":4},"end":{"line":137,"column":null}},{"start":{},"end":{}}],"line":129},"14":{"loc":{"start":{"line":131,"column":6},"end":{"line":131,"column":null}},"type":"if","locations":[{"start":{"line":131,"column":6},"end":{"line":131,"column":null}},{"start":{},"end":{}}],"line":131},"15":{"loc":{"start":{"line":134,"column":23},"end":{"line":134,"column":null}},"type":"cond-expr","locations":[{"start":{"line":134,"column":44},"end":{"line":134,"column":60}},{"start":{"line":134,"column":60},"end":{"line":134,"column":null}}],"line":134},"16":{"loc":{"start":{"line":145,"column":4},"end":{"line":145,"column":null}},"type":"if","locations":[{"start":{"line":145,"column":4},"end":{"line":145,"column":null}},{"start":{},"end":{}}],"line":145},"17":{"loc":{"start":{"line":150,"column":4},"end":{"line":150,"column":null}},"type":"if","locations":[{"start":{"line":150,"column":4},"end":{"line":150,"column":null}},{"start":{},"end":{}}],"line":150},"18":{"loc":{"start":{"line":154,"column":4},"end":{"line":164,"column":null}},"type":"if","locations":[{"start":{"line":154,"column":4},"end":{"line":164,"column":null}},{"start":{},"end":{}}],"line":154},"19":{"loc":{"start":{"line":156,"column":6},"end":{"line":162,"column":null}},"type":"if","locations":[{"start":{"line":156,"column":6},"end":{"line":162,"column":null}},{"start":{},"end":{}}],"line":156},"20":{"loc":{"start":{"line":159,"column":8},"end":{"line":161,"column":null}},"type":"if","locations":[{"start":{"line":159,"column":8},"end":{"line":161,"column":null}},{"start":{},"end":{}}],"line":159},"21":{"loc":{"start":{"line":175,"column":4},"end":{"line":182,"column":null}},"type":"if","locations":[{"start":{"line":175,"column":4},"end":{"line":182,"column":null}},{"start":{},"end":{}}],"line":175},"22":{"loc":{"start":{"line":175,"column":8},"end":{"line":175,"column":93}},"type":"binary-expr","locations":[{"start":{"line":175,"column":8},"end":{"line":175,"column":29}},{"start":{"line":175,"column":29},"end":{"line":175,"column":48}},{"start":{"line":175,"column":48},"end":{"line":175,"column":93}}],"line":175},"23":{"loc":{"start":{"line":179,"column":6},"end":{"line":181,"column":null}},"type":"if","locations":[{"start":{"line":179,"column":6},"end":{"line":181,"column":null}},{"start":{},"end":{}}],"line":179},"24":{"loc":{"start":{"line":188,"column":2},"end":{"line":194,"column":null}},"type":"if","locations":[{"start":{"line":188,"column":2},"end":{"line":194,"column":null}},{"start":{},"end":{}}],"line":188},"25":{"loc":{"start":{"line":212,"column":11},"end":{"line":228,"column":null}},"type":"cond-expr","locations":[{"start":{"line":213,"column":12},"end":{"line":221,"column":null}},{"start":{"line":223,"column":12},"end":{"line":228,"column":null}}],"line":212},"26":{"loc":{"start":{"line":246,"column":13},"end":{"line":282,"column":null}},"type":"cond-expr","locations":[{"start":{"line":247,"column":14},"end":{"line":272,"column":null}},{"start":{"line":274,"column":14},"end":{"line":282,"column":null}}],"line":246},"27":{"loc":{"start":{"line":252,"column":36},"end":{"line":252,"column":null}},"type":"binary-expr","locations":[{"start":{"line":252,"column":36},"end":{"line":252,"column":57}},{"start":{"line":252,"column":57},"end":{"line":252,"column":null}}],"line":252},"28":{"loc":{"start":{"line":289,"column":9},"end":{"line":292,"column":null}},"type":"binary-expr","locations":[{"start":{"line":289,"column":9},"end":{"line":289,"column":null}},{"start":{"line":290,"column":10},"end":{"line":292,"column":null}}],"line":289},"29":{"loc":{"start":{"line":294,"column":9},"end":{"line":297,"column":null}},"type":"binary-expr","locations":[{"start":{"line":294,"column":9},"end":{"line":294,"column":null}},{"start":{"line":295,"column":10},"end":{"line":297,"column":null}}],"line":294}},"s":{"0":1,"1":196,"2":196,"3":196,"4":1,"5":100,"6":100,"7":100,"8":99,"9":100,"10":100,"11":100,"12":100,"13":100,"14":100,"15":100,"16":100,"17":3,"18":3,"19":3,"20":100,"21":59,"22":2,"23":57,"24":1,"25":1,"26":100,"27":2,"28":1,"29":1,"30":1,"31":100,"32":1,"33":1,"34":2,"35":1,"36":0,"37":100,"38":2,"39":2,"40":0,"41":2,"42":2,"43":2,"44":2,"45":2,"46":2,"47":3,"48":5,"49":2,"50":1,"51":2,"52":2,"53":0,"54":2,"55":1,"56":1,"57":1,"58":0,"59":1,"60":1,"61":1,"62":1,"63":100,"64":2,"65":2,"66":2,"67":2,"68":0,"69":2,"70":2,"71":2,"72":0,"73":2,"74":3,"75":2,"76":1,"77":2,"78":1,"79":1,"80":1,"81":1,"82":1,"83":1,"84":1,"85":1,"86":1,"87":1,"88":1,"89":2,"90":1,"91":1,"92":1,"93":1,"94":2,"95":1,"96":1,"97":100,"98":1,"99":99,"100":196,"101":294,"102":99,"103":196,"104":99,"105":60,"106":4,"107":196,"108":196,"109":8,"110":10,"111":1,"112":1,"113":4},"f":{"0":196,"1":100,"2":99,"3":3,"4":59,"5":2,"6":1,"7":2,"8":2,"9":2,"10":2,"11":3,"12":5,"13":2,"14":1,"15":1,"16":2,"17":3,"18":2,"19":1,"20":1,"21":1,"22":2,"23":1,"24":2,"25":196,"26":294,"27":196,"28":60,"29":4,"30":196,"31":196,"32":8,"33":10,"34":1,"35":4},"b":{"0":[0,196],"1":[100,1],"2":[100,1],"3":[3,0],"4":[2,57],"5":[1,56],"6":[1,1],"7":[2,1],"8":[0,1],"9":[0,2],"10":[1,1],"11":[0,2],"12":[2,2],"13":[1,1],"14":[0,1],"15":[0,1],"16":[0,2],"17":[0,2],"18":[1,1],"19":[1,0],"20":[1,0],"21":[1,0],"22":[1,1,1],"23":[1,0],"24":[1,99],"25":[64,35],"26":[12,87],"27":[10,2],"28":[100,0],"29":[100,0]},"meta":{"lastBranch":30,"lastFunction":36,"lastStatement":114,"seen":{"s:27:50:48:Infinity":0,"f:27:50:27:51":0,"s:35:2:35:Infinity":1,"s:37:16:41:Infinity":2,"b:40:26:40:32:40:32:40:Infinity":0,"s:43:2:46:Infinity":3,"s:50:31:302:Infinity":4,"f:50:31:50:37":1,"s:51:12:51:Infinity":5,"s:52:75:52:Infinity":6,"s:53:23:53:Infinity":7,"b:53:23:53:70:53:70:53:Infinity":1,"f:53:35:53:36":2,"s:53:42:53:65":8,"s:57:38:57:Infinity":9,"s:58:38:58:Infinity":10,"s:59:30:59:Infinity":11,"s:60:38:60:Infinity":12,"s:61:52:61:Infinity":13,"s:62:34:62:Infinity":14,"b:62:47:62:70:62:70:62:72":2,"s:64:8:70:Infinity":15,"s:72:31:77:Infinity":16,"f:72:31:72:37":3,"b:73:4:75:Infinity:undefined:undefined:undefined:undefined":3,"s:73:4:75:Infinity":17,"s:74:6:74:Infinity":18,"s:76:4:76:Infinity":19,"s:79:24:86:Infinity":20,"f:79:24:79:25":4,"b:80:4:85:Infinity:82:4:85:Infinity":4,"s:80:4:85:Infinity":21,"s:81:6:81:Infinity":22,"b:82:4:85:Infinity:undefined:undefined:undefined:undefined":5,"s:82:4:85:Infinity":23,"s:83:6:83:Infinity":24,"s:84:6:84:Infinity":25,"s:88:24:94:Infinity":26,"f:88:24:88:30":5,"b:89:4:93:Infinity:undefined:undefined:undefined:undefined":6,"s:89:4:93:Infinity":27,"b:89:8:89:31:89:31:89:45":7,"s:90:6:90:Infinity":28,"s:91:6:91:Infinity":29,"s:92:6:92:Infinity":30,"s:96:26:102:Infinity":31,"f:96:26:96:27":6,"s:97:4:97:Infinity":32,"s:98:19:98:Infinity":33,"f:98:43:98:51":7,"s:98:51:98:78":34,"b:99:4:101:Infinity:undefined:undefined:undefined:undefined":8,"s:99:4:101:Infinity":35,"s:100:6:100:Infinity":36,"s:104:25:138:Infinity":37,"f:104:25:104:26":8,"s:105:29:105:Infinity":38,"b:107:4:107:Infinity:undefined:undefined:undefined:undefined":9,"s:107:4:107:Infinity":39,"s:107:15:107:Infinity":40,"s:109:21:109:Infinity":41,"s:110:19:110:Infinity":42,"s:113:23:115:Infinity":43,"f:113:47:113:48":9,"s:114:6:114:Infinity":44,"f:114:22:114:23":10,"s:114:32:114:52":45,"s:117:19:119:Infinity":46,"f:117:43:117:44":11,"s:118:6:118:Infinity":47,"f:118:22:118:23":12,"s:118:32:118:50":48,"b:122:4:124:Infinity:undefined:undefined:undefined:undefined":10,"s:122:4:124:Infinity":49,"s:123:6:123:Infinity":50,"f:123:41:123:42":13,"s:123:51:123:69":51,"b:126:4:126:Infinity:undefined:undefined:undefined:undefined":11,"s:126:4:126:Infinity":52,"b:126:8:126:23:126:23:126:34":12,"s:126:34:126:Infinity":53,"b:129:4:137:Infinity:undefined:undefined:undefined:undefined":13,"s:129:4:137:Infinity":54,"s:130:25:130:Infinity":55,"f:130:47:130:48":14,"s:130:57:130:77":56,"b:131:6:131:Infinity:undefined:undefined:undefined:undefined":14,"s:131:6:131:Infinity":57,"s:131:23:131:Infinity":58,"s:133:28:133:Infinity":59,"f:133:53:133:54":15,"s:133:63:133:81":60,"s:134:23:134:Infinity":61,"b:134:44:134:60:134:60:134:Infinity":15,"s:136:6:136:Infinity":62,"s:140:24:183:Infinity":63,"f:140:24:140:25":16,"s:141:29:141:Infinity":64,"s:142:4:142:Infinity":65,"s:143:4:143:Infinity":66,"b:145:4:145:Infinity:undefined:undefined:undefined:undefined":16,"s:145:4:145:Infinity":67,"s:145:15:145:Infinity":68,"s:147:21:147:Infinity":69,"s:148:19:148:Infinity":70,"b:150:4:150:Infinity:undefined:undefined:undefined:undefined":17,"s:150:4:150:Infinity":71,"s:150:29:150:Infinity":72,"s:153:23:153:Infinity":73,"f:153:47:153:55":17,"s:153:55:153:75":74,"b:154:4:164:Infinity:undefined:undefined:undefined:undefined":18,"s:154:4:164:Infinity":75,"s:155:23:155:Infinity":76,"f:155:47:155:55":18,"s:155:55:155:73":77,"b:156:6:162:Infinity:undefined:undefined:undefined:undefined":19,"s:156:6:162:Infinity":78,"s:157:26:157:Infinity":79,"s:158:24:158:Infinity":80,"b:159:8:161:Infinity:undefined:undefined:undefined:undefined":20,"s:159:8:161:Infinity":81,"s:160:10:160:Infinity":82,"s:163:6:163:Infinity":83,"s:167:30:169:Infinity":84,"f:167:54:167:55":19,"s:168:6:168:Infinity":85,"f:168:22:168:23":20,"s:168:32:168:52":86,"s:171:28:173:Infinity":87,"f:171:52:171:53":21,"s:172:6:172:Infinity":88,"f:172:22:172:23":22,"s:172:32:172:50":89,"b:175:4:182:Infinity:undefined:undefined:undefined:undefined":21,"s:175:4:182:Infinity":90,"b:175:8:175:29:175:29:175:48:175:48:175:93":22,"s:176:23:176:Infinity":91,"f:176:57:176:58":23,"s:176:67:176:87":92,"s:177:23:177:Infinity":93,"f:177:57:177:58":24,"s:177:67:177:85":94,"b:179:6:181:Infinity:undefined:undefined:undefined:undefined":23,"s:179:6:181:Infinity":95,"s:180:8:180:Infinity":96,"b:188:2:194:Infinity:undefined:undefined:undefined:undefined":24,"s:188:2:194:Infinity":97,"s:189:4:192:Infinity":98,"s:196:21:198:Infinity":99,"f:197:13:197:14":25,"s:197:23:197:33":100,"f:198:10:198:11":26,"s:198:20:198:40":101,"s:200:21:200:Infinity":102,"f:200:45:200:46":27,"s:200:55:200:79":103,"s:202:2:300:Infinity":104,"b:213:12:221:Infinity:223:12:228:Infinity":25,"f:216:24:216:25":28,"s:216:31:216:Infinity":105,"f:225:23:225:29":29,"s:225:29:225:Infinity":106,"f:234:42:234:43":30,"s:234:52:234:59":107,"f:237:36:237:37":31,"s:238:14:240:Infinity":108,"b:247:14:272:Infinity:274:14:282:Infinity":26,"f:251:28:251:29":32,"s:251:35:251:Infinity":109,"f:252:29:252:30":33,"s:252:36:252:Infinity":110,"b:252:36:252:57:252:57:252:Infinity":27,"f:262:29:262:35":34,"s:263:22:263:Infinity":111,"s:264:22:264:Infinity":112,"f:275:25:275:31":35,"s:275:31:275:Infinity":113,"b:289:9:289:Infinity:290:10:292:Infinity":28,"b:294:9:294:Infinity:295:10:297:Infinity":29}}}
,"/Users/salah/projects/task-manager/src/components/BoardSelector.tsx": {"path":"/Users/salah/projects/task-manager/src/components/BoardSelector.tsx","statementMap":{"0":{"start":{"line":6,"column":39},"end":{"line":129,"column":null}},"1":{"start":{"line":7,"column":12},"end":{"line":7,"column":null}},"2":{"start":{"line":8,"column":69},"end":{"line":8,"column":null}},"3":{"start":{"line":9,"column":26},"end":{"line":9,"column":null}},"4":{"start":{"line":10,"column":40},"end":{"line":10,"column":null}},"5":{"start":{"line":11,"column":40},"end":{"line":11,"column":null}},"6":{"start":{"line":12,"column":8},"end":{"line":12,"column":null}},"7":{"start":{"line":14,"column":23},"end":{"line":14,"column":null}},"8":{"start":{"line":14,"column":40},"end":{"line":14,"column":63}},"9":{"start":{"line":16,"column":2},"end":{"line":30,"column":null}},"10":{"start":{"line":17,"column":31},"end":{"line":21,"column":null}},"11":{"start":{"line":18,"column":6},"end":{"line":20,"column":null}},"12":{"start":{"line":19,"column":8},"end":{"line":19,"column":null}},"13":{"start":{"line":23,"column":4},"end":{"line":25,"column":null}},"14":{"start":{"line":24,"column":6},"end":{"line":24,"column":null}},"15":{"start":{"line":27,"column":4},"end":{"line":29,"column":null}},"16":{"start":{"line":28,"column":6},"end":{"line":28,"column":null}},"17":{"start":{"line":32,"column":25},"end":{"line":38,"column":null}},"18":{"start":{"line":33,"column":4},"end":{"line":37,"column":null}},"19":{"start":{"line":34,"column":6},"end":{"line":34,"column":null}},"20":{"start":{"line":35,"column":6},"end":{"line":35,"column":null}},"21":{"start":{"line":36,"column":6},"end":{"line":36,"column":null}},"22":{"start":{"line":40,"column":28},"end":{"line":45,"column":null}},"23":{"start":{"line":41,"column":4},"end":{"line":41,"column":null}},"24":{"start":{"line":42,"column":4},"end":{"line":44,"column":null}},"25":{"start":{"line":43,"column":6},"end":{"line":43,"column":null}},"26":{"start":{"line":47,"column":2},"end":{"line":127,"column":null}},"27":{"start":{"line":50,"column":23},"end":{"line":50,"column":null}},"28":{"start":{"line":63,"column":14},"end":{"line":85,"column":null}},"29":{"start":{"line":69,"column":18},"end":{"line":69,"column":null}},"30":{"start":{"line":70,"column":18},"end":{"line":70,"column":null}},"31":{"start":{"line":78,"column":36},"end":{"line":78,"column":null}},"32":{"start":{"line":94,"column":37},"end":{"line":94,"column":null}},"33":{"start":{"line":96,"column":22},"end":{"line":96,"column":null}},"34":{"start":{"line":96,"column":45},"end":{"line":96,"column":null}},"35":{"start":{"line":97,"column":22},"end":{"line":100,"column":null}},"36":{"start":{"line":98,"column":24},"end":{"line":98,"column":null}},"37":{"start":{"line":99,"column":24},"end":{"line":99,"column":null}},"38":{"start":{"line":116,"column":33},"end":{"line":116,"column":null}}},"fnMap":{"0":{"name":"(anonymous_0)","decl":{"start":{"line":6,"column":39},"end":{"line":6,"column":45}},"loc":{"start":{"line":6,"column":45},"end":{"line":129,"column":null}},"line":6},"1":{"name":"(anonymous_1)","decl":{"start":{"line":14,"column":35},"end":{"line":14,"column":40}},"loc":{"start":{"line":14,"column":40},"end":{"line":14,"column":63}},"line":14},"2":{"name":"(anonymous_2)","decl":{"start":{"line":16,"column":12},"end":{"line":16,"column":18}},"loc":{"start":{"line":16,"column":18},"end":{"line":30,"column":5}},"line":16},"3":{"name":"(anonymous_3)","decl":{"start":{"line":17,"column":31},"end":{"line":17,"column":32}},"loc":{"start":{"line":17,"column":54},"end":{"line":21,"column":null}},"line":17},"4":{"name":"(anonymous_4)","decl":{"start":{"line":27,"column":11},"end":{"line":27,"column":17}},"loc":{"start":{"line":27,"column":17},"end":{"line":29,"column":null}},"line":27},"5":{"name":"(anonymous_5)","decl":{"start":{"line":32,"column":25},"end":{"line":32,"column":31}},"loc":{"start":{"line":32,"column":31},"end":{"line":38,"column":null}},"line":32},"6":{"name":"(anonymous_6)","decl":{"start":{"line":40,"column":28},"end":{"line":40,"column":29}},"loc":{"start":{"line":40,"column":70},"end":{"line":45,"column":null}},"line":40},"7":{"name":"(anonymous_7)","decl":{"start":{"line":50,"column":17},"end":{"line":50,"column":23}},"loc":{"start":{"line":50,"column":23},"end":{"line":50,"column":null}},"line":50},"8":{"name":"(anonymous_8)","decl":{"start":{"line":62,"column":24},"end":{"line":62,"column":25}},"loc":{"start":{"line":63,"column":14},"end":{"line":85,"column":null}},"line":63},"9":{"name":"(anonymous_9)","decl":{"start":{"line":68,"column":25},"end":{"line":68,"column":31}},"loc":{"start":{"line":68,"column":31},"end":{"line":71,"column":null}},"line":68},"10":{"name":"(anonymous_10)","decl":{"start":{"line":78,"column":29},"end":{"line":78,"column":30}},"loc":{"start":{"line":78,"column":36},"end":{"line":78,"column":null}},"line":78},"11":{"name":"(anonymous_11)","decl":{"start":{"line":94,"column":30},"end":{"line":94,"column":31}},"loc":{"start":{"line":94,"column":37},"end":{"line":94,"column":null}},"line":94},"12":{"name":"(anonymous_12)","decl":{"start":{"line":95,"column":31},"end":{"line":95,"column":32}},"loc":{"start":{"line":95,"column":38},"end":{"line":101,"column":null}},"line":95},"13":{"name":"(anonymous_13)","decl":{"start":{"line":116,"column":27},"end":{"line":116,"column":33}},"loc":{"start":{"line":116,"column":33},"end":{"line":116,"column":null}},"line":116}},"branchMap":{"0":{"loc":{"start":{"line":18,"column":6},"end":{"line":20,"column":null}},"type":"if","locations":[{"start":{"line":18,"column":6},"end":{"line":20,"column":null}},{"start":{},"end":{}}],"line":18},"1":{"loc":{"start":{"line":18,"column":10},"end":{"line":18,"column":86}},"type":"binary-expr","locations":[{"start":{"line":18,"column":10},"end":{"line":18,"column":33}},{"start":{"line":18,"column":33},"end":{"line":18,"column":86}}],"line":18},"2":{"loc":{"start":{"line":23,"column":4},"end":{"line":25,"column":null}},"type":"if","locations":[{"start":{"line":23,"column":4},"end":{"line":25,"column":null}},{"start":{},"end":{}}],"line":23},"3":{"loc":{"start":{"line":33,"column":4},"end":{"line":37,"column":null}},"type":"if","locations":[{"start":{"line":33,"column":4},"end":{"line":37,"column":null}},{"start":{},"end":{}}],"line":33},"4":{"loc":{"start":{"line":42,"column":4},"end":{"line":44,"column":null}},"type":"if","locations":[{"start":{"line":42,"column":4},"end":{"line":44,"column":null}},{"start":{},"end":{}}],"line":42},"5":{"loc":{"start":{"line":54,"column":11},"end":{"line":54,"column":null}},"type":"binary-expr","locations":[{"start":{"line":54,"column":11},"end":{"line":54,"column":34}},{"start":{"line":54,"column":34},"end":{"line":54,"column":null}}],"line":54},"6":{"loc":{"start":{"line":59,"column":7},"end":{"line":125,"column":null}},"type":"binary-expr","locations":[{"start":{"line":59,"column":7},"end":{"line":59,"column":null}},{"start":{"line":60,"column":8},"end":{"line":125,"column":null}}],"line":59},"7":{"loc":{"start":{"line":66,"column":18},"end":{"line":66,"column":null}},"type":"cond-expr","locations":[{"start":{"line":66,"column":48},"end":{"line":66,"column":89}},{"start":{"line":66,"column":89},"end":{"line":66,"column":null}}],"line":66},"8":{"loc":{"start":{"line":76,"column":17},"end":{"line":83,"column":null}},"type":"binary-expr","locations":[{"start":{"line":76,"column":17},"end":{"line":76,"column":null}},{"start":{"line":77,"column":18},"end":{"line":83,"column":null}}],"line":76},"9":{"loc":{"start":{"line":89,"column":15},"end":{"line":121,"column":null}},"type":"cond-expr","locations":[{"start":{"line":90,"column":16},"end":{"line":113,"column":null}},{"start":{"line":115,"column":16},"end":{"line":121,"column":null}}],"line":89},"10":{"loc":{"start":{"line":96,"column":22},"end":{"line":96,"column":null}},"type":"if","locations":[{"start":{"line":96,"column":22},"end":{"line":96,"column":null}},{"start":{},"end":{}}],"line":96},"11":{"loc":{"start":{"line":97,"column":22},"end":{"line":100,"column":null}},"type":"if","locations":[{"start":{"line":97,"column":22},"end":{"line":100,"column":null}},{"start":{},"end":{}}],"line":97}},"s":{"0":1,"1":48,"2":48,"3":48,"4":48,"5":48,"6":48,"7":48,"8":47,"9":48,"10":36,"11":1,"12":1,"13":36,"14":15,"15":36,"16":36,"17":48,"18":3,"19":2,"20":2,"21":2,"22":48,"23":2,"24":2,"25":2,"26":48,"27":16,"28":34,"29":2,"30":2,"31":2,"32":4,"33":2,"34":1,"35":2,"36":1,"37":1,"38":5},"f":{"0":48,"1":47,"2":36,"3":1,"4":36,"5":3,"6":2,"7":16,"8":34,"9":2,"10":2,"11":4,"12":2,"13":5},"b":{"0":[1,0],"1":[1,1],"2":[15,21],"3":[2,1],"4":[2,0],"5":[48,1],"6":[48,27],"7":[27,7],"8":[34,14],"9":[9,18],"10":[1,1],"11":[1,1]},"meta":{"lastBranch":12,"lastFunction":14,"lastStatement":39,"seen":{"s:6:39:129:Infinity":0,"f:6:39:6:45":0,"s:7:12:7:Infinity":1,"s:8:69:8:Infinity":2,"s:9:26:9:Infinity":3,"s:10:40:10:Infinity":4,"s:11:40:11:Infinity":5,"s:12:8:12:Infinity":6,"s:14:23:14:Infinity":7,"f:14:35:14:40":1,"s:14:40:14:63":8,"s:16:2:30:Infinity":9,"f:16:12:16:18":2,"s:17:31:21:Infinity":10,"f:17:31:17:32":3,"b:18:6:20:Infinity:undefined:undefined:undefined:undefined":0,"s:18:6:20:Infinity":11,"b:18:10:18:33:18:33:18:86":1,"s:19:8:19:Infinity":12,"b:23:4:25:Infinity:undefined:undefined:undefined:undefined":2,"s:23:4:25:Infinity":13,"s:24:6:24:Infinity":14,"s:27:4:29:Infinity":15,"f:27:11:27:17":4,"s:28:6:28:Infinity":16,"s:32:25:38:Infinity":17,"f:32:25:32:31":5,"b:33:4:37:Infinity:undefined:undefined:undefined:undefined":3,"s:33:4:37:Infinity":18,"s:34:6:34:Infinity":19,"s:35:6:35:Infinity":20,"s:36:6:36:Infinity":21,"s:40:28:45:Infinity":22,"f:40:28:40:29":6,"s:41:4:41:Infinity":23,"b:42:4:44:Infinity:undefined:undefined:undefined:undefined":4,"s:42:4:44:Infinity":24,"s:43:6:43:Infinity":25,"s:47:2:127:Infinity":26,"f:50:17:50:23":7,"s:50:23:50:Infinity":27,"b:54:11:54:34:54:34:54:Infinity":5,"b:59:7:59:Infinity:60:8:125:Infinity":6,"f:62:24:62:25":8,"s:63:14:85:Infinity":28,"b:66:48:66:89:66:89:66:Infinity":7,"f:68:25:68:31":9,"s:69:18:69:Infinity":29,"s:70:18:70:Infinity":30,"b:76:17:76:Infinity:77:18:83:Infinity":8,"f:78:29:78:30":10,"s:78:36:78:Infinity":31,"b:90:16:113:Infinity:115:16:121:Infinity":9,"f:94:30:94:31":11,"s:94:37:94:Infinity":32,"f:95:31:95:32":12,"b:96:22:96:Infinity:undefined:undefined:undefined:undefined":10,"s:96:22:96:Infinity":33,"s:96:45:96:Infinity":34,"b:97:22:100:Infinity:undefined:undefined:undefined:undefined":11,"s:97:22:100:Infinity":35,"s:98:24:98:Infinity":36,"s:99:24:99:Infinity":37,"f:116:27:116:33":13,"s:116:33:116:Infinity":38}}}
,"/Users/salah/projects/task-manager/src/components/FileUpload.tsx": {"path":"/Users/salah/projects/task-manager/src/components/FileUpload.tsx","statementMap":{"0":{"start":{"line":12,"column":53},"end":{"line":82,"column":null}},"1":{"start":{"line":13,"column":12},"end":{"line":13,"column":null}},"2":{"start":{"line":14,"column":24},"end":{"line":14,"column":null}},"3":{"start":{"line":16,"column":8},"end":{"line":33,"column":null}},"4":{"start":{"line":18,"column":6},"end":{"line":29,"column":null}},"5":{"start":{"line":21,"column":20},"end":{"line":21,"column":null}},"6":{"start":{"line":23,"column":8},"end":{"line":28,"column":null}},"7":{"start":{"line":30,"column":6},"end":{"line":30,"column":null}},"8":{"start":{"line":35,"column":52},"end":{"line":38,"column":null}},"9":{"start":{"line":40,"column":2},"end":{"line":80,"column":null}},"10":{"start":{"line":41,"column":47},"end":{"line":41,"column":null}}},"fnMap":{"0":{"name":"(anonymous_0)","decl":{"start":{"line":12,"column":53},"end":{"line":12,"column":54}},"loc":{"start":{"line":12,"column":78},"end":{"line":82,"column":null}},"line":12},"1":{"name":"(anonymous_1)","decl":{"start":{"line":17,"column":4},"end":{"line":17,"column":5}},"loc":{"start":{"line":17,"column":31},"end":{"line":31,"column":null}},"line":17},"2":{"name":"(anonymous_2)","decl":{"start":{"line":18,"column":28},"end":{"line":18,"column":29}},"loc":{"start":{"line":18,"column":38},"end":{"line":29,"column":7}},"line":18},"3":{"name":"(anonymous_3)","decl":{"start":{"line":41,"column":40},"end":{"line":41,"column":41}},"loc":{"start":{"line":41,"column":47},"end":{"line":41,"column":null}},"line":41}},"branchMap":{"0":{"loc":{"start":{"line":58,"column":10},"end":{"line":60,"column":null}},"type":"cond-expr","locations":[{"start":{"line":59,"column":14},"end":{"line":59,"column":null}},{"start":{"line":60,"column":14},"end":{"line":60,"column":null}}],"line":58},"1":{"loc":{"start":{"line":65,"column":9},"end":{"line":77,"column":null}},"type":"cond-expr","locations":[{"start":{"line":66,"column":10},"end":{"line":68,"column":null}},{"start":{"line":70,"column":10},"end":{"line":77,"column":null}}],"line":65}},"s":{"0":1,"1":6,"2":6,"3":6,"4":2,"5":3,"6":3,"7":2,"8":6,"9":6,"10":1},"f":{"0":6,"1":2,"2":3,"3":1},"b":{"0":[1,5],"1":[1,5]},"meta":{"lastBranch":2,"lastFunction":4,"lastStatement":11,"seen":{"s:12:53:82:Infinity":0,"f:12:53:12:54":0,"s:13:12:13:Infinity":1,"s:14:24:14:Infinity":2,"s:16:8:33:Infinity":3,"f:17:4:17:5":1,"s:18:6:29:Infinity":4,"f:18:28:18:29":2,"s:21:20:21:Infinity":5,"s:23:8:28:Infinity":6,"s:30:6:30:Infinity":7,"s:35:52:38:Infinity":8,"s:40:2:80:Infinity":9,"f:41:40:41:41":3,"s:41:47:41:Infinity":10,"b:59:14:59:Infinity:60:14:60:Infinity":0,"b:66:10:68:Infinity:70:10:77:Infinity":1}}}
,"/Users/salah/projects/task-manager/src/components/Header.tsx": {"path":"/Users/salah/projects/task-manager/src/components/Header.tsx","statementMap":{"0":{"start":{"line":6,"column":22},"end":{"line":68,"column":null}},"1":{"start":{"line":7,"column":18},"end":{"line":7,"column":null}},"2":{"start":{"line":8,"column":29},"end":{"line":8,"column":null}},"3":{"start":{"line":10,"column":25},"end":{"line":15,"column":null}},"4":{"start":{"line":11,"column":20},"end":{"line":11,"column":null}},"5":{"start":{"line":12,"column":4},"end":{"line":12,"column":null}},"6":{"start":{"line":13,"column":4},"end":{"line":13,"column":null}},"7":{"start":{"line":14,"column":4},"end":{"line":14,"column":null}},"8":{"start":{"line":17,"column":2},"end":{"line":66,"column":null}}},"fnMap":{"0":{"name":"(anonymous_0)","decl":{"start":{"line":6,"column":22},"end":{"line":6,"column":28}},"loc":{"start":{"line":6,"column":28},"end":{"line":68,"column":null}},"line":6},"1":{"name":"(anonymous_1)","decl":{"start":{"line":10,"column":25},"end":{"line":10,"column":31}},"loc":{"start":{"line":10,"column":31},"end":{"line":15,"column":null}},"line":10}},"branchMap":{"0":{"loc":{"start":{"line":11,"column":20},"end":{"line":11,"column":null}},"type":"cond-expr","locations":[{"start":{"line":11,"column":45},"end":{"line":11,"column":52}},{"start":{"line":11,"column":52},"end":{"line":11,"column":null}}],"line":11},"1":{"loc":{"start":{"line":13,"column":35},"end":{"line":13,"column":null}},"type":"cond-expr","locations":[{"start":{"line":13,"column":54},"end":{"line":13,"column":62}},{"start":{"line":13,"column":62},"end":{"line":13,"column":null}}],"line":13},"2":{"loc":{"start":{"line":57,"column":15},"end":{"line":60,"column":null}},"type":"cond-expr","locations":[{"start":{"line":58,"column":16},"end":{"line":58,"column":null}},{"start":{"line":60,"column":16},"end":{"line":60,"column":null}}],"line":57}},"s":{"0":1,"1":8,"2":8,"3":8,"4":0,"5":0,"6":0,"7":0,"8":8},"f":{"0":8,"1":0},"b":{"0":[0,0],"1":[0,0],"2":[6,2]},"meta":{"lastBranch":3,"lastFunction":2,"lastStatement":9,"seen":{"s:6:22:68:Infinity":0,"f:6:22:6:28":0,"s:7:18:7:Infinity":1,"s:8:29:8:Infinity":2,"s:10:25:15:Infinity":3,"f:10:25:10:31":1,"s:11:20:11:Infinity":4,"b:11:45:11:52:11:52:11:Infinity":0,"s:12:4:12:Infinity":5,"s:13:4:13:Infinity":6,"b:13:54:13:62:13:62:13:Infinity":1,"s:14:4:14:Infinity":7,"s:17:2:66:Infinity":8,"b:58:16:58:Infinity:60:16:60:Infinity":2}}}
,"/Users/salah/projects/task-manager/src/components/RichTextEditor.tsx": {"path":"/Users/salah/projects/task-manager/src/components/RichTextEditor.tsx","statementMap":{"0":{"start":{"line":13,"column":61},"end":{"line":114,"column":null}},"1":{"start":{"line":18,"column":8},"end":{"line":34,"column":null}},"2":{"start":{"line":27,"column":6},"end":{"line":27,"column":null}},"3":{"start":{"line":36,"column":2},"end":{"line":38,"column":null}},"4":{"start":{"line":37,"column":4},"end":{"line":37,"column":null}},"5":{"start":{"line":40,"column":2},"end":{"line":112,"column":null}},"6":{"start":{"line":45,"column":25},"end":{"line":45,"column":null}},"7":{"start":{"line":58,"column":25},"end":{"line":58,"column":null}},"8":{"start":{"line":73,"column":25},"end":{"line":73,"column":null}},"9":{"start":{"line":86,"column":25},"end":{"line":86,"column":null}},"10":{"start":{"line":99,"column":25},"end":{"line":99,"column":null}}},"fnMap":{"0":{"name":"(anonymous_0)","decl":{"start":{"line":13,"column":61},"end":{"line":13,"column":62}},"loc":{"start":{"line":17,"column":6},"end":{"line":114,"column":null}},"line":17},"1":{"name":"(anonymous_1)","decl":{"start":{"line":26,"column":14},"end":{"line":26,"column":15}},"loc":{"start":{"line":26,"column":30},"end":{"line":28,"column":null}},"line":26},"2":{"name":"(anonymous_2)","decl":{"start":{"line":45,"column":19},"end":{"line":45,"column":25}},"loc":{"start":{"line":45,"column":25},"end":{"line":45,"column":null}},"line":45},"3":{"name":"(anonymous_3)","decl":{"start":{"line":58,"column":19},"end":{"line":58,"column":25}},"loc":{"start":{"line":58,"column":25},"end":{"line":58,"column":null}},"line":58},"4":{"name":"(anonymous_4)","decl":{"start":{"line":73,"column":19},"end":{"line":73,"column":25}},"loc":{"start":{"line":73,"column":25},"end":{"line":73,"column":null}},"line":73},"5":{"name":"(anonymous_5)","decl":{"start":{"line":86,"column":19},"end":{"line":86,"column":25}},"loc":{"start":{"line":86,"column":25},"end":{"line":86,"column":null}},"line":86},"6":{"name":"(anonymous_6)","decl":{"start":{"line":99,"column":19},"end":{"line":99,"column":25}},"loc":{"start":{"line":99,"column":25},"end":{"line":99,"column":null}},"line":99}},"branchMap":{"0":{"loc":{"start":{"line":16,"column":2},"end":{"line":16,"column":null}},"type":"default-arg","locations":[{"start":{"line":16,"column":16},"end":{"line":16,"column":null}}],"line":16},"1":{"loc":{"start":{"line":36,"column":2},"end":{"line":38,"column":null}},"type":"if","locations":[{"start":{"line":36,"column":2},"end":{"line":38,"column":null}},{"start":{},"end":{}}],"line":36},"2":{"loc":{"start":{"line":47,"column":12},"end":{"line":49,"column":null}},"type":"cond-expr","locations":[{"start":{"line":48,"column":16},"end":{"line":48,"column":null}},{"start":{"line":49,"column":16},"end":{"line":49,"column":null}}],"line":47},"3":{"loc":{"start":{"line":60,"column":12},"end":{"line":62,"column":null}},"type":"cond-expr","locations":[{"start":{"line":61,"column":16},"end":{"line":61,"column":null}},{"start":{"line":62,"column":16},"end":{"line":62,"column":null}}],"line":60},"4":{"loc":{"start":{"line":75,"column":12},"end":{"line":77,"column":null}},"type":"cond-expr","locations":[{"start":{"line":76,"column":16},"end":{"line":76,"column":null}},{"start":{"line":77,"column":16},"end":{"line":77,"column":null}}],"line":75},"5":{"loc":{"start":{"line":88,"column":12},"end":{"line":90,"column":null}},"type":"cond-expr","locations":[{"start":{"line":89,"column":16},"end":{"line":89,"column":null}},{"start":{"line":90,"column":16},"end":{"line":90,"column":null}}],"line":88},"6":{"loc":{"start":{"line":101,"column":12},"end":{"line":103,"column":null}},"type":"cond-expr","locations":[{"start":{"line":102,"column":16},"end":{"line":102,"column":null}},{"start":{"line":103,"column":16},"end":{"line":103,"column":null}}],"line":101}},"s":{"0":1,"1":20,"2":0,"3":20,"4":1,"5":19,"6":1,"7":1,"8":1,"9":1,"10":1},"f":{"0":20,"1":0,"2":1,"3":1,"4":1,"5":1,"6":1},"b":{"0":[20],"1":[1,19],"2":[1,18],"3":[1,18],"4":[1,18],"5":[1,18],"6":[1,18]},"meta":{"lastBranch":7,"lastFunction":7,"lastStatement":11,"seen":{"s:13:61:114:Infinity":0,"f:13:61:13:62":0,"b:16:16:16:Infinity":0,"s:18:8:34:Infinity":1,"f:26:14:26:15":1,"s:27:6:27:Infinity":2,"b:36:2:38:Infinity:undefined:undefined:undefined:undefined":1,"s:36:2:38:Infinity":3,"s:37:4:37:Infinity":4,"s:40:2:112:Infinity":5,"f:45:19:45:25":2,"s:45:25:45:Infinity":6,"b:48:16:48:Infinity:49:16:49:Infinity":2,"f:58:19:58:25":3,"s:58:25:58:Infinity":7,"b:61:16:61:Infinity:62:16:62:Infinity":3,"f:73:19:73:25":4,"s:73:25:73:Infinity":8,"b:76:16:76:Infinity:77:16:77:Infinity":4,"f:86:19:86:25":5,"s:86:25:86:Infinity":9,"b:89:16:89:Infinity:90:16:90:Infinity":5,"f:99:19:99:25":6,"s:99:25:99:Infinity":10,"b:102:16:102:Infinity:103:16:103:Infinity":6}}}
,"/Users/salah/projects/task-manager/src/components/TaskCard.tsx": {"path":"/Users/salah/projects/task-manager/src/components/TaskCard.tsx","statementMap":{"0":{"start":{"line":17,"column":49},"end":{"line":281,"column":null}},"1":{"start":{"line":18,"column":12},"end":{"line":18,"column":null}},"2":{"start":{"line":19,"column":36},"end":{"line":19,"column":null}},"3":{"start":{"line":20,"column":26},"end":{"line":20,"column":null}},"4":{"start":{"line":21,"column":42},"end":{"line":21,"column":null}},"5":{"start":{"line":23,"column":51},"end":{"line":23,"column":null}},"6":{"start":{"line":32,"column":2},"end":{"line":32,"column":null}},"7":{"start":{"line":34,"column":16},"end":{"line":38,"column":null}},"8":{"start":{"line":42,"column":23},"end":{"line":47,"column":null}},"9":{"start":{"line":43,"column":4},"end":{"line":46,"column":null}},"10":{"start":{"line":44,"column":6},"end":{"line":44,"column":null}},"11":{"start":{"line":45,"column":6},"end":{"line":45,"column":null}},"12":{"start":{"line":49,"column":26},"end":{"line":51,"column":null}},"13":{"start":{"line":50,"column":4},"end":{"line":50,"column":null}},"14":{"start":{"line":50,"column":58},"end":{"line":50,"column":77}},"15":{"start":{"line":53,"column":23},"end":{"line":57,"column":null}},"16":{"start":{"line":54,"column":4},"end":{"line":56,"column":null}},"17":{"start":{"line":55,"column":6},"end":{"line":55,"column":null}},"18":{"start":{"line":59,"column":22},"end":{"line":68,"column":null}},"19":{"start":{"line":60,"column":19},"end":{"line":66,"column":null}},"20":{"start":{"line":67,"column":4},"end":{"line":67,"column":null}},"21":{"start":{"line":70,"column":26},"end":{"line":76,"column":null}},"22":{"start":{"line":71,"column":4},"end":{"line":71,"column":null}},"23":{"start":{"line":71,"column":23},"end":{"line":71,"column":null}},"24":{"start":{"line":72,"column":4},"end":{"line":72,"column":null}},"25":{"start":{"line":72,"column":56},"end":{"line":72,"column":null}},"26":{"start":{"line":73,"column":4},"end":{"line":73,"column":null}},"27":{"start":{"line":73,"column":31},"end":{"line":73,"column":null}},"28":{"start":{"line":74,"column":4},"end":{"line":74,"column":null}},"29":{"start":{"line":74,"column":34},"end":{"line":74,"column":null}},"30":{"start":{"line":75,"column":4},"end":{"line":75,"column":null}},"31":{"start":{"line":78,"column":2},"end":{"line":279,"column":null}},"32":{"start":{"line":97,"column":31},"end":{"line":97,"column":null}},"33":{"start":{"line":118,"column":29},"end":{"line":118,"column":null}},"34":{"start":{"line":127,"column":18},"end":{"line":135,"column":null}},"35":{"start":{"line":130,"column":35},"end":{"line":130,"column":null}},"36":{"start":{"line":144,"column":33},"end":{"line":144,"column":null}},"37":{"start":{"line":161,"column":18},"end":{"line":179,"column":null}},"38":{"start":{"line":173,"column":37},"end":{"line":173,"column":null}},"39":{"start":{"line":190,"column":31},"end":{"line":190,"column":null}},"40":{"start":{"line":194,"column":31},"end":{"line":194,"column":null}},"41":{"start":{"line":210,"column":18},"end":{"line":217,"column":null}},"42":{"start":{"line":275,"column":25},"end":{"line":275,"column":null}}},"fnMap":{"0":{"name":"(anonymous_0)","decl":{"start":{"line":17,"column":49},"end":{"line":17,"column":50}},"loc":{"start":{"line":17,"column":63},"end":{"line":281,"column":null}},"line":17},"1":{"name":"(anonymous_1)","decl":{"start":{"line":42,"column":23},"end":{"line":42,"column":24}},"loc":{"start":{"line":42,"column":69},"end":{"line":47,"column":null}},"line":42},"2":{"name":"(anonymous_2)","decl":{"start":{"line":49,"column":26},"end":{"line":49,"column":27}},"loc":{"start":{"line":49,"column":51},"end":{"line":51,"column":null}},"line":49},"3":{"name":"(anonymous_3)","decl":{"start":{"line":50,"column":49},"end":{"line":50,"column":50}},"loc":{"start":{"line":50,"column":58},"end":{"line":50,"column":77}},"line":50},"4":{"name":"(anonymous_4)","decl":{"start":{"line":53,"column":23},"end":{"line":53,"column":29}},"loc":{"start":{"line":53,"column":29},"end":{"line":57,"column":null}},"line":53},"5":{"name":"(anonymous_5)","decl":{"start":{"line":59,"column":22},"end":{"line":59,"column":23}},"loc":{"start":{"line":59,"column":41},"end":{"line":68,"column":null}},"line":59},"6":{"name":"(anonymous_6)","decl":{"start":{"line":70,"column":26},"end":{"line":70,"column":32}},"loc":{"start":{"line":70,"column":32},"end":{"line":76,"column":null}},"line":70},"7":{"name":"(anonymous_7)","decl":{"start":{"line":97,"column":25},"end":{"line":97,"column":31}},"loc":{"start":{"line":97,"column":31},"end":{"line":97,"column":null}},"line":97},"8":{"name":"(anonymous_8)","decl":{"start":{"line":118,"column":23},"end":{"line":118,"column":29}},"loc":{"start":{"line":118,"column":29},"end":{"line":118,"column":null}},"line":118},"9":{"name":"(anonymous_9)","decl":{"start":{"line":126,"column":31},"end":{"line":126,"column":32}},"loc":{"start":{"line":127,"column":18},"end":{"line":135,"column":null}},"line":127},"10":{"name":"(anonymous_10)","decl":{"start":{"line":130,"column":29},"end":{"line":130,"column":35}},"loc":{"start":{"line":130,"column":35},"end":{"line":130,"column":null}},"line":130},"11":{"name":"(anonymous_11)","decl":{"start":{"line":144,"column":26},"end":{"line":144,"column":27}},"loc":{"start":{"line":144,"column":33},"end":{"line":144,"column":null}},"line":144},"12":{"name":"(anonymous_12)","decl":{"start":{"line":160,"column":38},"end":{"line":160,"column":39}},"loc":{"start":{"line":161,"column":18},"end":{"line":179,"column":null}},"line":161},"13":{"name":"(anonymous_13)","decl":{"start":{"line":173,"column":31},"end":{"line":173,"column":37}},"loc":{"start":{"line":173,"column":37},"end":{"line":173,"column":null}},"line":173},"14":{"name":"(anonymous_14)","decl":{"start":{"line":190,"column":25},"end":{"line":190,"column":31}},"loc":{"start":{"line":190,"column":31},"end":{"line":190,"column":null}},"line":190},"15":{"name":"(anonymous_15)","decl":{"start":{"line":194,"column":25},"end":{"line":194,"column":31}},"loc":{"start":{"line":194,"column":31},"end":{"line":194,"column":null}},"line":194},"16":{"name":"(anonymous_16)","decl":{"start":{"line":209,"column":35},"end":{"line":209,"column":36}},"loc":{"start":{"line":210,"column":18},"end":{"line":217,"column":null}},"line":210},"17":{"name":"(anonymous_17)","decl":{"start":{"line":275,"column":19},"end":{"line":275,"column":25}},"loc":{"start":{"line":275,"column":25},"end":{"line":275,"column":null}},"line":275}},"branchMap":{"0":{"loc":{"start":{"line":37,"column":13},"end":{"line":37,"column":null}},"type":"cond-expr","locations":[{"start":{"line":37,"column":26},"end":{"line":37,"column":32}},{"start":{"line":37,"column":32},"end":{"line":37,"column":null}}],"line":37},"1":{"loc":{"start":{"line":43,"column":4},"end":{"line":46,"column":null}},"type":"if","locations":[{"start":{"line":43,"column":4},"end":{"line":46,"column":null}},{"start":{},"end":{}}],"line":43},"2":{"loc":{"start":{"line":43,"column":8},"end":{"line":43,"column":44}},"type":"binary-expr","locations":[{"start":{"line":43,"column":8},"end":{"line":43,"column":29}},{"start":{"line":43,"column":29},"end":{"line":43,"column":44}}],"line":43},"3":{"loc":{"start":{"line":54,"column":4},"end":{"line":56,"column":null}},"type":"if","locations":[{"start":{"line":54,"column":4},"end":{"line":56,"column":null}},{"start":{},"end":{}}],"line":54},"4":{"loc":{"start":{"line":71,"column":4},"end":{"line":71,"column":null}},"type":"if","locations":[{"start":{"line":71,"column":4},"end":{"line":71,"column":null}},{"start":{},"end":{}}],"line":71},"5":{"loc":{"start":{"line":72,"column":4},"end":{"line":72,"column":null}},"type":"if","locations":[{"start":{"line":72,"column":4},"end":{"line":72,"column":null}},{"start":{},"end":{}}],"line":72},"6":{"loc":{"start":{"line":72,"column":4},"end":{"line":72,"column":56}},"type":"binary-expr","locations":[{"start":{"line":72,"column":4},"end":{"line":72,"column":32}},{"start":{"line":72,"column":32},"end":{"line":72,"column":56}}],"line":72},"7":{"loc":{"start":{"line":73,"column":4},"end":{"line":73,"column":null}},"type":"if","locations":[{"start":{"line":73,"column":4},"end":{"line":73,"column":null}},{"start":{},"end":{}}],"line":73},"8":{"loc":{"start":{"line":74,"column":4},"end":{"line":74,"column":null}},"type":"if","locations":[{"start":{"line":74,"column":4},"end":{"line":74,"column":null}},{"start":{},"end":{}}],"line":74},"9":{"loc":{"start":{"line":87,"column":10},"end":{"line":87,"column":null}},"type":"cond-expr","locations":[{"start":{"line":87,"column":23},"end":{"line":87,"column":38}},{"start":{"line":87,"column":38},"end":{"line":87,"column":null}}],"line":87},"10":{"loc":{"start":{"line":114,"column":11},"end":{"line":119,"column":null}},"type":"binary-expr","locations":[{"start":{"line":114,"column":11},"end":{"line":114,"column":null}},{"start":{"line":115,"column":12},"end":{"line":119,"column":null}}],"line":114},"11":{"loc":{"start":{"line":124,"column":13},"end":{"line":137,"column":null}},"type":"binary-expr","locations":[{"start":{"line":124,"column":13},"end":{"line":124,"column":null}},{"start":{"line":125,"column":14},"end":{"line":137,"column":null}}],"line":124},"12":{"loc":{"start":{"line":153,"column":11},"end":{"line":182,"column":null}},"type":"binary-expr","locations":[{"start":{"line":153,"column":11},"end":{"line":153,"column":null}},{"start":{"line":154,"column":12},"end":{"line":182,"column":null}}],"line":153},"13":{"loc":{"start":{"line":187,"column":13},"end":{"line":200,"column":null}},"type":"cond-expr","locations":[{"start":{"line":188,"column":14},"end":{"line":191,"column":null}},{"start":{"line":193,"column":14},"end":{"line":200,"column":null}}],"line":187},"14":{"loc":{"start":{"line":205,"column":11},"end":{"line":220,"column":null}},"type":"binary-expr","locations":[{"start":{"line":205,"column":11},"end":{"line":205,"column":null}},{"start":{"line":206,"column":12},"end":{"line":220,"column":null}}],"line":205},"15":{"loc":{"start":{"line":224,"column":11},"end":{"line":231,"column":null}},"type":"binary-expr","locations":[{"start":{"line":224,"column":11},"end":{"line":224,"column":null}},{"start":{"line":225,"column":12},"end":{"line":231,"column":null}}],"line":224},"16":{"loc":{"start":{"line":236,"column":13},"end":{"line":244,"column":null}},"type":"binary-expr","locations":[{"start":{"line":236,"column":13},"end":{"line":236,"column":33}},{"start":{"line":236,"column":33},"end":{"line":236,"column":null}},{"start":{"line":237,"column":14},"end":{"line":244,"column":null}}],"line":236},"17":{"loc":{"start":{"line":247,"column":13},"end":{"line":259,"column":null}},"type":"binary-expr","locations":[{"start":{"line":247,"column":13},"end":{"line":247,"column":null}},{"start":{"line":248,"column":14},"end":{"line":259,"column":null}}],"line":247}},"s":{"0":1,"1":56,"2":56,"3":56,"4":56,"5":56,"6":56,"7":56,"8":56,"9":0,"10":0,"11":0,"12":56,"13":0,"14":0,"15":56,"16":2,"17":1,"18":56,"19":92,"20":92,"21":56,"22":49,"23":0,"24":49,"25":1,"26":48,"27":1,"28":47,"29":1,"30":46,"31":56,"32":12,"33":0,"34":92,"35":0,"36":0,"37":46,"38":1,"39":0,"40":0,"41":92,"42":4},"f":{"0":56,"1":0,"2":0,"3":0,"4":2,"5":92,"6":49,"7":12,"8":0,"9":92,"10":0,"11":0,"12":46,"13":1,"14":0,"15":0,"16":92,"17":4},"b":{"0":[1,55],"1":[0,0],"2":[0,0],"3":[1,1],"4":[0,49],"5":[1,48],"6":[49,1],"7":[1,47],"8":[1,46],"9":[1,55],"10":[56,55],"11":[56,46],"12":[56,46],"13":[0,56],"14":[56,46],"15":[56,49],"16":[56,46,46],"17":[56,46]},"meta":{"lastBranch":18,"lastFunction":18,"lastStatement":43,"seen":{"s:17:49:281:Infinity":0,"f:17:49:17:50":0,"s:18:12:18:Infinity":1,"s:19:36:19:Infinity":2,"s:20:26:20:Infinity":3,"s:21:42:21:Infinity":4,"s:23:51:23:Infinity":5,"s:32:2:32:Infinity":6,"s:34:16:38:Infinity":7,"b:37:26:37:32:37:32:37:Infinity":0,"s:42:23:47:Infinity":8,"f:42:23:42:24":1,"b:43:4:46:Infinity:undefined:undefined:undefined:undefined":1,"s:43:4:46:Infinity":9,"b:43:8:43:29:43:29:43:44":2,"s:44:6:44:Infinity":10,"s:45:6:45:Infinity":11,"s:49:26:51:Infinity":12,"f:49:26:49:27":2,"s:50:4:50:Infinity":13,"f:50:49:50:50":3,"s:50:58:50:77":14,"s:53:23:57:Infinity":15,"f:53:23:53:29":4,"b:54:4:56:Infinity:undefined:undefined:undefined:undefined":3,"s:54:4:56:Infinity":16,"s:55:6:55:Infinity":17,"s:59:22:68:Infinity":18,"f:59:22:59:23":5,"s:60:19:66:Infinity":19,"s:67:4:67:Infinity":20,"s:70:26:76:Infinity":21,"f:70:26:70:32":6,"b:71:4:71:Infinity:undefined:undefined:undefined:undefined":4,"s:71:4:71:Infinity":22,"s:71:23:71:Infinity":23,"b:72:4:72:Infinity:undefined:undefined:undefined:undefined":5,"s:72:4:72:Infinity":24,"b:72:4:72:32:72:32:72:56":6,"s:72:56:72:Infinity":25,"b:73:4:73:Infinity:undefined:undefined:undefined:undefined":7,"s:73:4:73:Infinity":26,"s:73:31:73:Infinity":27,"b:74:4:74:Infinity:undefined:undefined:undefined:undefined":8,"s:74:4:74:Infinity":28,"s:74:34:74:Infinity":29,"s:75:4:75:Infinity":30,"s:78:2:279:Infinity":31,"b:87:23:87:38:87:38:87:Infinity":9,"f:97:25:97:31":7,"s:97:31:97:Infinity":32,"b:114:11:114:Infinity:115:12:119:Infinity":10,"f:118:23:118:29":8,"s:118:29:118:Infinity":33,"b:124:13:124:Infinity:125:14:137:Infinity":11,"f:126:31:126:32":9,"s:127:18:135:Infinity":34,"f:130:29:130:35":10,"s:130:35:130:Infinity":35,"f:144:26:144:27":11,"s:144:33:144:Infinity":36,"b:153:11:153:Infinity:154:12:182:Infinity":12,"f:160:38:160:39":12,"s:161:18:179:Infinity":37,"f:173:31:173:37":13,"s:173:37:173:Infinity":38,"b:188:14:191:Infinity:193:14:200:Infinity":13,"f:190:25:190:31":14,"s:190:31:190:Infinity":39,"f:194:25:194:31":15,"s:194:31:194:Infinity":40,"b:205:11:205:Infinity:206:12:220:Infinity":14,"f:209:35:209:36":16,"s:210:18:217:Infinity":41,"b:224:11:224:Infinity:225:12:231:Infinity":15,"b:236:13:236:33:236:33:236:Infinity:237:14:244:Infinity":16,"b:247:13:247:Infinity:248:14:259:Infinity":17,"f:275:19:275:25":17,"s:275:25:275:Infinity":42}}}
,"/Users/salah/projects/task-manager/src/components/TaskEditModal.tsx": {"path":"/Users/salah/projects/task-manager/src/components/TaskEditModal.tsx","statementMap":{"0":{"start":{"line":16,"column":59},"end":{"line":353,"column":null}},"1":{"start":{"line":17,"column":12},"end":{"line":17,"column":null}},"2":{"start":{"line":20,"column":59},"end":{"line":20,"column":null}},"3":{"start":{"line":21,"column":15},"end":{"line":24,"column":null}},"4":{"start":{"line":22,"column":22},"end":{"line":22,"column":33}},"5":{"start":{"line":23,"column":21},"end":{"line":23,"column":31}},"6":{"start":{"line":24,"column":15},"end":{"line":24,"column":30}},"7":{"start":{"line":26,"column":24},"end":{"line":26,"column":null}},"8":{"start":{"line":27,"column":36},"end":{"line":27,"column":null}},"9":{"start":{"line":28,"column":26},"end":{"line":28,"column":null}},"10":{"start":{"line":29,"column":42},"end":{"line":29,"column":null}},"11":{"start":{"line":30,"column":28},"end":{"line":30,"column":null}},"12":{"start":{"line":31,"column":34},"end":{"line":31,"column":null}},"13":{"start":{"line":32,"column":30},"end":{"line":32,"column":null}},"14":{"start":{"line":34,"column":16},"end":{"line":34,"column":null}},"15":{"start":{"line":37,"column":2},"end":{"line":47,"column":null}},"16":{"start":{"line":38,"column":4},"end":{"line":45,"column":null}},"17":{"start":{"line":39,"column":6},"end":{"line":39,"column":null}},"18":{"start":{"line":40,"column":6},"end":{"line":40,"column":null}},"19":{"start":{"line":41,"column":6},"end":{"line":41,"column":null}},"20":{"start":{"line":42,"column":6},"end":{"line":42,"column":null}},"21":{"start":{"line":43,"column":6},"end":{"line":43,"column":null}},"22":{"start":{"line":44,"column":6},"end":{"line":44,"column":null}},"23":{"start":{"line":51,"column":2},"end":{"line":67,"column":null}},"24":{"start":{"line":52,"column":25},"end":{"line":56,"column":null}},"25":{"start":{"line":53,"column":6},"end":{"line":55,"column":null}},"26":{"start":{"line":54,"column":8},"end":{"line":54,"column":null}},"27":{"start":{"line":58,"column":4},"end":{"line":61,"column":null}},"28":{"start":{"line":59,"column":6},"end":{"line":59,"column":null}},"29":{"start":{"line":60,"column":6},"end":{"line":60,"column":null}},"30":{"start":{"line":63,"column":4},"end":{"line":66,"column":null}},"31":{"start":{"line":64,"column":6},"end":{"line":64,"column":null}},"32":{"start":{"line":65,"column":6},"end":{"line":65,"column":null}},"33":{"start":{"line":70,"column":2},"end":{"line":70,"column":null}},"34":{"start":{"line":70,"column":24},"end":{"line":70,"column":null}},"35":{"start":{"line":72,"column":21},"end":{"line":86,"column":null}},"36":{"start":{"line":73,"column":35},"end":{"line":78,"column":null}},"37":{"start":{"line":79,"column":4},"end":{"line":83,"column":null}},"38":{"start":{"line":80,"column":6},"end":{"line":80,"column":null}},"39":{"start":{"line":82,"column":6},"end":{"line":82,"column":null}},"40":{"start":{"line":84,"column":4},"end":{"line":84,"column":null}},"41":{"start":{"line":85,"column":4},"end":{"line":85,"column":null}},"42":{"start":{"line":88,"column":23},"end":{"line":93,"column":null}},"43":{"start":{"line":89,"column":4},"end":{"line":92,"column":null}},"44":{"start":{"line":90,"column":6},"end":{"line":90,"column":null}},"45":{"start":{"line":91,"column":6},"end":{"line":91,"column":null}},"46":{"start":{"line":95,"column":26},"end":{"line":97,"column":null}},"47":{"start":{"line":96,"column":4},"end":{"line":96,"column":null}},"48":{"start":{"line":96,"column":58},"end":{"line":96,"column":77}},"49":{"start":{"line":99,"column":23},"end":{"line":104,"column":null}},"50":{"start":{"line":100,"column":4},"end":{"line":103,"column":null}},"51":{"start":{"line":101,"column":6},"end":{"line":101,"column":null}},"52":{"start":{"line":102,"column":6},"end":{"line":102,"column":null}},"53":{"start":{"line":106,"column":22},"end":{"line":115,"column":null}},"54":{"start":{"line":107,"column":19},"end":{"line":113,"column":null}},"55":{"start":{"line":114,"column":4},"end":{"line":114,"column":null}},"56":{"start":{"line":117,"column":2},"end":{"line":351,"column":null}},"57":{"start":{"line":129,"column":24},"end":{"line":129,"column":null}},"58":{"start":{"line":161,"column":18},"end":{"line":168,"column":null}},"59":{"start":{"line":164,"column":35},"end":{"line":164,"column":null}},"60":{"start":{"line":175,"column":31},"end":{"line":175,"column":null}},"61":{"start":{"line":190,"column":31},"end":{"line":190,"column":null}},"62":{"start":{"line":220,"column":31},"end":{"line":220,"column":null}},"63":{"start":{"line":236,"column":33},"end":{"line":236,"column":null}},"64":{"start":{"line":250,"column":33},"end":{"line":250,"column":null}},"65":{"start":{"line":255,"column":18},"end":{"line":257,"column":null}},"66":{"start":{"line":270,"column":18},"end":{"line":288,"column":null}},"67":{"start":{"line":282,"column":37},"end":{"line":282,"column":null}},"68":{"start":{"line":293,"column":58},"end":{"line":293,"column":84}},"69":{"start":{"line":296,"column":31},"end":{"line":296,"column":null}},"70":{"start":{"line":315,"column":18},"end":{"line":321,"column":null}}},"fnMap":{"0":{"name":"(anonymous_0)","decl":{"start":{"line":16,"column":59},"end":{"line":16,"column":60}},"loc":{"start":{"line":16,"column":92},"end":{"line":353,"column":null}},"line":16},"1":{"name":"(anonymous_1)","decl":{"start":{"line":22,"column":13},"end":{"line":22,"column":22}},"loc":{"start":{"line":22,"column":22},"end":{"line":22,"column":33}},"line":22},"2":{"name":"(anonymous_2)","decl":{"start":{"line":23,"column":13},"end":{"line":23,"column":21}},"loc":{"start":{"line":23,"column":21},"end":{"line":23,"column":31}},"line":23},"3":{"name":"(anonymous_3)","decl":{"start":{"line":24,"column":10},"end":{"line":24,"column":15}},"loc":{"start":{"line":24,"column":15},"end":{"line":24,"column":30}},"line":24},"4":{"name":"(anonymous_4)","decl":{"start":{"line":37,"column":12},"end":{"line":37,"column":18}},"loc":{"start":{"line":37,"column":18},"end":{"line":47,"column":5}},"line":37},"5":{"name":"(anonymous_5)","decl":{"start":{"line":51,"column":12},"end":{"line":51,"column":18}},"loc":{"start":{"line":51,"column":18},"end":{"line":67,"column":5}},"line":51},"6":{"name":"(anonymous_6)","decl":{"start":{"line":52,"column":25},"end":{"line":52,"column":26}},"loc":{"start":{"line":52,"column":47},"end":{"line":56,"column":null}},"line":52},"7":{"name":"(anonymous_7)","decl":{"start":{"line":63,"column":11},"end":{"line":63,"column":17}},"loc":{"start":{"line":63,"column":17},"end":{"line":66,"column":null}},"line":63},"8":{"name":"(anonymous_8)","decl":{"start":{"line":72,"column":21},"end":{"line":72,"column":27}},"loc":{"start":{"line":72,"column":27},"end":{"line":86,"column":null}},"line":72},"9":{"name":"(anonymous_9)","decl":{"start":{"line":88,"column":23},"end":{"line":88,"column":24}},"loc":{"start":{"line":88,"column":69},"end":{"line":93,"column":null}},"line":88},"10":{"name":"(anonymous_10)","decl":{"start":{"line":95,"column":26},"end":{"line":95,"column":27}},"loc":{"start":{"line":95,"column":51},"end":{"line":97,"column":null}},"line":95},"11":{"name":"(anonymous_11)","decl":{"start":{"line":96,"column":49},"end":{"line":96,"column":50}},"loc":{"start":{"line":96,"column":58},"end":{"line":96,"column":77}},"line":96},"12":{"name":"(anonymous_12)","decl":{"start":{"line":99,"column":23},"end":{"line":99,"column":29}},"loc":{"start":{"line":99,"column":29},"end":{"line":104,"column":null}},"line":99},"13":{"name":"(anonymous_13)","decl":{"start":{"line":106,"column":22},"end":{"line":106,"column":23}},"loc":{"start":{"line":106,"column":41},"end":{"line":115,"column":null}},"line":106},"14":{"name":"(anonymous_14)","decl":{"start":{"line":129,"column":17},"end":{"line":129,"column":18}},"loc":{"start":{"line":129,"column":24},"end":{"line":129,"column":null}},"line":129},"15":{"name":"(anonymous_15)","decl":{"start":{"line":160,"column":31},"end":{"line":160,"column":32}},"loc":{"start":{"line":161,"column":18},"end":{"line":168,"column":null}},"line":161},"16":{"name":"(anonymous_16)","decl":{"start":{"line":164,"column":29},"end":{"line":164,"column":35}},"loc":{"start":{"line":164,"column":35},"end":{"line":164,"column":null}},"line":164},"17":{"name":"(anonymous_17)","decl":{"start":{"line":175,"column":24},"end":{"line":175,"column":25}},"loc":{"start":{"line":175,"column":31},"end":{"line":175,"column":null}},"line":175},"18":{"name":"(anonymous_18)","decl":{"start":{"line":190,"column":24},"end":{"line":190,"column":25}},"loc":{"start":{"line":190,"column":31},"end":{"line":190,"column":null}},"line":190},"19":{"name":"(anonymous_19)","decl":{"start":{"line":220,"column":24},"end":{"line":220,"column":25}},"loc":{"start":{"line":220,"column":31},"end":{"line":220,"column":null}},"line":220},"20":{"name":"(anonymous_20)","decl":{"start":{"line":236,"column":26},"end":{"line":236,"column":27}},"loc":{"start":{"line":236,"column":33},"end":{"line":236,"column":null}},"line":236},"21":{"name":"(anonymous_21)","decl":{"start":{"line":250,"column":26},"end":{"line":250,"column":27}},"loc":{"start":{"line":250,"column":33},"end":{"line":250,"column":null}},"line":250},"22":{"name":"(anonymous_22)","decl":{"start":{"line":254,"column":27},"end":{"line":254,"column":28}},"loc":{"start":{"line":255,"column":18},"end":{"line":257,"column":null}},"line":255},"23":{"name":"(anonymous_23)","decl":{"start":{"line":269,"column":38},"end":{"line":269,"column":39}},"loc":{"start":{"line":270,"column":18},"end":{"line":288,"column":null}},"line":270},"24":{"name":"(anonymous_24)","decl":{"start":{"line":282,"column":31},"end":{"line":282,"column":37}},"loc":{"start":{"line":282,"column":37},"end":{"line":282,"column":null}},"line":282},"25":{"name":"(anonymous_25)","decl":{"start":{"line":293,"column":52},"end":{"line":293,"column":58}},"loc":{"start":{"line":293,"column":58},"end":{"line":293,"column":84}},"line":293},"26":{"name":"(anonymous_26)","decl":{"start":{"line":296,"column":25},"end":{"line":296,"column":31}},"loc":{"start":{"line":296,"column":31},"end":{"line":296,"column":null}},"line":296},"27":{"name":"(anonymous_27)","decl":{"start":{"line":314,"column":35},"end":{"line":314,"column":36}},"loc":{"start":{"line":315,"column":18},"end":{"line":321,"column":null}},"line":315}},"branchMap":{"0":{"loc":{"start":{"line":38,"column":4},"end":{"line":45,"column":null}},"type":"if","locations":[{"start":{"line":38,"column":4},"end":{"line":45,"column":null}},{"start":{},"end":{}}],"line":38},"1":{"loc":{"start":{"line":38,"column":8},"end":{"line":38,"column":24}},"type":"binary-expr","locations":[{"start":{"line":38,"column":8},"end":{"line":38,"column":16}},{"start":{"line":38,"column":16},"end":{"line":38,"column":24}}],"line":38},"2":{"loc":{"start":{"line":41,"column":17},"end":{"line":41,"column":71}},"type":"cond-expr","locations":[{"start":{"line":41,"column":22},"end":{"line":41,"column":69}},{"start":{"line":41,"column":69},"end":{"line":41,"column":71}}],"line":41},"3":{"loc":{"start":{"line":42,"column":20},"end":{"line":42,"column":53}},"type":"binary-expr","locations":[{"start":{"line":42,"column":20},"end":{"line":42,"column":51}},{"start":{"line":42,"column":51},"end":{"line":42,"column":53}}],"line":42},"4":{"loc":{"start":{"line":43,"column":18},"end":{"line":43,"column":37}},"type":"binary-expr","locations":[{"start":{"line":43,"column":18},"end":{"line":43,"column":35}},{"start":{"line":43,"column":35},"end":{"line":43,"column":37}}],"line":43},"5":{"loc":{"start":{"line":53,"column":6},"end":{"line":55,"column":null}},"type":"if","locations":[{"start":{"line":53,"column":6},"end":{"line":55,"column":null}},{"start":{},"end":{}}],"line":53},"6":{"loc":{"start":{"line":53,"column":10},"end":{"line":53,"column":49}},"type":"binary-expr","locations":[{"start":{"line":53,"column":10},"end":{"line":53,"column":32}},{"start":{"line":53,"column":32},"end":{"line":53,"column":49}}],"line":53},"7":{"loc":{"start":{"line":58,"column":4},"end":{"line":61,"column":null}},"type":"if","locations":[{"start":{"line":58,"column":4},"end":{"line":61,"column":null}},{"start":{},"end":{}}],"line":58},"8":{"loc":{"start":{"line":70,"column":2},"end":{"line":70,"column":null}},"type":"if","locations":[{"start":{"line":70,"column":2},"end":{"line":70,"column":null}},{"start":{},"end":{}}],"line":70},"9":{"loc":{"start":{"line":70,"column":6},"end":{"line":70,"column":24}},"type":"binary-expr","locations":[{"start":{"line":70,"column":6},"end":{"line":70,"column":17}},{"start":{"line":70,"column":17},"end":{"line":70,"column":24}}],"line":70},"10":{"loc":{"start":{"line":76,"column":18},"end":{"line":76,"column":null}},"type":"cond-expr","locations":[{"start":{"line":76,"column":31},"end":{"line":76,"column":56}},{"start":{"line":76,"column":56},"end":{"line":76,"column":null}}],"line":76},"11":{"loc":{"start":{"line":77,"column":16},"end":{"line":77,"column":null}},"type":"binary-expr","locations":[{"start":{"line":77,"column":16},"end":{"line":77,"column":28}},{"start":{"line":77,"column":28},"end":{"line":77,"column":null}}],"line":77},"12":{"loc":{"start":{"line":79,"column":4},"end":{"line":83,"column":null}},"type":"if","locations":[{"start":{"line":79,"column":4},"end":{"line":83,"column":null}},{"start":{"line":81,"column":11},"end":{"line":83,"column":null}}],"line":79},"13":{"loc":{"start":{"line":89,"column":4},"end":{"line":92,"column":null}},"type":"if","locations":[{"start":{"line":89,"column":4},"end":{"line":92,"column":null}},{"start":{},"end":{}}],"line":89},"14":{"loc":{"start":{"line":89,"column":8},"end":{"line":89,"column":44}},"type":"binary-expr","locations":[{"start":{"line":89,"column":8},"end":{"line":89,"column":29}},{"start":{"line":89,"column":29},"end":{"line":89,"column":44}}],"line":89},"15":{"loc":{"start":{"line":100,"column":4},"end":{"line":103,"column":null}},"type":"if","locations":[{"start":{"line":100,"column":4},"end":{"line":103,"column":null}},{"start":{},"end":{}}],"line":100},"16":{"loc":{"start":{"line":158,"column":13},"end":{"line":170,"column":null}},"type":"binary-expr","locations":[{"start":{"line":158,"column":13},"end":{"line":158,"column":null}},{"start":{"line":159,"column":14},"end":{"line":170,"column":null}}],"line":158},"17":{"loc":{"start":{"line":267,"column":13},"end":{"line":290,"column":null}},"type":"binary-expr","locations":[{"start":{"line":267,"column":13},"end":{"line":267,"column":null}},{"start":{"line":268,"column":14},"end":{"line":290,"column":null}}],"line":267},"18":{"loc":{"start":{"line":292,"column":13},"end":{"line":302,"column":null}},"type":"cond-expr","locations":[{"start":{"line":293,"column":14},"end":{"line":293,"column":null}},{"start":{"line":295,"column":14},"end":{"line":302,"column":null}}],"line":292},"19":{"loc":{"start":{"line":307,"column":11},"end":{"line":324,"column":null}},"type":"binary-expr","locations":[{"start":{"line":307,"column":11},"end":{"line":307,"column":null}},{"start":{"line":308,"column":12},"end":{"line":324,"column":null}}],"line":307}},"s":{"0":1,"1":81,"2":81,"3":81,"4":81,"5":81,"6":81,"7":81,"8":81,"9":81,"10":81,"11":81,"12":81,"13":81,"14":81,"15":81,"16":56,"17":12,"18":12,"19":12,"20":12,"21":12,"22":12,"23":81,"24":59,"25":3,"26":0,"27":59,"28":15,"29":15,"30":59,"31":59,"32":59,"33":81,"34":44,"35":37,"36":3,"37":3,"38":2,"39":1,"40":3,"41":3,"42":37,"43":3,"44":2,"45":2,"46":37,"47":1,"48":2,"49":37,"50":0,"51":0,"52":0,"53":37,"54":74,"55":74,"56":37,"57":9,"58":74,"59":1,"60":3,"61":1,"62":2,"63":1,"64":1,"65":185,"66":37,"67":1,"68":1,"69":2,"70":74},"f":{"0":81,"1":81,"2":81,"3":81,"4":56,"5":59,"6":3,"7":59,"8":3,"9":3,"10":1,"11":2,"12":0,"13":74,"14":9,"15":74,"16":1,"17":3,"18":1,"19":2,"20":1,"21":1,"22":185,"23":37,"24":1,"25":1,"26":2,"27":74},"b":{"0":[12,44],"1":[56,56],"2":[12,0],"3":[12,0],"4":[12,0],"5":[0,3],"6":[3,0],"7":[15,44],"8":[44,37],"9":[81,37],"10":[3,0],"11":[3,0],"12":[2,1],"13":[2,1],"14":[3,3],"15":[0,0],"16":[37,37],"17":[81,37],"18":[2,35],"19":[81,37]},"meta":{"lastBranch":20,"lastFunction":28,"lastStatement":71,"seen":{"s:16:59:353:Infinity":0,"f:16:59:16:60":0,"s:17:12:17:Infinity":1,"s:20:59:20:Infinity":2,"s:21:15:24:Infinity":3,"f:22:13:22:22":1,"s:22:22:22:33":4,"f:23:13:23:21":2,"s:23:21:23:31":5,"f:24:10:24:15":3,"s:24:15:24:30":6,"s:26:24:26:Infinity":7,"s:27:36:27:Infinity":8,"s:28:26:28:Infinity":9,"s:29:42:29:Infinity":10,"s:30:28:30:Infinity":11,"s:31:34:31:Infinity":12,"s:32:30:32:Infinity":13,"s:34:16:34:Infinity":14,"s:37:2:47:Infinity":15,"f:37:12:37:18":4,"b:38:4:45:Infinity:undefined:undefined:undefined:undefined":0,"s:38:4:45:Infinity":16,"b:38:8:38:16:38:16:38:24":1,"s:39:6:39:Infinity":17,"s:40:6:40:Infinity":18,"s:41:6:41:Infinity":19,"b:41:22:41:69:41:69:41:71":2,"s:42:6:42:Infinity":20,"b:42:20:42:51:42:51:42:53":3,"s:43:6:43:Infinity":21,"b:43:18:43:35:43:35:43:37":4,"s:44:6:44:Infinity":22,"s:51:2:67:Infinity":23,"f:51:12:51:18":5,"s:52:25:56:Infinity":24,"f:52:25:52:26":6,"b:53:6:55:Infinity:undefined:undefined:undefined:undefined":5,"s:53:6:55:Infinity":25,"b:53:10:53:32:53:32:53:49":6,"s:54:8:54:Infinity":26,"b:58:4:61:Infinity:undefined:undefined:undefined:undefined":7,"s:58:4:61:Infinity":27,"s:59:6:59:Infinity":28,"s:60:6:60:Infinity":29,"s:63:4:66:Infinity":30,"f:63:11:63:17":7,"s:64:6:64:Infinity":31,"s:65:6:65:Infinity":32,"b:70:2:70:Infinity:undefined:undefined:undefined:undefined":8,"s:70:2:70:Infinity":33,"b:70:6:70:17:70:17:70:24":9,"s:70:24:70:Infinity":34,"s:72:21:86:Infinity":35,"f:72:21:72:27":8,"s:73:35:78:Infinity":36,"b:76:31:76:56:76:56:76:Infinity":10,"b:77:16:77:28:77:28:77:Infinity":11,"b:79:4:83:Infinity:81:11:83:Infinity":12,"s:79:4:83:Infinity":37,"s:80:6:80:Infinity":38,"s:82:6:82:Infinity":39,"s:84:4:84:Infinity":40,"s:85:4:85:Infinity":41,"s:88:23:93:Infinity":42,"f:88:23:88:24":9,"b:89:4:92:Infinity:undefined:undefined:undefined:undefined":13,"s:89:4:92:Infinity":43,"b:89:8:89:29:89:29:89:44":14,"s:90:6:90:Infinity":44,"s:91:6:91:Infinity":45,"s:95:26:97:Infinity":46,"f:95:26:95:27":10,"s:96:4:96:Infinity":47,"f:96:49:96:50":11,"s:96:58:96:77":48,"s:99:23:104:Infinity":49,"f:99:23:99:29":12,"b:100:4:103:Infinity:undefined:undefined:undefined:undefined":15,"s:100:4:103:Infinity":50,"s:101:6:101:Infinity":51,"s:102:6:102:Infinity":52,"s:106:22:115:Infinity":53,"f:106:22:106:23":13,"s:107:19:113:Infinity":54,"s:114:4:114:Infinity":55,"s:117:2:351:Infinity":56,"f:129:17:129:18":14,"s:129:24:129:Infinity":57,"b:158:13:158:Infinity:159:14:170:Infinity":16,"f:160:31:160:32":15,"s:161:18:168:Infinity":58,"f:164:29:164:35":16,"s:164:35:164:Infinity":59,"f:175:24:175:25":17,"s:175:31:175:Infinity":60,"f:190:24:190:25":18,"s:190:31:190:Infinity":61,"f:220:24:220:25":19,"s:220:31:220:Infinity":62,"f:236:26:236:27":20,"s:236:33:236:Infinity":63,"f:250:26:250:27":21,"s:250:33:250:Infinity":64,"f:254:27:254:28":22,"s:255:18:257:Infinity":65,"b:267:13:267:Infinity:268:14:290:Infinity":17,"f:269:38:269:39":23,"s:270:18:288:Infinity":66,"f:282:31:282:37":24,"s:282:37:282:Infinity":67,"b:293:14:293:Infinity:295:14:302:Infinity":18,"f:293:52:293:58":25,"s:293:58:293:84":68,"f:296:25:296:31":26,"s:296:31:296:Infinity":69,"b:307:11:307:Infinity:308:12:324:Infinity":19,"f:314:35:314:36":27,"s:315:18:321:Infinity":70}}}
,"/Users/salah/projects/task-manager/src/components/TaskList.tsx": {"path":"/Users/salah/projects/task-manager/src/components/TaskList.tsx","statementMap":{"0":{"start":{"line":18,"column":49},"end":{"line":133,"column":null}},"1":{"start":{"line":19,"column":12},"end":{"line":19,"column":null}},"2":{"start":{"line":20,"column":38},"end":{"line":20,"column":null}},"3":{"start":{"line":21,"column":38},"end":{"line":21,"column":null}},"4":{"start":{"line":22,"column":30},"end":{"line":22,"column":null}},"5":{"start":{"line":24,"column":30},"end":{"line":24,"column":null}},"6":{"start":{"line":26,"column":21},"end":{"line":26,"column":null}},"7":{"start":{"line":28,"column":24},"end":{"line":34,"column":null}},"8":{"start":{"line":29,"column":4},"end":{"line":33,"column":null}},"9":{"start":{"line":30,"column":6},"end":{"line":30,"column":null}},"10":{"start":{"line":31,"column":6},"end":{"line":31,"column":null}},"11":{"start":{"line":32,"column":6},"end":{"line":32,"column":null}},"12":{"start":{"line":36,"column":27},"end":{"line":41,"column":null}},"13":{"start":{"line":37,"column":4},"end":{"line":39,"column":null}},"14":{"start":{"line":38,"column":6},"end":{"line":38,"column":null}},"15":{"start":{"line":40,"column":4},"end":{"line":40,"column":null}},"16":{"start":{"line":43,"column":2},"end":{"line":131,"column":null}},"17":{"start":{"line":57,"column":29},"end":{"line":57,"column":null}},"18":{"start":{"line":83,"column":44},"end":{"line":83,"column":51}},"19":{"start":{"line":87,"column":14},"end":{"line":89,"column":null}},"20":{"start":{"line":100,"column":31},"end":{"line":100,"column":null}},"21":{"start":{"line":101,"column":32},"end":{"line":101,"column":null}},"22":{"start":{"line":112,"column":18},"end":{"line":112,"column":null}},"23":{"start":{"line":113,"column":18},"end":{"line":113,"column":null}},"24":{"start":{"line":123,"column":27},"end":{"line":123,"column":null}}},"fnMap":{"0":{"name":"(anonymous_0)","decl":{"start":{"line":18,"column":49},"end":{"line":18,"column":50}},"loc":{"start":{"line":18,"column":72},"end":{"line":133,"column":null}},"line":18},"1":{"name":"(anonymous_1)","decl":{"start":{"line":28,"column":24},"end":{"line":28,"column":30}},"loc":{"start":{"line":28,"column":30},"end":{"line":34,"column":null}},"line":28},"2":{"name":"(anonymous_2)","decl":{"start":{"line":36,"column":27},"end":{"line":36,"column":33}},"loc":{"start":{"line":36,"column":33},"end":{"line":41,"column":null}},"line":36},"3":{"name":"(anonymous_3)","decl":{"start":{"line":57,"column":23},"end":{"line":57,"column":29}},"loc":{"start":{"line":57,"column":29},"end":{"line":57,"column":null}},"line":57},"4":{"name":"(anonymous_4)","decl":{"start":{"line":83,"column":34},"end":{"line":83,"column":35}},"loc":{"start":{"line":83,"column":44},"end":{"line":83,"column":51}},"line":83},"5":{"name":"(anonymous_5)","decl":{"start":{"line":86,"column":28},"end":{"line":86,"column":29}},"loc":{"start":{"line":87,"column":14},"end":{"line":89,"column":null}},"line":87},"6":{"name":"(anonymous_6)","decl":{"start":{"line":100,"column":24},"end":{"line":100,"column":25}},"loc":{"start":{"line":100,"column":31},"end":{"line":100,"column":null}},"line":100},"7":{"name":"(anonymous_7)","decl":{"start":{"line":101,"column":25},"end":{"line":101,"column":26}},"loc":{"start":{"line":101,"column":32},"end":{"line":101,"column":null}},"line":101},"8":{"name":"(anonymous_8)","decl":{"start":{"line":111,"column":25},"end":{"line":111,"column":31}},"loc":{"start":{"line":111,"column":31},"end":{"line":114,"column":null}},"line":111},"9":{"name":"(anonymous_9)","decl":{"start":{"line":123,"column":21},"end":{"line":123,"column":27}},"loc":{"start":{"line":123,"column":27},"end":{"line":123,"column":null}},"line":123}},"branchMap":{"0":{"loc":{"start":{"line":29,"column":4},"end":{"line":33,"column":null}},"type":"if","locations":[{"start":{"line":29,"column":4},"end":{"line":33,"column":null}},{"start":{},"end":{}}],"line":29},"1":{"loc":{"start":{"line":37,"column":4},"end":{"line":39,"column":null}},"type":"if","locations":[{"start":{"line":37,"column":4},"end":{"line":39,"column":null}},{"start":{},"end":{}}],"line":37},"2":{"loc":{"start":{"line":63,"column":13},"end":{"line":72,"column":null}},"type":"binary-expr","locations":[{"start":{"line":63,"column":13},"end":{"line":63,"column":null}},{"start":{"line":64,"column":14},"end":{"line":72,"column":null}}],"line":63},"3":{"loc":{"start":{"line":95,"column":9},"end":{"line":128,"column":null}},"type":"cond-expr","locations":[{"start":{"line":96,"column":10},"end":{"line":120,"column":null}},{"start":{"line":122,"column":10},"end":{"line":128,"column":null}}],"line":95},"4":{"loc":{"start":{"line":101,"column":32},"end":{"line":101,"column":null}},"type":"binary-expr","locations":[{"start":{"line":101,"column":32},"end":{"line":101,"column":53}},{"start":{"line":101,"column":53},"end":{"line":101,"column":null}}],"line":101}},"s":{"0":1,"1":43,"2":43,"3":43,"4":43,"5":43,"6":43,"7":43,"8":3,"9":2,"10":2,"11":2,"12":43,"13":3,"14":2,"15":3,"16":43,"17":6,"18":83,"19":83,"20":4,"21":1,"22":2,"23":2,"24":7},"f":{"0":43,"1":3,"2":3,"3":6,"4":83,"5":83,"6":4,"7":1,"8":2,"9":7},"b":{"0":[2,1],"1":[2,1],"2":[43,5],"3":[11,32],"4":[1,1]},"meta":{"lastBranch":5,"lastFunction":10,"lastStatement":25,"seen":{"s:18:49:133:Infinity":0,"f:18:49:18:50":0,"s:19:12:19:Infinity":1,"s:20:38:20:Infinity":2,"s:21:38:21:Infinity":3,"s:22:30:22:Infinity":4,"s:24:30:24:Infinity":5,"s:26:21:26:Infinity":6,"s:28:24:34:Infinity":7,"f:28:24:28:30":1,"b:29:4:33:Infinity:undefined:undefined:undefined:undefined":0,"s:29:4:33:Infinity":8,"s:30:6:30:Infinity":9,"s:31:6:31:Infinity":10,"s:32:6:32:Infinity":11,"s:36:27:41:Infinity":12,"f:36:27:36:33":2,"b:37:4:39:Infinity:undefined:undefined:undefined:undefined":1,"s:37:4:39:Infinity":13,"s:38:6:38:Infinity":14,"s:40:4:40:Infinity":15,"s:43:2:131:Infinity":16,"f:57:23:57:29":3,"s:57:29:57:Infinity":17,"b:63:13:63:Infinity:64:14:72:Infinity":2,"f:83:34:83:35":4,"s:83:44:83:51":18,"f:86:28:86:29":5,"s:87:14:89:Infinity":19,"b:96:10:120:Infinity:122:10:128:Infinity":3,"f:100:24:100:25":6,"s:100:31:100:Infinity":20,"f:101:25:101:26":7,"s:101:32:101:Infinity":21,"b:101:32:101:53:101:53:101:Infinity":4,"f:111:25:111:31":8,"s:112:18:112:Infinity":22,"s:113:18:113:Infinity":23,"f:123:21:123:27":9,"s:123:27:123:Infinity":24}}}
,"/Users/salah/projects/task-manager/src/contexts/ThemeContext.tsx": {"path":"/Users/salah/projects/task-manager/src/contexts/ThemeContext.tsx","statementMap":{"0":{"start":{"line":10,"column":6},"end":{"line":10,"column":null}},"1":{"start":{"line":12,"column":70},"end":{"line":34,"column":null}},"2":{"start":{"line":13,"column":24},"end":{"line":16,"column":null}},"3":{"start":{"line":14,"column":19},"end":{"line":14,"column":null}},"4":{"start":{"line":15,"column":4},"end":{"line":15,"column":null}},"5":{"start":{"line":18,"column":2},"end":{"line":23,"column":null}},"6":{"start":{"line":19,"column":17},"end":{"line":19,"column":null}},"7":{"start":{"line":20,"column":4},"end":{"line":20,"column":null}},"8":{"start":{"line":21,"column":4},"end":{"line":21,"column":null}},"9":{"start":{"line":22,"column":4},"end":{"line":22,"column":null}},"10":{"start":{"line":25,"column":22},"end":{"line":27,"column":null}},"11":{"start":{"line":26,"column":4},"end":{"line":26,"column":null}},"12":{"start":{"line":26,"column":24},"end":{"line":26,"column":60}},"13":{"start":{"line":29,"column":2},"end":{"line":32,"column":null}},"14":{"start":{"line":37,"column":24},"end":{"line":43,"column":null}},"15":{"start":{"line":38,"column":8},"end":{"line":38,"column":null}},"16":{"start":{"line":39,"column":2},"end":{"line":41,"column":null}},"17":{"start":{"line":40,"column":4},"end":{"line":40,"column":null}},"18":{"start":{"line":42,"column":2},"end":{"line":42,"column":null}}},"fnMap":{"0":{"name":"(anonymous_0)","decl":{"start":{"line":12,"column":70},"end":{"line":12,"column":71}},"loc":{"start":{"line":12,"column":88},"end":{"line":34,"column":null}},"line":12},"1":{"name":"(anonymous_1)","decl":{"start":{"line":13,"column":44},"end":{"line":13,"column":50}},"loc":{"start":{"line":13,"column":50},"end":{"line":16,"column":3}},"line":13},"2":{"name":"(anonymous_2)","decl":{"start":{"line":18,"column":12},"end":{"line":18,"column":18}},"loc":{"start":{"line":18,"column":18},"end":{"line":23,"column":5}},"line":18},"3":{"name":"(anonymous_3)","decl":{"start":{"line":25,"column":22},"end":{"line":25,"column":28}},"loc":{"start":{"line":25,"column":28},"end":{"line":27,"column":null}},"line":25},"4":{"name":"(anonymous_4)","decl":{"start":{"line":26,"column":13},"end":{"line":26,"column":14}},"loc":{"start":{"line":26,"column":24},"end":{"line":26,"column":60}},"line":26},"5":{"name":"(anonymous_5)","decl":{"start":{"line":37,"column":24},"end":{"line":37,"column":30}},"loc":{"start":{"line":37,"column":30},"end":{"line":43,"column":null}},"line":37}},"branchMap":{"0":{"loc":{"start":{"line":15,"column":11},"end":{"line":15,"column":null}},"type":"binary-expr","locations":[{"start":{"line":15,"column":11},"end":{"line":15,"column":21}},{"start":{"line":15,"column":21},"end":{"line":15,"column":null}}],"line":15},"1":{"loc":{"start":{"line":26,"column":24},"end":{"line":26,"column":60}},"type":"cond-expr","locations":[{"start":{"line":26,"column":43},"end":{"line":26,"column":52}},{"start":{"line":26,"column":52},"end":{"line":26,"column":60}}],"line":26},"2":{"loc":{"start":{"line":39,"column":2},"end":{"line":41,"column":null}},"type":"if","locations":[{"start":{"line":39,"column":2},"end":{"line":41,"column":null}},{"start":{},"end":{}}],"line":39}},"s":{"0":9,"1":9,"2":143,"3":138,"4":138,"5":143,"6":143,"7":143,"8":143,"9":143,"10":143,"11":5,"12":5,"13":143,"14":9,"15":26,"16":26,"17":4,"18":20},"f":{"0":143,"1":138,"2":143,"3":5,"4":5,"5":26},"b":{"0":[138,15],"1":[4,1],"2":[4,22]},"meta":{"lastBranch":3,"lastFunction":6,"lastStatement":19,"seen":{"s:10:6:10:Infinity":0,"s:12:70:34:Infinity":1,"f:12:70:12:71":0,"s:13:24:16:Infinity":2,"f:13:44:13:50":1,"s:14:19:14:Infinity":3,"s:15:4:15:Infinity":4,"b:15:11:15:21:15:21:15:Infinity":0,"s:18:2:23:Infinity":5,"f:18:12:18:18":2,"s:19:17:19:Infinity":6,"s:20:4:20:Infinity":7,"s:21:4:21:Infinity":8,"s:22:4:22:Infinity":9,"s:25:22:27:Infinity":10,"f:25:22:25:28":3,"s:26:4:26:Infinity":11,"f:26:13:26:14":4,"s:26:24:26:60":12,"b:26:43:26:52:26:52:26:60":1,"s:29:2:32:Infinity":13,"s:37:24:43:Infinity":14,"f:37:24:37:30":5,"s:38:8:38:Infinity":15,"b:39:2:41:Infinity:undefined:undefined:undefined:undefined":2,"s:39:2:41:Infinity":16,"s:40:4:40:Infinity":17,"s:42:2:42:Infinity":18}}}
}
